<?xml version="1.0" encoding="utf-8"?>
<TestRun id="501576e7-b342-4428-a2d6-e1f45162e535" name="gutes@DESKTOP-N8P4M4D 2026-08-24 02:45:23" runUser="DESKTOP-N8P4M4D\gutes" xmlns="http://microsoft.com/schemas/VisualStudio/TeamTest/2010">
  <Times creation="2026-08-24T02:45:23.0480517-03:00" queuing="2026-08-24T02:45:23.0480520-03:00" start="2026-08-24T02:45:21.2376806-03:00" finish="2026-08-24T02:45:23.8762917-03:00" />
  <TestSettings name="default" id="a86de206-b7bf-482d-b6e2-e43b0fd76e89">
    <Deployment runDeploymentRoot="gutes_DESKTOP-N8P4M4D_2026-08-24_02_45_23" />
  </TestSettings>
  <Results>
    <UnitTestResult executionId="18279574-81dd-4bdc-9b41-8de114fa832c" testId="1e2a9517-2a21-8977-ab51-39e015e8bdb0" testName="Deve_SelecionarSomenteContasFechadas" computerName="DESKTOP-N8P4M4D" duration="00:00:00.0016991" startTime="2026-08-24T02:45:23.6097395-03:00" endTime="2026-08-24T02:45:23.6115033-03:00" testType="13cdc9d9-ddb5-4fa4-a97d-d965ccfc6d4b" outcome="Passed" testListId="8c84fa94-04c1-424b-9868-57a2d4851a1d" relativeResultsDirectory="18279574-81dd-4bdc-9b41-8de114fa832c" />
    <UnitTestResult executionId="e095bbd1-cbde-4b0c-ba1f-9649e6cfc023" testId="1e52cc25-a727-84fa-86bc-f706ceea6f36" testName="Deve_RejeitarCadastro_ComNomeInvalido (&quot;   &quot;)" computerName="DESKTOP-N8P4M4D" duration="00:00:00.0005390" startTime="2026-08-24T02:45:23.5811839-03:00" endTime="2026-08-24T02:45:23.5817937-03:00" testType="13cdc9d9-ddb5-4fa4-a97d-d965ccfc6d4b" outcome="Passed" testListId="8c84fa94-04c1-424b-9868-57a2d4851a1d" relativeResultsDirectory="e095bbd1-cbde-4b0c-ba1f-9649e6cfc023" />
    <UnitTestResult executionId="322d071d-86a0-43cb-ab76-3015ddd3168d" testId="1559c6f8-bae3-8352-b58a-b8a3a848e8a6" testName="Deve_RejeitarEdicao_ComNomeDuplicado" computerName="DESKTOP-N8P4M4D" duration="00:00:00.0020072" startTime="2026-08-24T02:45:23.5154719-03:00" endTime="2026-08-24T02:45:23.5175498-03:00" testType="13cdc9d9-ddb5-4fa4-a97d-d965ccfc6d4b" outcome="Passed" testListId="8c84fa94-04c1-424b-9868-57a2d4851a1d" relativeResultsDirectory="322d071d-86a0-43cb-ab76-3015ddd3168d" />
    <UnitTestResult executionId="dcc4a279-c97d-4c9f-9f4f-ed651bdbb773" testId="1ce07cee-f724-8bc0-9e60-0ed358ebbdc7" testName="Deve_RejeitarAdicao_QuandoContaNaoExistir" computerName="DESKTOP-N8P4M4D" duration="00:00:00.0039705" startTime="2026-08-24T02:45:23.5370516-03:00" endTime="2026-08-24T02:45:23.5410821-03:00" testType="13cdc9d9-ddb5-4fa4-a97d-d965ccfc6d4b" outcome="Passed" testListId="8c84fa94-04c1-424b-9868-57a2d4851a1d" relativeResultsDirectory="dcc4a279-c97d-4c9f-9f4f-ed651bdbb773" />
    <UnitTestResult executionId="532a3930-5f6e-4b70-811e-7aa2218bda0b" testId="157a9615-d496-821d-b3f1-f801e8ff3077" testName="Deve_RetornarZero_QuandoNaoHouverContasFechadasNaData" computerName="DESKTOP-N8P4M4D" duration="00:00:00.0051204" startTime="2026-08-24T02:45:23.5902931-03:00" endTime="2026-08-24T02:45:23.5955440-03:00" testType="13cdc9d9-ddb5-4fa4-a97d-d965ccfc6d4b" outcome="Passed" testListId="8c84fa94-04c1-424b-9868-57a2d4851a1d" relativeResultsDirectory="532a3930-5f6e-4b70-811e-7aa2218bda0b" />
    <UnitTestResult executionId="d6c69091-4f92-4656-b601-cdbe8c7c55a4" testId="1ea4b1dd-0b56-8503-bd58-b55aa6891790" testName="Deve_SelecionarPorId" computerName="DESKTOP-N8P4M4D" duration="00:00:00.0014440" startTime="2026-08-24T02:45:23.5292559-03:00" endTime="2026-08-24T02:45:23.5307383-03:00" testType="13cdc9d9-ddb5-4fa4-a97d-d965ccfc6d4b" outcome="Passed" testListId="8c84fa94-04c1-424b-9868-57a2d4851a1d" relativeResultsDirectory="d6c69091-4f92-4656-b601-cdbe8c7c55a4" />
    <UnitTestResult executionId="cf2c7125-1e3a-4bf1-90cf-3efc45c56cdb" testId="159e8fc7-5bbd-837b-8e87-76114240084b" testName="Deve_RejeitarEdicao_ComDadosInvalidos (1,0,&quot;O campo &quot;Lugares&quot; deve ser maior que zero.&quot;)" computerName="DESKTOP-N8P4M4D" duration="00:00:00.0005459" startTime="2026-08-24T02:45:23.5628747-03:00" endTime="2026-08-24T02:45:23.5634812-03:00" testType="13cdc9d9-ddb5-4fa4-a97d-d965ccfc6d4b" outcome="Passed" testListId="8c84fa94-04c1-424b-9868-57a2d4851a1d" relativeResultsDirectory="cf2c7125-1e3a-4bf1-90cf-3efc45c56cdb" />
    <UnitTestResult executionId="4ecae2ad-ffa4-45b3-9cca-2352b82a0047" testId="10a2537d-f81d-8cec-a75e-a04a75e2f709" testName="Deve_RejeitarSelecao_DeMesaInexistente" computerName="DESKTOP-N8P4M4D" duration="00:00:00.0009321" startTime="2026-08-24T02:45:23.5714374-03:00" endTime="2026-08-24T02:45:23.5724198-03:00" testType="13cdc9d9-ddb5-4fa4-a97d-d965ccfc6d4b" outcome="Passed" testListId="8c84fa94-04c1-424b-9868-57a2d4851a1d" relativeResultsDirectory="4ecae2ad-ffa4-45b3-9cca-2352b82a0047" />
    <UnitTestResult executionId="4b9bb73b-06bc-49c2-bf90-4d6e87b683ae" testId="19e2d12d-1798-82f4-a0e7-1dfecba354d3" testName="Deve_RetornarTodos_QuandoBuscaForVazia" computerName="DESKTOP-N8P4M4D" duration="00:00:00.0002853" startTime="2026-08-24T02:45:23.5287755-03:00" endTime="2026-08-24T02:45:23.5291016-03:00" testType="13cdc9d9-ddb5-4fa4-a97d-d965ccfc6d4b" outcome="Passed" testListId="8c84fa94-04c1-424b-9868-57a2d4851a1d" relativeResultsDirectory="4b9bb73b-06bc-49c2-bf90-4d6e87b683ae" />
    <UnitTestResult executionId="f013749f-315d-4a66-90d0-6b525c55765d" testId="13bb1af9-4949-8cff-a4cb-b16083702eed" testName="Deve_RejeitarCadastro_ComNomeInvalido (&quot;&quot;)" computerName="DESKTOP-N8P4M4D" duration="00:00:00.0021158" startTime="2026-08-24T02:45:23.5774599-03:00" endTime="2026-08-24T02:45:23.5796320-03:00" testType="13cdc9d9-ddb5-4fa4-a97d-d965ccfc6d4b" outcome="Passed" testListId="8c84fa94-04c1-424b-9868-57a2d4851a1d" relativeResultsDirectory="f013749f-315d-4a66-90d0-6b525c55765d" />
    <UnitTestResult executionId="a51dd06d-f184-46d9-85d7-42f0197bb19e" testId="16685ab0-0378-80a8-b8c1-e749389237e3" testName="Deve_TrimNomeAoAtualizar" computerName="DESKTOP-N8P4M4D" duration="00:00:00.0001061" startTime="2026-08-24T02:45:22.9801846-03:00" endTime="2026-08-24T02:45:22.9809086-03:00" testType="13cdc9d9-ddb5-4fa4-a97d-d965ccfc6d4b" outcome="Passed" testListId="8c84fa94-04c1-424b-9868-57a2d4851a1d" relativeResultsDirectory="a51dd06d-f184-46d9-85d7-42f0197bb19e" />
    <UnitTestResult executionId="20769c63-aaac-4693-89e8-4eb53b9ba18c" testId="1badf877-5203-803e-8a77-733873b3094a" testName="Deve_RejeitarCadastro_ComNomeDuplicado (&quot;MARCOS&quot;)" computerName="DESKTOP-N8P4M4D" duration="00:00:00.0024652" startTime="2026-08-24T02:45:23.5770889-03:00" endTime="2026-08-24T02:45:23.5796322-03:00" testType="13cdc9d9-ddb5-4fa4-a97d-d965ccfc6d4b" outcome="Passed" testListId="8c84fa94-04c1-424b-9868-57a2d4851a1d" relativeResultsDirectory="20769c63-aaac-4693-89e8-4eb53b9ba18c" />
    <UnitTestResult executionId="e8d30b9a-1234-40e0-9fbe-3154630e49bc" testId="10a77f60-9bc1-80b0-91c9-2366c954db25" testName="Deve_RejeitarExclusao_DeMesaInexistente" computerName="DESKTOP-N8P4M4D" duration="00:00:00.0010002" startTime="2026-08-24T02:45:23.5640967-03:00" endTime="2026-08-24T02:45:23.5651393-03:00" testType="13cdc9d9-ddb5-4fa4-a97d-d965ccfc6d4b" outcome="Passed" testListId="8c84fa94-04c1-424b-9868-57a2d4851a1d" relativeResultsDirectory="e8d30b9a-1234-40e0-9fbe-3154630e49bc" />
    <UnitTestResult executionId="7af8663d-5a2c-4390-b9f5-62668e2331e4" testId="1ba7d4b0-d712-840c-8d03-a7a2689cd0e4" testName="Deve_RejeitarPedido_ComQuantidadeNegativa" computerName="DESKTOP-N8P4M4D" duration="00:00:00.0000815" startTime="2026-08-24T02:45:23.5347389-03:00" endTime="2026-08-24T02:45:23.5348554-03:00" testType="13cdc9d9-ddb5-4fa4-a97d-d965ccfc6d4b" outcome="Passed" testListId="8c84fa94-04c1-424b-9868-57a2d4851a1d" relativeResultsDirectory="7af8663d-5a2c-4390-b9f5-62668e2331e4" />
    <UnitTestResult executionId="ba5ee6af-1369-4893-b775-c276681946c3" testId="132b5452-e6b9-84e4-bcc6-3a3678a2ef31" testName="Deve_RetornarListaVazia_QuandoNaoHouverMesas" computerName="DESKTOP-N8P4M4D" duration="00:00:00.0005539" startTime="2026-08-24T02:45:23.5697871-03:00" endTime="2026-08-24T02:45:23.5704214-03:00" testType="13cdc9d9-ddb5-4fa4-a97d-d965ccfc6d4b" outcome="Passed" testListId="8c84fa94-04c1-424b-9868-57a2d4851a1d" relativeResultsDirectory="ba5ee6af-1369-4893-b775-c276681946c3" />
    <UnitTestResult executionId="b551ec76-8a08-44a6-bdd0-51ecc07238b1" testId="1599fa00-88cb-8924-80f7-a1b03a1d6bab" testName="Deve_RejeitarAdicao_ComQuantidadeZero" computerName="DESKTOP-N8P4M4D" duration="00:00:00.0015527" startTime="2026-08-24T02:45:23.5423280-03:00" endTime="2026-08-24T02:45:23.5439586-03:00" testType="13cdc9d9-ddb5-4fa4-a97d-d965ccfc6d4b" outcome="Passed" testListId="8c84fa94-04c1-424b-9868-57a2d4851a1d" relativeResultsDirectory="b551ec76-8a08-44a6-bdd0-51ecc07238b1" />
    <UnitTestResult executionId="186c781d-787e-4e54-b6a5-a5eebdcf04a5" testId="178f3ccf-3931-84ef-b696-e2e38d015b4a" testName="Deve_RejeitarPedido_ComNomeProdutoVazio" computerName="DESKTOP-N8P4M4D" duration="00:00:00.0001313" startTime="2026-08-24T02:45:23.5329122-03:00" endTime="2026-08-24T02:45:23.5330928-03:00" testType="13cdc9d9-ddb5-4fa4-a97d-d965ccfc6d4b" outcome="Passed" testListId="8c84fa94-04c1-424b-9868-57a2d4851a1d" relativeResultsDirectory="186c781d-787e-4e54-b6a5-a5eebdcf04a5" />
    <UnitTestResult executionId="e9f68180-8789-434e-ad0c-9e8660923c98" testId="127f0ed4-a189-81a7-a986-877aee6d9aa2" testName="Deve_EditarProduto_ComDadosValidos" computerName="DESKTOP-N8P4M4D" duration="00:00:00.0059343" startTime="2026-08-24T02:45:23.5132564-03:00" endTime="2026-08-24T02:45:23.5192323-03:00" testType="13cdc9d9-ddb5-4fa4-a97d-d965ccfc6d4b" outcome="Passed" testListId="8c84fa94-04c1-424b-9868-57a2d4851a1d" relativeResultsDirectory="e9f68180-8789-434e-ad0c-9e8660923c98" />
    <UnitTestResult executionId="1844ec10-69d6-46cb-90b8-548e7eccf609" testId="158655e8-30a4-8886-8d0c-3d5bb95e8ad8" testName="Deve_BuscarProduto_PorNome" computerName="DESKTOP-N8P4M4D" duration="00:00:00.0011847" startTime="2026-08-24T02:45:23.5283341-03:00" endTime="2026-08-24T02:45:23.5295896-03:00" testType="13cdc9d9-ddb5-4fa4-a97d-d965ccfc6d4b" outcome="Passed" testListId="8c84fa94-04c1-424b-9868-57a2d4851a1d" relativeResultsDirectory="1844ec10-69d6-46cb-90b8-548e7eccf609" />
    <UnitTestResult executionId="8272d4f2-9812-48e1-9fd3-54d280a2d262" testId="12ba124f-c869-8b90-93c4-bf1948161b16" testName="Deve_CalcularTotal_ComUmPedido" computerName="DESKTOP-N8P4M4D" duration="00:00:00.0007127" startTime="2026-08-24T02:45:23.5487856-03:00" endTime="2026-08-24T02:45:23.5495434-03:00" testType="13cdc9d9-ddb5-4fa4-a97d-d965ccfc6d4b" outcome="Passed" testListId="8c84fa94-04c1-424b-9868-57a2d4851a1d" relativeResultsDirectory="8272d4f2-9812-48e1-9fd3-54d280a2d262" />
    <UnitTestResult executionId="4aafecdb-f7a3-4516-b27f-a4886155c979" testId="12626c73-7fa9-8872-9098-5d2ee8d89667" testName="Deve_CadastrarGarcom_ComDadosValidos" computerName="DESKTOP-N8P4M4D" duration="00:00:00.0045224" startTime="2026-08-24T02:45:23.5753269-03:00" endTime="2026-08-24T02:45:23.5799375-03:00" testType="13cdc9d9-ddb5-4fa4-a97d-d965ccfc6d4b" outcome="Passed" testListId="8c84fa94-04c1-424b-9868-57a2d4851a1d" relativeResultsDirectory="4aafecdb-f7a3-4516-b27f-a4886155c979" />
    <UnitTestResult executionId="9895f805-8778-46d8-a4cb-91819d71e3d8" testId="102476ad-cf68-8506-94b8-a2afeb2a2ef4" testName="Deve_RejeitarProduto_ComPrecoZero" computerName="DESKTOP-N8P4M4D" duration="00:00:00.0001151" startTime="2026-08-24T02:45:22.9784100-03:00" endTime="2026-08-24T02:45:22.9786448-03:00" testType="13cdc9d9-ddb5-4fa4-a97d-d965ccfc6d4b" outcome="Passed" testListId="8c84fa94-04c1-424b-9868-57a2d4851a1d" relativeResultsDirectory="9895f805-8778-46d8-a4cb-91819d71e3d8" />
    <UnitTestResult executionId="51eb1a95-8d08-46af-8186-4011d32dcd38" testId="12cb0d27-637d-8056-bcfe-607950dbb6ec" testName="Deve_RetornarListaVazia_QuandoNaoHouverGarcons" computerName="DESKTOP-N8P4M4D" duration="00:00:00.0003976" startTime="2026-08-24T02:45:23.5885195-03:00" endTime="2026-08-24T02:45:23.5889597-03:00" testType="13cdc9d9-ddb5-4fa4-a97d-d965ccfc6d4b" outcome="Passed" testListId="8c84fa94-04c1-424b-9868-57a2d4851a1d" relativeResultsDirectory="51eb1a95-8d08-46af-8186-4011d32dcd38" />
    <UnitTestResult executionId="e855260b-2476-43f1-b2c0-0086855cdbe5" testId="1c8f8456-f143-8bbf-b328-0cc2ae40f1e0" testName="Deve_RemoverEspacosExternos_AoCriarGarcom" computerName="DESKTOP-N8P4M4D" duration="00:00:00.0002494" startTime="2026-08-24T02:45:23.5727507-03:00" endTime="2026-08-24T02:45:23.5730376-03:00" testType="13cdc9d9-ddb5-4fa4-a97d-d965ccfc6d4b" outcome="Passed" testListId="8c84fa94-04c1-424b-9868-57a2d4851a1d" relativeResultsDirectory="e855260b-2476-43f1-b2c0-0086855cdbe5" />
    <UnitTestResult executionId="c70c5f83-ad46-421c-8fc2-e97654eb4655" testId="12554735-0c84-85bf-9d6e-25a46a9eae5d" testName="Deve_UsarPrecoPraticadoDoPedido" computerName="DESKTOP-N8P4M4D" duration="00:00:00.0002736" startTime="2026-08-24T02:45:23.5994175-03:00" endTime="2026-08-24T02:45:23.5997288-03:00" testType="13cdc9d9-ddb5-4fa4-a97d-d965ccfc6d4b" outcome="Passed" testListId="8c84fa94-04c1-424b-9868-57a2d4851a1d" relativeResultsDirectory="c70c5f83-ad46-421c-8fc2-e97654eb4655" />
    <UnitTestResult executionId="bc4ce1c9-862f-48a1-b006-abccda8ef6c7" testId="1bf30f36-b940-839a-a472-4e77b5f4795c" testName="Deve_SelecionarTodasAsMesas" computerName="DESKTOP-N8P4M4D" duration="00:00:00.0047605" startTime="2026-08-24T02:45:23.5658691-03:00" endTime="2026-08-24T02:45:23.5706748-03:00" testType="13cdc9d9-ddb5-4fa4-a97d-d965ccfc6d4b" outcome="Passed" testListId="8c84fa94-04c1-424b-9868-57a2d4851a1d" relativeResultsDirectory="bc4ce1c9-862f-48a1-b006-abccda8ef6c7" />
    <UnitTestResult executionId="13fec6ac-1b72-4955-bed1-77e204f6c3e1" testId="1e4968f9-c99b-81c5-8ab1-7225219fdac8" testName="Deve_CadastrarProduto_ComDadosValidos" computerName="DESKTOP-N8P4M4D" duration="00:00:00.5327718" startTime="2026-08-24T02:45:22.9803956-03:00" endTime="2026-08-24T02:45:23.5132756-03:00" testType="13cdc9d9-ddb5-4fa4-a97d-d965ccfc6d4b" outcome="Passed" testListId="8c84fa94-04c1-424b-9868-57a2d4851a1d" relativeResultsDirectory="13fec6ac-1b72-4955-bed1-77e204f6c3e1" />
    <UnitTestResult executionId="2b3941fe-728d-4626-9a3c-aee2f60c02cb" testId="13ff7182-2434-8627-8ec5-4a23759d3d94" testName="Deve_RejeitarFechamento_DeContaJaFechada" computerName="DESKTOP-N8P4M4D" duration="00:00:00.0007857" startTime="2026-08-24T02:45:23.6066184-03:00" endTime="2026-08-24T02:45:23.6074588-03:00" testType="13cdc9d9-ddb5-4fa4-a97d-d965ccfc6d4b" outcome="Passed" testListId="8c84fa94-04c1-424b-9868-57a2d4851a1d" relativeResultsDirectory="2b3941fe-728d-4626-9a3c-aee2f60c02cb" />
    <UnitTestResult executionId="4eb92ac7-7323-4e3b-a6d2-f92bffc97d7c" testId="1244f0d3-6cf3-832c-8c1d-d46fe8c633fe" testName="Deve_RejeitarPedido_ComQuantidadeZero" computerName="DESKTOP-N8P4M4D" duration="00:00:00.0000839" startTime="2026-08-24T02:45:23.5335852-03:00" endTime="2026-08-24T02:45:23.5337035-03:00" testType="13cdc9d9-ddb5-4fa4-a97d-d965ccfc6d4b" outcome="Passed" testListId="8c84fa94-04c1-424b-9868-57a2d4851a1d" relativeResultsDirectory="4eb92ac7-7323-4e3b-a6d2-f92bffc97d7c" />
    <UnitTestResult executionId="bdac59e2-9249-4507-b3af-018c38d417bc" testId="185bc20a-9cb1-8799-94e4-e90a3c72b96d" testName="Deve_RejeitarCadastro_ComNomeDuplicado (&quot;Marcos&quot;)" computerName="DESKTOP-N8P4M4D" duration="00:00:00.0033873" startTime="2026-08-24T02:45:23.5761768-03:00" endTime="2026-08-24T02:45:23.5796319-03:00" testType="13cdc9d9-ddb5-4fa4-a97d-d965ccfc6d4b" outcome="Passed" testListId="8c84fa94-04c1-424b-9868-57a2d4851a1d" relativeResultsDirectory="bdac59e2-9249-4507-b3af-018c38d417bc" />
    <UnitTestResult executionId="ec2b33a3-361f-4e35-b7e2-370f3a98ad3b" testId="157bd197-96b9-88e0-bfe8-0e6b82fd1a0e" testName="Deve_RejeitarCadastro_ComDadosInvalidos (1,0,&quot;O campo &quot;Lugares&quot; deve ser maior que zero.&quot;)" computerName="DESKTOP-N8P4M4D" duration="00:00:00.0022009" startTime="2026-08-24T02:45:23.5555476-03:00" endTime="2026-08-24T02:45:23.5586978-03:00" testType="13cdc9d9-ddb5-4fa4-a97d-d965ccfc6d4b" outcome="Passed" testListId="8c84fa94-04c1-424b-9868-57a2d4851a1d" relativeResultsDirectory="ec2b33a3-361f-4e35-b7e2-370f3a98ad3b" />
    <UnitTestResult executionId="bf6706f9-1263-4667-a37e-53b96d93493c" testId="106cef5a-44d1-8945-b6bb-bdd6d0550141" testName="Deve_RejeitarAbertura_ComMesaInexistente" computerName="DESKTOP-N8P4M4D" duration="00:00:00.0017515" startTime="2026-08-24T02:45:23.6030479-03:00" endTime="2026-08-24T02:45:23.6048447-03:00" testType="13cdc9d9-ddb5-4fa4-a97d-d965ccfc6d4b" outcome="Passed" testListId="8c84fa94-04c1-424b-9868-57a2d4851a1d" relativeResultsDirectory="bf6706f9-1263-4667-a37e-53b96d93493c" />
    <UnitTestResult executionId="d8b3d810-5183-4a51-b429-7596df93e427" testId="1d1e6ec2-1867-86e2-ab4d-a108bf351019" testName="Deve_CalcularTotal_ComMultiplosPedidos" computerName="DESKTOP-N8P4M4D" duration="00:00:00.0004783" startTime="2026-08-24T02:45:23.5490103-03:00" endTime="2026-08-24T02:45:23.5495552-03:00" testType="13cdc9d9-ddb5-4fa4-a97d-d965ccfc6d4b" outcome="Passed" testListId="8c84fa94-04c1-424b-9868-57a2d4851a1d" relativeResultsDirectory="d8b3d810-5183-4a51-b429-7596df93e427" />
    <UnitTestResult executionId="e30fd3cd-bda0-41dd-94ba-0e678d974916" testId="10e3dd7d-f2e5-8126-b588-ed1452e51f82" testName="Deve_RejeitarCadastro_ComDadosInvalidos (0,4,&quot;O campo &quot;Número&quot; deve ser maior que zero.&quot;)" computerName="DESKTOP-N8P4M4D" duration="00:00:00.0022001" startTime="2026-08-24T02:45:23.5550207-03:00" endTime="2026-08-24T02:45:23.5586978-03:00" testType="13cdc9d9-ddb5-4fa4-a97d-d965ccfc6d4b" outcome="Passed" testListId="8c84fa94-04c1-424b-9868-57a2d4851a1d" relativeResultsDirectory="e30fd3cd-bda0-41dd-94ba-0e678d974916" />
    <UnitTestResult executionId="27ee6efc-8b05-49d1-8ad5-1fb860cb4bac" testId="15f49fc9-cef3-8d71-bfdf-15dac189e23d" testName="Deve_UsarDataDeFechamentoEIgnorarDataDeAbertura" computerName="DESKTOP-N8P4M4D" duration="00:00:00.0005352" startTime="2026-08-24T02:45:23.5968744-03:00" endTime="2026-08-24T02:45:23.5976217-03:00" testType="13cdc9d9-ddb5-4fa4-a97d-d965ccfc6d4b" outcome="Passed" testListId="8c84fa94-04c1-424b-9868-57a2d4851a1d" relativeResultsDirectory="27ee6efc-8b05-49d1-8ad5-1fb860cb4bac" />
    <UnitTestResult executionId="eafff763-bcdb-4534-bd43-23f10acec135" testId="1f5c42c3-43e8-8dd4-9a0a-c22aa0c26e62" testName="Deve_CriarSnapshot_ComPrecoProduto" computerName="DESKTOP-N8P4M4D" duration="00:00:00.0019727" startTime="2026-08-24T02:45:23.5433946-03:00" endTime="2026-08-24T02:45:23.5454111-03:00" testType="13cdc9d9-ddb5-4fa4-a97d-d965ccfc6d4b" outcome="Passed" testListId="8c84fa94-04c1-424b-9868-57a2d4851a1d" relativeResultsDirectory="eafff763-bcdb-4534-bd43-23f10acec135" />
    <UnitTestResult executionId="78bdc8bb-1053-45cf-b913-e8f29a35ca9b" testId="1a0a731e-7cdc-8fa2-92bb-535c26c31669" testName="Deve_RejeitarCadastro_ComPrecoNegativo" computerName="DESKTOP-N8P4M4D" duration="00:00:00.0005526" startTime="2026-08-24T02:45:23.5130108-03:00" endTime="2026-08-24T02:45:23.5136047-03:00" testType="13cdc9d9-ddb5-4fa4-a97d-d965ccfc6d4b" outcome="Passed" testListId="8c84fa94-04c1-424b-9868-57a2d4851a1d" relativeResultsDirectory="78bdc8bb-1053-45cf-b913-e8f29a35ca9b" />
    <UnitTestResult executionId="935b8859-6984-4c80-a88a-0a1d7f428a05" testId="136640e5-a67d-87fb-90e5-a2df00a67617" testName="Deve_AtualizarProduto_ComNovosDados" computerName="DESKTOP-N8P4M4D" duration="00:00:00.0002637" startTime="2026-08-24T02:45:22.9786360-03:00" endTime="2026-08-24T02:45:22.9789435-03:00" testType="13cdc9d9-ddb5-4fa4-a97d-d965ccfc6d4b" outcome="Passed" testListId="8c84fa94-04c1-424b-9868-57a2d4851a1d" relativeResultsDirectory="935b8859-6984-4c80-a88a-0a1d7f428a05" />
    <UnitTestResult executionId="3f95f2b4-a7a4-4a9d-9656-b2f7be65756d" testId="143cfe03-e0d4-8f1c-9209-ac4343d603a4" testName="Deve_SelecionarTodos_QuandoHouverContasAbertasEFechadas" computerName="DESKTOP-N8P4M4D" duration="00:00:00.0013557" startTime="2026-08-24T02:45:23.6099714-03:00" endTime="2026-08-24T02:45:23.6113790-03:00" testType="13cdc9d9-ddb5-4fa4-a97d-d965ccfc6d4b" outcome="Passed" testListId="8c84fa94-04c1-424b-9868-57a2d4851a1d" relativeResultsDirectory="3f95f2b4-a7a4-4a9d-9656-b2f7be65756d" />
    <UnitTestResult executionId="63b56ff4-cb51-4a98-8d52-c90340913683" testId="17f3da92-0874-86bb-8979-7e437a4c92bb" testName="Deve_RejeitarPedido_ComContaIdVazio" computerName="DESKTOP-N8P4M4D" duration="00:00:00.0002086" startTime="2026-08-24T02:45:23.5314326-03:00" endTime="2026-08-24T02:45:23.5316849-03:00" testType="13cdc9d9-ddb5-4fa4-a97d-d965ccfc6d4b" outcome="Passed" testListId="8c84fa94-04c1-424b-9868-57a2d4851a1d" relativeResultsDirectory="63b56ff4-cb51-4a98-8d52-c90340913683" />
    <UnitTestResult executionId="1187d004-bec7-4374-af51-68f8e558beff" testId="1d62e587-1279-8891-aeee-04fd1e2e51c8" testName="Deve_RejeitarProduto_ComNomeNulo" computerName="DESKTOP-N8P4M4D" duration="00:00:00.1042403" startTime="2026-08-24T02:45:22.8476043-03:00" endTime="2026-08-24T02:45:22.9678463-03:00" testType="13cdc9d9-ddb5-4fa4-a97d-d965ccfc6d4b" outcome="Passed" testListId="8c84fa94-04c1-424b-9868-57a2d4851a1d" relativeResultsDirectory="1187d004-bec7-4374-af51-68f8e558beff" />
    <UnitTestResult executionId="cb45eae1-20c7-4dec-be0f-2aa6d82891f5" testId="17b33f2e-b69d-8c65-90fe-1ab82096bc91" testName="Deve_CadastrarMesa_ComDadosValidos" computerName="DESKTOP-N8P4M4D" duration="00:00:00.0048497" startTime="2026-08-24T02:45:23.5540323-03:00" endTime="2026-08-24T02:45:23.5589880-03:00" testType="13cdc9d9-ddb5-4fa4-a97d-d965ccfc6d4b" outcome="Passed" testListId="8c84fa94-04c1-424b-9868-57a2d4851a1d" relativeResultsDirectory="cb45eae1-20c7-4dec-be0f-2aa6d82891f5" />
    <UnitTestResult executionId="07c1a5c7-46b2-44bb-8ec9-438c3248c00c" testId="119517fd-8e2b-8c15-80e8-c24fa43e7b74" testName="Deve_AtualizarGarcom_ComNovoNome" computerName="DESKTOP-N8P4M4D" duration="00:00:00.0001153" startTime="2026-08-24T02:45:23.5746415-03:00" endTime="2026-08-24T02:45:23.5747928-03:00" testType="13cdc9d9-ddb5-4fa4-a97d-d965ccfc6d4b" outcome="Passed" testListId="8c84fa94-04c1-424b-9868-57a2d4851a1d" relativeResultsDirectory="07c1a5c7-46b2-44bb-8ec9-438c3248c00c" />
    <UnitTestResult executionId="8a1374fd-f585-4c86-8139-d99e049491ce" testId="1e0eb0e2-f6d5-8de9-8d5f-f53fac475bd2" testName="Deve_SelecionarTodosOsGarcons" computerName="DESKTOP-N8P4M4D" duration="00:00:00.0008187" startTime="2026-08-24T02:45:23.5882539-03:00" endTime="2026-08-24T02:45:23.5891107-03:00" testType="13cdc9d9-ddb5-4fa4-a97d-d965ccfc6d4b" outcome="Passed" testListId="8c84fa94-04c1-424b-9868-57a2d4851a1d" relativeResultsDirectory="8a1374fd-f585-4c86-8139-d99e049491ce" />
    <UnitTestResult executionId="6e1c38a6-31e2-4104-b4c0-a9e626aee994" testId="10dc8196-16b6-816b-b8ac-850dade4b3d2" testName="Deve_RejeitarPedido_ComProdutoIdVazio" computerName="DESKTOP-N8P4M4D" duration="00:00:00.0001065" startTime="2026-08-24T02:45:23.5317344-03:00" endTime="2026-08-24T02:45:23.5318845-03:00" testType="13cdc9d9-ddb5-4fa4-a97d-d965ccfc6d4b" outcome="Passed" testListId="8c84fa94-04c1-424b-9868-57a2d4851a1d" relativeResultsDirectory="6e1c38a6-31e2-4104-b4c0-a9e626aee994" />
    <UnitTestResult executionId="bf7e8a1e-d58d-492c-b592-7085b2bb2ac5" testId="1c5bb8f8-26da-8ac2-b0ea-f3dd10ec57e0" testName="Deve_RejeitarEdicao_QuandoProdutoNaoExistir" computerName="DESKTOP-N8P4M4D" duration="00:00:00.0013815" startTime="2026-08-24T02:45:23.5167077-03:00" endTime="2026-08-24T02:45:23.5181560-03:00" testType="13cdc9d9-ddb5-4fa4-a97d-d965ccfc6d4b" outcome="Passed" testListId="8c84fa94-04c1-424b-9868-57a2d4851a1d" relativeResultsDirectory="bf7e8a1e-d58d-492c-b592-7085b2bb2ac5" />
    <UnitTestResult executionId="03753fc2-a6c4-4b8d-ad18-893894e26c82" testId="1eb6f729-e6af-8237-95ec-c796bed80271" testName="Deve_CriarSnapshot_ComNomeProduto" computerName="DESKTOP-N8P4M4D" duration="00:00:00.0015059" startTime="2026-08-24T02:45:23.5427803-03:00" endTime="2026-08-24T02:45:23.5443295-03:00" testType="13cdc9d9-ddb5-4fa4-a97d-d965ccfc6d4b" outcome="Passed" testListId="8c84fa94-04c1-424b-9868-57a2d4851a1d" relativeResultsDirectory="03753fc2-a6c4-4b8d-ad18-893894e26c82" />
    <UnitTestResult executionId="a5ca4aa5-eff9-41fc-a064-414622bf9647" testId="19e83e97-0342-8e17-97d0-58a3211fb02c" testName="Deve_RejeitarExclusao_QuandoProdutoNaoExistir" computerName="DESKTOP-N8P4M4D" duration="00:00:00.0011477" startTime="2026-08-24T02:45:23.5191382-03:00" endTime="2026-08-24T02:45:23.5203355-03:00" testType="13cdc9d9-ddb5-4fa4-a97d-d965ccfc6d4b" outcome="Passed" testListId="8c84fa94-04c1-424b-9868-57a2d4851a1d" relativeResultsDirectory="a5ca4aa5-eff9-41fc-a064-414622bf9647" />
    <UnitTestResult executionId="ffc6d544-b2dc-4a87-ad56-1e6b4db278e1" testId="1112e518-5ae1-8bad-aad8-d79fab32d5db" testName="Deve_FecharConta_AlterandoStatusERegistrandoDataFechamento" computerName="DESKTOP-N8P4M4D" duration="00:00:00.0001613" startTime="2026-08-24T02:45:23.6015442-03:00" endTime="2026-08-24T02:45:23.6017509-03:00" testType="13cdc9d9-ddb5-4fa4-a97d-d965ccfc6d4b" outcome="Passed" testListId="8c84fa94-04c1-424b-9868-57a2d4851a1d" relativeResultsDirectory="ffc6d544-b2dc-4a87-ad56-1e6b4db278e1" />
    <UnitTestResult executionId="5f4247a8-2a7e-4262-b2bc-7c2958314a17" testId="1baabac6-3a32-8680-9848-45ed5a519e06" testName="Deve_CriarConta_Valida" computerName="DESKTOP-N8P4M4D" duration="00:00:00.0008810" startTime="2026-08-24T02:45:23.5998516-03:00" endTime="2026-08-24T02:45:23.6008145-03:00" testType="13cdc9d9-ddb5-4fa4-a97d-d965ccfc6d4b" outcome="Passed" testListId="8c84fa94-04c1-424b-9868-57a2d4851a1d" relativeResultsDirectory="5f4247a8-2a7e-4262-b2bc-7c2958314a17" />
    <UnitTestResult executionId="86e43a61-340e-44ed-99a0-be4c03c0b5ce" testId="19ac6aa1-c480-8012-b2f7-6135cea31c62" testName="Deve_BuscarProduto_CaseInsensitive" computerName="DESKTOP-N8P4M4D" duration="00:00:00.0008647" startTime="2026-08-24T02:45:23.5285548-03:00" endTime="2026-08-24T02:45:23.5294583-03:00" testType="13cdc9d9-ddb5-4fa4-a97d-d965ccfc6d4b" outcome="Passed" testListId="8c84fa94-04c1-424b-9868-57a2d4851a1d" relativeResultsDirectory="86e43a61-340e-44ed-99a0-be4c03c0b5ce" />
    <UnitTestResult executionId="9a6f4134-81f0-4a72-b63f-3d286fe39bf9" testId="1c8d143c-5109-844d-bd1b-9b8834e7e968" testName="Deve_ExcluirGarcom_Existente" computerName="DESKTOP-N8P4M4D" duration="00:00:00.0021044" startTime="2026-08-24T02:45:23.5851372-03:00" endTime="2026-08-24T02:45:23.5872824-03:00" testType="13cdc9d9-ddb5-4fa4-a97d-d965ccfc6d4b" outcome="Passed" testListId="8c84fa94-04c1-424b-9868-57a2d4851a1d" relativeResultsDirectory="9a6f4134-81f0-4a72-b63f-3d286fe39bf9" />
    <UnitTestResult executionId="7a975069-4f40-43d2-bcde-c854877e0ab8" testId="13d2c29b-9771-80ec-bfb0-2b32321bcaaa" testName="Deve_SelecionarPorId" computerName="DESKTOP-N8P4M4D" duration="00:00:00.0014861" startTime="2026-08-24T02:45:23.5464339-03:00" endTime="2026-08-24T02:45:23.5479819-03:00" testType="13cdc9d9-ddb5-4fa4-a97d-d965ccfc6d4b" outcome="Passed" testListId="8c84fa94-04c1-424b-9868-57a2d4851a1d" relativeResultsDirectory="7a975069-4f40-43d2-bcde-c854877e0ab8" />
    <UnitTestResult executionId="9ada5160-5b5c-406a-a91a-1a7ffb7e6cc4" testId="10073273-b9f2-8edb-8ddb-3b619d24ff1f" testName="Deve_PermitirAbertura_DeDuasContasNaMesmaMesa" computerName="DESKTOP-N8P4M4D" duration="00:00:00.0015203" startTime="2026-08-24T02:45:23.6035799-03:00" endTime="2026-08-24T02:45:23.6051423-03:00" testType="13cdc9d9-ddb5-4fa4-a97d-d965ccfc6d4b" outcome="Passed" testListId="8c84fa94-04c1-424b-9868-57a2d4851a1d" relativeResultsDirectory="9ada5160-5b5c-406a-a91a-1a7ffb7e6cc4" />
    <UnitTestResult executionId="923ad5df-1fcd-4e67-8e02-dd06f80ba7c6" testId="1245a0ed-022f-81e7-8dcf-6b545858b6d7" testName="Deve_RejeitarExclusao_DeGarcomComContaFechada" computerName="DESKTOP-N8P4M4D" duration="00:00:00.0011474" startTime="2026-08-24T02:45:23.5875339-03:00" endTime="2026-08-24T02:45:23.5887289-03:00" testType="13cdc9d9-ddb5-4fa4-a97d-d965ccfc6d4b" outcome="Passed" testListId="8c84fa94-04c1-424b-9868-57a2d4851a1d" relativeResultsDirectory="923ad5df-1fcd-4e67-8e02-dd06f80ba7c6" />
    <UnitTestResult executionId="06da12f1-c91c-4362-8e2f-c49ad05a2c72" testId="11d03cd9-0d51-8cfe-aa87-63709acc5ae7" testName="Deve_CriarGarcom_ComDadosValidos" computerName="DESKTOP-N8P4M4D" duration="00:00:00.0004871" startTime="2026-08-24T02:45:23.5725290-03:00" endTime="2026-08-24T02:45:23.5731198-03:00" testType="13cdc9d9-ddb5-4fa4-a97d-d965ccfc6d4b" outcome="Passed" testListId="8c84fa94-04c1-424b-9868-57a2d4851a1d" relativeResultsDirectory="06da12f1-c91c-4362-8e2f-c49ad05a2c72" />
    <UnitTestResult executionId="b51e994c-3b39-4c86-9cc1-a8180858f8b0" testId="1ada518d-2d23-8d38-b7f0-e5c6c0466749" testName="Deve_SomarPedidosDaConta" computerName="DESKTOP-N8P4M4D" duration="00:00:00.0004397" startTime="2026-08-24T02:45:23.5970967-03:00" endTime="2026-08-24T02:45:23.5975766-03:00" testType="13cdc9d9-ddb5-4fa4-a97d-d965ccfc6d4b" outcome="Passed" testListId="8c84fa94-04c1-424b-9868-57a2d4851a1d" relativeResultsDirectory="b51e994c-3b39-4c86-9cc1-a8180858f8b0" />
    <UnitTestResult executionId="119f671b-1290-4aec-a4cb-ab015dd67cb6" testId="199cbb1d-c43d-814f-b936-ff5d04fdbb87" testName="Deve_IgnorarContaAberta" computerName="DESKTOP-N8P4M4D" duration="00:00:00.0049130" startTime="2026-08-24T02:45:23.5909337-03:00" endTime="2026-08-24T02:45:23.5958905-03:00" testType="13cdc9d9-ddb5-4fa4-a97d-d965ccfc6d4b" outcome="Passed" testListId="8c84fa94-04c1-424b-9868-57a2d4851a1d" relativeResultsDirectory="119f671b-1290-4aec-a4cb-ab015dd67cb6" />
    <UnitTestResult executionId="ba454507-07cf-4657-9fa0-787958376a56" testId="1e1d14b1-d16a-8530-937d-ea4872282337" testName="Deve_SelecionarPorConta" computerName="DESKTOP-N8P4M4D" duration="00:00:00.0010369" startTime="2026-08-24T02:45:23.5474238-03:00" endTime="2026-08-24T02:45:23.5485240-03:00" testType="13cdc9d9-ddb5-4fa4-a97d-d965ccfc6d4b" outcome="Passed" testListId="8c84fa94-04c1-424b-9868-57a2d4851a1d" relativeResultsDirectory="ba454507-07cf-4657-9fa0-787958376a56" />
    <UnitTestResult executionId="efbccb82-dda1-49cd-8e90-0d396027902e" testId="1b9cfbbc-ad9f-8862-b5a1-7541c5ea58b1" testName="Deve_RejeitarExclusao_DeMesaComContaAberta" computerName="DESKTOP-N8P4M4D" duration="00:00:00.0010343" startTime="2026-08-24T02:45:23.5645918-03:00" endTime="2026-08-24T02:45:23.5656630-03:00" testType="13cdc9d9-ddb5-4fa4-a97d-d965ccfc6d4b" outcome="Passed" testListId="8c84fa94-04c1-424b-9868-57a2d4851a1d" relativeResultsDirectory="efbccb82-dda1-49cd-8e90-0d396027902e" />
    <UnitTestResult executionId="07b97bb8-20e3-4d14-963e-3388c38b06ae" testId="1454a730-aa7c-87cc-9bab-87d99bc2dd8f" testName="Deve_RejeitarCadastro_ComNomeDuplicado" computerName="DESKTOP-N8P4M4D" duration="00:00:00.5085817" startTime="2026-08-24T02:45:23.0027841-03:00" endTime="2026-08-24T02:45:23.5115034-03:00" testType="13cdc9d9-ddb5-4fa4-a97d-d965ccfc6d4b" outcome="Passed" testListId="8c84fa94-04c1-424b-9868-57a2d4851a1d" relativeResultsDirectory="07b97bb8-20e3-4d14-963e-3388c38b06ae" />
    <UnitTestResult executionId="7b6f616e-2d92-4002-b7c9-8f12617a1932" testId="13727a93-f78c-81fa-9d62-ba6642e9b73e" testName="Deve_AtualizarPedido" computerName="DESKTOP-N8P4M4D" duration="00:00:00.0003308" startTime="2026-08-24T02:45:23.5358864-03:00" endTime="2026-08-24T02:45:23.5362742-03:00" testType="13cdc9d9-ddb5-4fa4-a97d-d965ccfc6d4b" outcome="Passed" testListId="8c84fa94-04c1-424b-9868-57a2d4851a1d" relativeResultsDirectory="7b6f616e-2d92-4002-b7c9-8f12617a1932" />
    <UnitTestResult executionId="65074934-24c5-48fc-a2c7-35a2600b086d" testId="12149b7d-7498-8d21-9565-1445320bf251" testName="Deve_RejeitarEdicao_ComNomeInvalido (&quot;&quot;)" computerName="DESKTOP-N8P4M4D" duration="00:00:00.0007223" startTime="2026-08-24T02:45:23.5843544-03:00" endTime="2026-08-24T02:45:23.5851257-03:00" testType="13cdc9d9-ddb5-4fa4-a97d-d965ccfc6d4b" outcome="Passed" testListId="8c84fa94-04c1-424b-9868-57a2d4851a1d" relativeResultsDirectory="65074934-24c5-48fc-a2c7-35a2600b086d" />
    <UnitTestResult executionId="b847d913-a875-4539-a798-987753532faf" testId="103f6ce5-fc3d-8b1c-9d35-14f42d23db61" testName="Deve_RejeitarCadastro_ComNomeDuplicado_CaseInsensitive" computerName="DESKTOP-N8P4M4D" duration="00:00:00.5080237" startTime="2026-08-24T02:45:23.0033760-03:00" endTime="2026-08-24T02:45:23.5115034-03:00" testType="13cdc9d9-ddb5-4fa4-a97d-d965ccfc6d4b" outcome="Passed" testListId="8c84fa94-04c1-424b-9868-57a2d4851a1d" relativeResultsDirectory="b847d913-a875-4539-a798-987753532faf" />
    <UnitTestResult executionId="b9592ea3-18a6-4e7c-87b7-0e1fa2e4c13d" testId="1d70a0ac-9c28-848e-a3ae-2f77b057f35f" testName="Deve_RejeitarProduto_ComNomeVazio" computerName="DESKTOP-N8P4M4D" duration="00:00:00.1042346" startTime="2026-08-24T02:45:22.8470648-03:00" endTime="2026-08-24T02:45:22.9678463-03:00" testType="13cdc9d9-ddb5-4fa4-a97d-d965ccfc6d4b" outcome="Passed" testListId="8c84fa94-04c1-424b-9868-57a2d4851a1d" relativeResultsDirectory="b9592ea3-18a6-4e7c-87b7-0e1fa2e4c13d" />
    <UnitTestResult executionId="e5fa1dcd-0ff5-43e4-8b1d-fc1223971c52" testId="1ef6b546-5d31-8dd0-bc41-55e8887b2625" testName="Deve_RejeitarMesa_ComStatusIndeterminado" computerName="DESKTOP-N8P4M4D" duration="00:00:00.0001371" startTime="2026-08-24T02:45:23.5518830-03:00" endTime="2026-08-24T02:45:23.5520764-03:00" testType="13cdc9d9-ddb5-4fa4-a97d-d965ccfc6d4b" outcome="Passed" testListId="8c84fa94-04c1-424b-9868-57a2d4851a1d" relativeResultsDirectory="e5fa1dcd-0ff5-43e4-8b1d-fc1223971c52" />
    <UnitTestResult executionId="cd1bbe4c-9d56-4b48-ba53-c0dc6a0b2785" testId="1f1b0beb-88ee-814b-8e8b-34daa0ef3b89" testName="Deve_CalcularTotal_SemPedidos" computerName="DESKTOP-N8P4M4D" duration="00:00:00.0011138" startTime="2026-08-24T02:45:23.5482426-03:00" endTime="2026-08-24T02:45:23.5494071-03:00" testType="13cdc9d9-ddb5-4fa4-a97d-d965ccfc6d4b" outcome="Passed" testListId="8c84fa94-04c1-424b-9868-57a2d4851a1d" relativeResultsDirectory="cd1bbe4c-9d56-4b48-ba53-c0dc6a0b2785" />
    <UnitTestResult executionId="f9f2150c-4f51-45ea-8b72-87f5599b4c85" testId="1e760faf-d64b-8e99-a1c4-b9e10395feaa" testName="Deve_PreservarUserId_AoAtualizarGarcom" computerName="DESKTOP-N8P4M4D" duration="00:00:00.0001645" startTime="2026-08-24T02:45:23.5748567-03:00" endTime="2026-08-24T02:45:23.5750588-03:00" testType="13cdc9d9-ddb5-4fa4-a97d-d965ccfc6d4b" outcome="Passed" testListId="8c84fa94-04c1-424b-9868-57a2d4851a1d" relativeResultsDirectory="f9f2150c-4f51-45ea-8b72-87f5599b4c85" />
    <UnitTestResult executionId="dc5184ee-be8d-4b03-9141-ff3bab40225c" testId="10fe7a7e-2bd4-893e-86b2-f8a49760412d" testName="Deve_RejeitarGarcom_ComNomeInvalido (&quot;&quot;)" computerName="DESKTOP-N8P4M4D" duration="00:00:00.0000685" startTime="2026-08-24T02:45:23.5734696-03:00" endTime="2026-08-24T02:45:23.5735867-03:00" testType="13cdc9d9-ddb5-4fa4-a97d-d965ccfc6d4b" outcome="Passed" testListId="8c84fa94-04c1-424b-9868-57a2d4851a1d" relativeResultsDirectory="dc5184ee-be8d-4b03-9141-ff3bab40225c" />
    <UnitTestResult executionId="92468c55-a62e-4eeb-a671-235b8aab49ce" testId="18d50564-1b8d-81d8-a15a-28ce00320479" testName="Deve_RejeitarRemocao_QuandoPedidoNaoExistir" computerName="DESKTOP-N8P4M4D" duration="00:00:00.0012412" startTime="2026-08-24T02:45:23.5444340-03:00" endTime="2026-08-24T02:45:23.5457110-03:00" testType="13cdc9d9-ddb5-4fa4-a97d-d965ccfc6d4b" outcome="Passed" testListId="8c84fa94-04c1-424b-9868-57a2d4851a1d" relativeResultsDirectory="92468c55-a62e-4eeb-a671-235b8aab49ce" />
    <UnitTestResult executionId="133b3a67-00de-4445-8fc5-983f7f7a4533" testId="15f52b52-da4a-8710-abbe-7320e9f7d2fe" testName="Deve_RejeitarEdicao_DeGarcomInexistente" computerName="DESKTOP-N8P4M4D" duration="00:00:00.0015079" startTime="2026-08-24T02:45:23.5817319-03:00" endTime="2026-08-24T02:45:23.5832827-03:00" testType="13cdc9d9-ddb5-4fa4-a97d-d965ccfc6d4b" outcome="Passed" testListId="8c84fa94-04c1-424b-9868-57a2d4851a1d" relativeResultsDirectory="133b3a67-00de-4445-8fc5-983f7f7a4533" />
    <UnitTestResult executionId="0d2d3435-fa67-4e96-bc63-a83146976fc9" testId="16693f75-db38-8046-a1bb-d7f644945462" testName="Deve_ExcluirProduto_SemVinculo" computerName="DESKTOP-N8P4M4D" duration="00:00:00.0023882" startTime="2026-08-24T02:45:23.5181912-03:00" endTime="2026-08-24T02:45:23.5206399-03:00" testType="13cdc9d9-ddb5-4fa4-a97d-d965ccfc6d4b" outcome="Passed" testListId="8c84fa94-04c1-424b-9868-57a2d4851a1d" relativeResultsDirectory="0d2d3435-fa67-4e96-bc63-a83146976fc9" />
    <UnitTestResult executionId="fe011396-2ea7-45af-94cd-5868400906f1" testId="16e68e48-6f57-893e-878b-64b4a2db1994" testName="Deve_AdicionarPedido_ComDadosValidos" computerName="DESKTOP-N8P4M4D" duration="00:00:00.0056824" startTime="2026-08-24T02:45:23.5367586-03:00" endTime="2026-08-24T02:45:23.5425716-03:00" testType="13cdc9d9-ddb5-4fa4-a97d-d965ccfc6d4b" outcome="Passed" testListId="8c84fa94-04c1-424b-9868-57a2d4851a1d" relativeResultsDirectory="fe011396-2ea7-45af-94cd-5868400906f1" />
    <UnitTestResult executionId="cdd05846-f0f4-4917-84ff-013871529f16" testId="1c1fb24d-daf1-8427-8eb6-0abbaa076a87" testName="Deve_RejeitarPedido_ComPrecoPraticadoNegativo" computerName="DESKTOP-N8P4M4D" duration="00:00:00.0000859" startTime="2026-08-24T02:45:23.5333644-03:00" endTime="2026-08-24T02:45:23.5334847-03:00" testType="13cdc9d9-ddb5-4fa4-a97d-d965ccfc6d4b" outcome="Passed" testListId="8c84fa94-04c1-424b-9868-57a2d4851a1d" relativeResultsDirectory="cdd05846-f0f4-4917-84ff-013871529f16" />
    <UnitTestResult executionId="7140165a-cfa4-48c1-bdb0-67acbfd3ba9c" testId="1bf28ad5-0ee5-8570-9acc-a899925e1afb" testName="Deve_RejeitarAbertura_ComGarcomInexistente" computerName="DESKTOP-N8P4M4D" duration="00:00:00.0015386" startTime="2026-08-24T02:45:23.6032648-03:00" endTime="2026-08-24T02:45:23.6048452-03:00" testType="13cdc9d9-ddb5-4fa4-a97d-d965ccfc6d4b" outcome="Passed" testListId="8c84fa94-04c1-424b-9868-57a2d4851a1d" relativeResultsDirectory="7140165a-cfa4-48c1-bdb0-67acbfd3ba9c" />
    <UnitTestResult executionId="d7e660fe-6229-4d2d-8bd5-7c1ed804d491" testId="19e932b7-4d25-8727-bd97-f3d5113c556a" testName="Deve_CriarMesa_ComDadosValidos" computerName="DESKTOP-N8P4M4D" duration="00:00:00.0008246" startTime="2026-08-24T02:45:23.5495066-03:00" endTime="2026-08-24T02:45:23.5504124-03:00" testType="13cdc9d9-ddb5-4fa4-a97d-d965ccfc6d4b" outcome="Passed" testListId="8c84fa94-04c1-424b-9868-57a2d4851a1d" relativeResultsDirectory="d7e660fe-6229-4d2d-8bd5-7c1ed804d491" />
    <UnitTestResult executionId="226a0970-2df8-4b77-abeb-6147cc156b0a" testId="1059eef8-ff83-87b4-906d-6deb42bd346a" testName="Deve_PermitirManteroNomoDuranteEdicao" computerName="DESKTOP-N8P4M4D" duration="00:00:00.0021764" startTime="2026-08-24T02:45:23.5163788-03:00" endTime="2026-08-24T02:45:23.5186212-03:00" testType="13cdc9d9-ddb5-4fa4-a97d-d965ccfc6d4b" outcome="Passed" testListId="8c84fa94-04c1-424b-9868-57a2d4851a1d" relativeResultsDirectory="226a0970-2df8-4b77-abeb-6147cc156b0a" />
    <UnitTestResult executionId="f456ba38-8b90-4bfd-abaa-992544a0f8f0" testId="14697b19-4353-8c73-9a13-ba1454cefdba" testName="Deve_RejeitarEdicao_DeMesaInexistente" computerName="DESKTOP-N8P4M4D" duration="00:00:00.0013889" startTime="2026-08-24T02:45:23.5602315-03:00" endTime="2026-08-24T02:45:23.5616622-03:00" testType="13cdc9d9-ddb5-4fa4-a97d-d965ccfc6d4b" outcome="Passed" testListId="8c84fa94-04c1-424b-9868-57a2d4851a1d" relativeResultsDirectory="f456ba38-8b90-4bfd-abaa-992544a0f8f0" />
    <UnitTestResult executionId="4c18ec15-0acb-4f3b-8922-fef4edcbe244" testId="1b2aba67-6e71-84a1-be0f-878b56b00d0a" testName="Deve_EditarMesa_ComDadosValidos" computerName="DESKTOP-N8P4M4D" duration="00:00:00.0022998" startTime="2026-08-24T02:45:23.5600107-03:00" endTime="2026-08-24T02:45:23.5623646-03:00" testType="13cdc9d9-ddb5-4fa4-a97d-d965ccfc6d4b" outcome="Passed" testListId="8c84fa94-04c1-424b-9868-57a2d4851a1d" relativeResultsDirectory="4c18ec15-0acb-4f3b-8922-fef4edcbe244" />
    <UnitTestResult executionId="3d60c2d9-e88b-4975-8743-449e7543c862" testId="1c594621-07e1-8263-bc40-78a10b90fdd2" testName="Deve_RejeitarExclusao_DeGarcomInexistente" computerName="DESKTOP-N8P4M4D" duration="00:00:00.0010964" startTime="2026-08-24T02:45:23.5862905-03:00" endTime="2026-08-24T02:45:23.5874352-03:00" testType="13cdc9d9-ddb5-4fa4-a97d-d965ccfc6d4b" outcome="Passed" testListId="8c84fa94-04c1-424b-9868-57a2d4851a1d" relativeResultsDirectory="3d60c2d9-e88b-4975-8743-449e7543c862" />
    <UnitTestResult executionId="92000a4f-51c7-4a48-af4a-fb8a2b62962c" testId="10389f75-736c-8dce-97ac-9515cc8e3d48" testName="Deve_RejeitarExclusao_DeMesaComContaFechada" computerName="DESKTOP-N8P4M4D" duration="00:00:00.0009042" startTime="2026-08-24T02:45:23.5648128-03:00" endTime="2026-08-24T02:45:23.5657530-03:00" testType="13cdc9d9-ddb5-4fa4-a97d-d965ccfc6d4b" outcome="Passed" testListId="8c84fa94-04c1-424b-9868-57a2d4851a1d" relativeResultsDirectory="92000a4f-51c7-4a48-af4a-fb8a2b62962c" />
    <UnitTestResult executionId="e508c2b0-1ac3-4640-a535-08c7f66ec870" testId="11c88810-ee9b-8cc5-b76e-db7b8d440d96" testName="Deve_RejeitarProduto_ComPrecoNegativo" computerName="DESKTOP-N8P4M4D" duration="00:00:00.0001149" startTime="2026-08-24T02:45:22.9781833-03:00" endTime="2026-08-24T02:45:22.9786436-03:00" testType="13cdc9d9-ddb5-4fa4-a97d-d965ccfc6d4b" outcome="Passed" testListId="8c84fa94-04c1-424b-9868-57a2d4851a1d" relativeResultsDirectory="e508c2b0-1ac3-4640-a535-08c7f66ec870" />
    <UnitTestResult executionId="6cd9ac94-c732-4a7d-9865-054f0abbbb84" testId="181613de-5237-8e9a-84cb-60dee8240baf" testName="Deve_SelecionarGarcom_PorId" computerName="DESKTOP-N8P4M4D" duration="00:00:00.0009216" startTime="2026-08-24T02:45:23.5892723-03:00" endTime="2026-08-24T02:45:23.5902354-03:00" testType="13cdc9d9-ddb5-4fa4-a97d-d965ccfc6d4b" outcome="Passed" testListId="8c84fa94-04c1-424b-9868-57a2d4851a1d" relativeResultsDirectory="6cd9ac94-c732-4a7d-9865-054f0abbbb84" />
    <UnitTestResult executionId="26ad1244-7b25-4e0e-8da4-12851e0b995c" testId="1bb73d13-7471-81d2-ae85-d2f63072333f" testName="Deve_RejeitarEdicao_ComNumeroDuplicado" computerName="DESKTOP-N8P4M4D" duration="00:00:00.0011569" startTime="2026-08-24T02:45:23.5604558-03:00" endTime="2026-08-24T02:45:23.5616608-03:00" testType="13cdc9d9-ddb5-4fa4-a97d-d965ccfc6d4b" outcome="Passed" testListId="8c84fa94-04c1-424b-9868-57a2d4851a1d" relativeResultsDirectory="26ad1244-7b25-4e0e-8da4-12851e0b995c" />
    <UnitTestResult executionId="cd1cc911-79a1-42a9-a49f-83ede16b0779" testId="16ccb927-4195-82a9-b38c-30cd1fdd8d26" testName="Deve_SelecionarSomenteContasAbertas" computerName="DESKTOP-N8P4M4D" duration="00:00:00.0036539" startTime="2026-08-24T02:45:23.6074065-03:00" endTime="2026-08-24T02:45:23.6111157-03:00" testType="13cdc9d9-ddb5-4fa4-a97d-d965ccfc6d4b" outcome="Passed" testListId="8c84fa94-04c1-424b-9868-57a2d4851a1d" relativeResultsDirectory="cd1cc911-79a1-42a9-a49f-83ede16b0779" />
    <UnitTestResult executionId="85944b25-9fd4-4bb8-bb34-59ffa98ae144" testId="1a1d56ed-07af-81ba-afdf-d2f14922505f" testName="Deve_RejeitarGarcom_ComNomeInvalido (&quot;   &quot;)" computerName="DESKTOP-N8P4M4D" duration="00:00:00.0001345" startTime="2026-08-24T02:45:23.5741596-03:00" endTime="2026-08-24T02:45:23.5743364-03:00" testType="13cdc9d9-ddb5-4fa4-a97d-d965ccfc6d4b" outcome="Passed" testListId="8c84fa94-04c1-424b-9868-57a2d4851a1d" relativeResultsDirectory="85944b25-9fd4-4bb8-bb34-59ffa98ae144" />
    <UnitTestResult executionId="8b4a3e5d-9534-4d11-9943-8f7a667fa601" testId="19bca11d-e30a-89c2-8ac7-9b5de86da83d" testName="Deve_RejeitarFechamento_DeContaInexistente" computerName="DESKTOP-N8P4M4D" duration="00:00:00.0011798" startTime="2026-08-24T02:45:23.6059828-03:00" endTime="2026-08-24T02:45:23.6072163-03:00" testType="13cdc9d9-ddb5-4fa4-a97d-d965ccfc6d4b" outcome="Passed" testListId="8c84fa94-04c1-424b-9868-57a2d4851a1d" relativeResultsDirectory="8b4a3e5d-9534-4d11-9943-8f7a667fa601" />
    <UnitTestResult executionId="6d2630a3-50b6-4a54-a0a5-fd81be8c1143" testId="1eab1f60-59c6-8ef0-98f1-9501a35a6179" testName="Deve_ConsiderarContaSemPedidosComTotalZero" computerName="DESKTOP-N8P4M4D" duration="00:00:00.0003039" startTime="2026-08-24T02:45:23.5984938-03:00" endTime="2026-08-24T02:45:23.5988376-03:00" testType="13cdc9d9-ddb5-4fa4-a97d-d965ccfc6d4b" outcome="Passed" testListId="8c84fa94-04c1-424b-9868-57a2d4851a1d" relativeResultsDirectory="6d2630a3-50b6-4a54-a0a5-fd81be8c1143" />
    <UnitTestResult executionId="31742cfb-ee8a-4d34-bf8b-bf391e8770e5" testId="1bc8e164-c03e-892a-b5cf-85667361afc0" testName="Deve_RejeitarPedido_ComPrecoPraticadoZero" computerName="DESKTOP-N8P4M4D" duration="00:00:00.0000893" startTime="2026-08-24T02:45:23.5331405-03:00" endTime="2026-08-24T02:45:23.5332673-03:00" testType="13cdc9d9-ddb5-4fa4-a97d-d965ccfc6d4b" outcome="Passed" testListId="8c84fa94-04c1-424b-9868-57a2d4851a1d" relativeResultsDirectory="31742cfb-ee8a-4d34-bf8b-bf391e8770e5" />
    <UnitTestResult executionId="74ea10b2-5213-4eb0-86ef-4bdd565cee2f" testId="17f95518-1e06-812b-bdea-3604cd616390" testName="Deve_RetornarErro_AoSelecionarPorIdInexistente" computerName="DESKTOP-N8P4M4D" duration="00:00:00.0010435" startTime="2026-08-24T02:45:23.5301860-03:00" endTime="2026-08-24T02:45:23.5312732-03:00" testType="13cdc9d9-ddb5-4fa4-a97d-d965ccfc6d4b" outcome="Passed" testListId="8c84fa94-04c1-424b-9868-57a2d4851a1d" relativeResultsDirectory="74ea10b2-5213-4eb0-86ef-4bdd565cee2f" />
    <UnitTestResult executionId="b17e8576-56d8-4e17-bda9-f7b7235b5ffd" testId="17b76fb1-6ef7-898a-80ee-07bfc996de73" testName="Deve_RejeitarCadastro_ComPrecoZero" computerName="DESKTOP-N8P4M4D" duration="00:00:00.0007516" startTime="2026-08-24T02:45:23.5127661-03:00" endTime="2026-08-24T02:45:23.5136011-03:00" testType="13cdc9d9-ddb5-4fa4-a97d-d965ccfc6d4b" outcome="Passed" testListId="8c84fa94-04c1-424b-9868-57a2d4851a1d" relativeResultsDirectory="b17e8576-56d8-4e17-bda9-f7b7235b5ffd" />
    <UnitTestResult executionId="f2e36463-19ef-48d9-bf3d-aa16f39c7d7d" testId="14ade5d9-5156-8005-8914-cf73b429cf99" testName="Deve_RejeitarEdicao_ComDadosInvalidos (0,4,&quot;O campo &quot;Número&quot; deve ser maior que zero.&quot;)" computerName="DESKTOP-N8P4M4D" duration="00:00:00.0008609" startTime="2026-08-24T02:45:23.5607293-03:00" endTime="2026-08-24T02:45:23.5616606-03:00" testType="13cdc9d9-ddb5-4fa4-a97d-d965ccfc6d4b" outcome="Passed" testListId="8c84fa94-04c1-424b-9868-57a2d4851a1d" relativeResultsDirectory="f2e36463-19ef-48d9-bf3d-aa16f39c7d7d" />
    <UnitTestResult executionId="84e48278-bb92-4cb1-92be-f8e334eba321" testId="1b7494eb-3c82-86da-b4cc-1a7c7b6d39b6" testName="Deve_AlterarStatus_QuandoOcuparELiberarMesa" computerName="DESKTOP-N8P4M4D" duration="00:00:00.0001106" startTime="2026-08-24T02:45:23.5534915-03:00" endTime="2026-08-24T02:45:23.5536404-03:00" testType="13cdc9d9-ddb5-4fa4-a97d-d965ccfc6d4b" outcome="Passed" testListId="8c84fa94-04c1-424b-9868-57a2d4851a1d" relativeResultsDirectory="84e48278-bb92-4cb1-92be-f8e334eba321" />
    <UnitTestResult executionId="689618c2-3674-419a-9fca-64d1b89c0a2a" testId="1d44ceb5-225d-819a-84a9-4a47f694923b" testName="Deve_SelecionarTodos" computerName="DESKTOP-N8P4M4D" duration="00:00:00.0076129" startTime="2026-08-24T02:45:23.5207380-03:00" endTime="2026-08-24T02:45:23.5284051-03:00" testType="13cdc9d9-ddb5-4fa4-a97d-d965ccfc6d4b" outcome="Passed" testListId="8c84fa94-04c1-424b-9868-57a2d4851a1d" relativeResultsDirectory="689618c2-3674-419a-9fca-64d1b89c0a2a" />
    <UnitTestResult executionId="8de8ed08-fe77-44ce-9316-60bd78fe26af" testId="1b5fc667-06ae-8f11-aa60-2f4c68eee3d6" testName="Deve_SomarTotaisDeVariasContas" computerName="DESKTOP-N8P4M4D" duration="00:00:00.0003143" startTime="2026-08-24T02:45:23.5973148-03:00" endTime="2026-08-24T02:45:23.5976647-03:00" testType="13cdc9d9-ddb5-4fa4-a97d-d965ccfc6d4b" outcome="Passed" testListId="8c84fa94-04c1-424b-9868-57a2d4851a1d" relativeResultsDirectory="8de8ed08-fe77-44ce-9316-60bd78fe26af" />
    <UnitTestResult executionId="d525084a-e6c7-4e3a-93b9-0fdebdad8a1e" testId="10b865ba-34bc-8bd3-b2e0-6fcec6348eed" testName="Deve_RejeitarEdicao_ComNomeInvalido (&quot;   &quot;)" computerName="DESKTOP-N8P4M4D" duration="00:00:00.0004862" startTime="2026-08-24T02:45:23.5848917-03:00" endTime="2026-08-24T02:45:23.5854228-03:00" testType="13cdc9d9-ddb5-4fa4-a97d-d965ccfc6d4b" outcome="Passed" testListId="8c84fa94-04c1-424b-9868-57a2d4851a1d" relativeResultsDirectory="d525084a-e6c7-4e3a-93b9-0fdebdad8a1e" />
    <UnitTestResult executionId="79837e12-f0a5-4849-b626-824ba81a21f2" testId="18a6b69d-1945-8711-b3d8-edaa9c65bd0e" testName="Deve_RejeitarConta_ComNomeClienteVazio" computerName="DESKTOP-N8P4M4D" duration="00:00:00.0003129" startTime="2026-08-24T02:45:23.6000707-03:00" endTime="2026-08-24T02:45:23.6004209-03:00" testType="13cdc9d9-ddb5-4fa4-a97d-d965ccfc6d4b" outcome="Passed" testListId="8c84fa94-04c1-424b-9868-57a2d4851a1d" relativeResultsDirectory="79837e12-f0a5-4849-b626-824ba81a21f2" />
    <UnitTestResult executionId="9ee10761-390e-4995-a0c7-979df6c83274" testId="14b4ef31-d015-8fcc-b661-2a5eb8122252" testName="Deve_TrimNomeProdutoAoCriar" computerName="DESKTOP-N8P4M4D" duration="00:00:00.0000995" startTime="2026-08-24T02:45:23.5349774-03:00" endTime="2026-08-24T02:45:23.5351117-03:00" testType="13cdc9d9-ddb5-4fa4-a97d-d965ccfc6d4b" outcome="Passed" testListId="8c84fa94-04c1-424b-9868-57a2d4851a1d" relativeResultsDirectory="9ee10761-390e-4995-a0c7-979df6c83274" />
    <UnitTestResult executionId="105c4e12-aa7b-4b76-8ca8-31f8fc3dd46b" testId="1a11c634-2a69-87f6-a5ea-d700daf4ac1e" testName="Deve_RejeitarRemocao_DeContaFechada" computerName="DESKTOP-N8P4M4D" duration="00:00:00.0012827" startTime="2026-08-24T02:45:23.5449762-03:00" endTime="2026-08-24T02:45:23.5463006-03:00" testType="13cdc9d9-ddb5-4fa4-a97d-d965ccfc6d4b" outcome="Passed" testListId="8c84fa94-04c1-424b-9868-57a2d4851a1d" relativeResultsDirectory="105c4e12-aa7b-4b76-8ca8-31f8fc3dd46b" />
    <UnitTestResult executionId="a2b956cb-3c81-436d-ac5a-050781a5043a" testId="1d2be902-2443-812b-a71e-3fa9a795f920" testName="Deve_RejeitarExclusao_DeGarcomComContaAberta" computerName="DESKTOP-N8P4M4D" duration="00:00:00.0014409" startTime="2026-08-24T02:45:23.5865988-03:00" endTime="2026-08-24T02:45:23.5880868-03:00" testType="13cdc9d9-ddb5-4fa4-a97d-d965ccfc6d4b" outcome="Passed" testListId="8c84fa94-04c1-424b-9868-57a2d4851a1d" relativeResultsDirectory="a2b956cb-3c81-436d-ac5a-050781a5043a" />
    <UnitTestResult executionId="afaf97eb-a040-4be8-9e45-5932c12132f3" testId="1aea3025-00e5-8fd0-b4d6-0cb9658c0f3c" testName="Deve_AbrirConta_ComDadosValidos" computerName="DESKTOP-N8P4M4D" duration="00:00:00.0030157" startTime="2026-08-24T02:45:23.6022966-03:00" endTime="2026-08-24T02:45:23.6054141-03:00" testType="13cdc9d9-ddb5-4fa4-a97d-d965ccfc6d4b" outcome="Passed" testListId="8c84fa94-04c1-424b-9868-57a2d4851a1d" relativeResultsDirectory="afaf97eb-a040-4be8-9e45-5932c12132f3" />
    <UnitTestResult executionId="79f69c74-db99-40e5-a93f-60396484b6fb" testId="1bbeb39f-41af-8965-a3a4-442a948e10e2" testName="Deve_RejeitarMesa_ComLugaresInvalidos" computerName="DESKTOP-N8P4M4D" duration="00:00:00.0000829" startTime="2026-08-24T02:45:23.5508196-03:00" endTime="2026-08-24T02:45:23.5509386-03:00" testType="13cdc9d9-ddb5-4fa4-a97d-d965ccfc6d4b" outcome="Passed" testListId="8c84fa94-04c1-424b-9868-57a2d4851a1d" relativeResultsDirectory="79f69c74-db99-40e5-a93f-60396484b6fb" />
    <UnitTestResult executionId="919264c0-fabc-42ad-ad9c-5964f5beb7c8" testId="1182c909-26c2-8864-a165-d723f70d54de" testName="Deve_CriarPedido_Valido" computerName="DESKTOP-N8P4M4D" duration="00:00:00.0008364" startTime="2026-08-24T02:45:23.5304357-03:00" endTime="2026-08-24T02:45:23.5313744-03:00" testType="13cdc9d9-ddb5-4fa4-a97d-d965ccfc6d4b" outcome="Passed" testListId="8c84fa94-04c1-424b-9868-57a2d4851a1d" relativeResultsDirectory="919264c0-fabc-42ad-ad9c-5964f5beb7c8" />
    <UnitTestResult executionId="0f81f27f-109a-4492-9532-b6151a5b3fbf" testId="1552a7ed-b2df-843f-b4bf-80b96f4b93d3" testName="Deve_CriarProduto_ComDadosValidos" computerName="DESKTOP-N8P4M4D" duration="00:00:00.1042486" startTime="2026-08-24T02:45:22.8463656-03:00" endTime="2026-08-24T02:45:22.9678463-03:00" testType="13cdc9d9-ddb5-4fa4-a97d-d965ccfc6d4b" outcome="Passed" testListId="8c84fa94-04c1-424b-9868-57a2d4851a1d" relativeResultsDirectory="0f81f27f-109a-4492-9532-b6151a5b3fbf" />
    <UnitTestResult executionId="12bbc133-61e1-46af-a332-ec5f484d9cd5" testId="1979ce0c-e927-844e-9aa8-c38ed521fa17" testName="Deve_RemoverPedido_DeContaAberta" computerName="DESKTOP-N8P4M4D" duration="00:00:00.0031810" startTime="2026-08-24T02:45:23.5436975-03:00" endTime="2026-08-24T02:45:23.5469235-03:00" testType="13cdc9d9-ddb5-4fa4-a97d-d965ccfc6d4b" outcome="Passed" testListId="8c84fa94-04c1-424b-9868-57a2d4851a1d" relativeResultsDirectory="12bbc133-61e1-46af-a332-ec5f484d9cd5" />
    <UnitTestResult executionId="9bfd6aad-a383-4969-9516-ab0bda54b5aa" testId="1c77db22-0da3-8905-8e34-7ea4df980e5f" testName="Deve_RejeitarConta_ComGarcomVazio" computerName="DESKTOP-N8P4M4D" duration="00:00:00.0000794" startTime="2026-08-24T02:45:23.6012322-03:00" endTime="2026-08-24T02:45:23.6013481-03:00" testType="13cdc9d9-ddb5-4fa4-a97d-d965ccfc6d4b" outcome="Passed" testListId="8c84fa94-04c1-424b-9868-57a2d4851a1d" relativeResultsDirectory="9bfd6aad-a383-4969-9516-ab0bda54b5aa" />
    <UnitTestResult executionId="56c2ec96-9940-4354-803c-a1c6142663df" testId="14089269-bacf-8437-8413-c9e07c43ee63" testName="Deve_RejeitarEdicao_ComNomeDuplicado" computerName="DESKTOP-N8P4M4D" duration="00:00:00.0011108" startTime="2026-08-24T02:45:23.5820344-03:00" endTime="2026-08-24T02:45:23.5831970-03:00" testType="13cdc9d9-ddb5-4fa4-a97d-d965ccfc6d4b" outcome="Passed" testListId="8c84fa94-04c1-424b-9868-57a2d4851a1d" relativeResultsDirectory="56c2ec96-9940-4354-803c-a1c6142663df" />
    <UnitTestResult executionId="446470ed-7094-4de1-a496-bfec8140e119" testId="169daaa9-9c9e-8bb1-80dd-8e5f3ed2ce45" testName="Deve_RejeitarAdicao_QuandoProdutoNaoExistir" computerName="DESKTOP-N8P4M4D" duration="00:00:00.0030535" startTime="2026-08-24T02:45:23.5379326-03:00" endTime="2026-08-24T02:45:23.5410818-03:00" testType="13cdc9d9-ddb5-4fa4-a97d-d965ccfc6d4b" outcome="Passed" testListId="8c84fa94-04c1-424b-9868-57a2d4851a1d" relativeResultsDirectory="446470ed-7094-4de1-a496-bfec8140e119" />
    <UnitTestResult executionId="79630848-e673-4e7c-aa46-d90f95ffc1fb" testId="1cf7719e-e303-8526-93da-86c867509a81" testName="Deve_RejeitarAdicao_QuandoContaEstFechada" computerName="DESKTOP-N8P4M4D" duration="00:00:00.0033471" startTime="2026-08-24T02:45:23.5376753-03:00" endTime="2026-08-24T02:45:23.5410820-03:00" testType="13cdc9d9-ddb5-4fa4-a97d-d965ccfc6d4b" outcome="Passed" testListId="8c84fa94-04c1-424b-9868-57a2d4851a1d" relativeResultsDirectory="79630848-e673-4e7c-aa46-d90f95ffc1fb" />
    <UnitTestResult executionId="4bc7fa42-1abe-4325-800c-13f11ed19193" testId="1800c55b-38b0-8702-b18e-ee6f96e2cc32" testName="Deve_CalcularSubtotalCorretamente" computerName="DESKTOP-N8P4M4D" duration="00:00:00.0000997" startTime="2026-08-24T02:45:23.5353177-03:00" endTime="2026-08-24T02:45:23.5354541-03:00" testType="13cdc9d9-ddb5-4fa4-a97d-d965ccfc6d4b" outcome="Passed" testListId="8c84fa94-04c1-424b-9868-57a2d4851a1d" relativeResultsDirectory="4bc7fa42-1abe-4325-800c-13f11ed19193" />
    <UnitTestResult executionId="702b913b-01d3-48c9-b34b-f124d355fdfb" testId="1035a211-125b-8826-906a-072918990646" testName="Deve_ConsiderarContaFechadaNaDataConsultada" computerName="DESKTOP-N8P4M4D" duration="00:00:00.0050010" startTime="2026-08-24T02:45:23.5916544-03:00" endTime="2026-08-24T02:45:23.5967064-03:00" testType="13cdc9d9-ddb5-4fa4-a97d-d965ccfc6d4b" outcome="Passed" testListId="8c84fa94-04c1-424b-9868-57a2d4851a1d" relativeResultsDirectory="702b913b-01d3-48c9-b34b-f124d355fdfb" />
    <UnitTestResult executionId="51e1fafc-f9b1-49cd-9b4b-08b467ea62df" testId="1f367240-2d58-8fca-8541-53117dad2039" testName="Deve_FecharConta_Valida" computerName="DESKTOP-N8P4M4D" duration="00:00:00.0018996" startTime="2026-08-24T02:45:23.6055167-03:00" endTime="2026-08-24T02:45:23.6074583-03:00" testType="13cdc9d9-ddb5-4fa4-a97d-d965ccfc6d4b" outcome="Passed" testListId="8c84fa94-04c1-424b-9868-57a2d4851a1d" relativeResultsDirectory="51e1fafc-f9b1-49cd-9b4b-08b467ea62df" />
    <UnitTestResult executionId="beec2c03-316b-44d9-ba52-66a8d7408df1" testId="1e807675-775c-84ea-bec8-24af519df9fc" testName="Deve_RejeitarMesa_ComNumeroInvalido" computerName="DESKTOP-N8P4M4D" duration="00:00:00.0002056" startTime="2026-08-24T02:45:23.5505451-03:00" endTime="2026-08-24T02:45:23.5507875-03:00" testType="13cdc9d9-ddb5-4fa4-a97d-d965ccfc6d4b" outcome="Passed" testListId="8c84fa94-04c1-424b-9868-57a2d4851a1d" relativeResultsDirectory="beec2c03-316b-44d9-ba52-66a8d7408df1" />
    <UnitTestResult executionId="3b0af2bd-0d1b-402a-8e9c-f2fd41f731f4" testId="1b1e9853-196b-8016-a63e-7575d63d411a" testName="Deve_RejeitarProduto_ComNomeApenasEspacos" computerName="DESKTOP-N8P4M4D" duration="00:00:00.1042323" startTime="2026-08-24T02:45:22.8473813-03:00" endTime="2026-08-24T02:45:22.9678463-03:00" testType="13cdc9d9-ddb5-4fa4-a97d-d965ccfc6d4b" outcome="Passed" testListId="8c84fa94-04c1-424b-9868-57a2d4851a1d" relativeResultsDirectory="3b0af2bd-0d1b-402a-8e9c-f2fd41f731f4" />
    <UnitTestResult executionId="4c16af38-5efb-4979-8bec-55ed45fbb3fe" testId="1f2f8dc1-e206-8c6f-91ec-ba69c81c133c" testName="Deve_RejeitarCadastro_ComNomeVazio" computerName="DESKTOP-N8P4M4D" duration="00:00:00.5078168" startTime="2026-08-24T02:45:23.0035960-03:00" endTime="2026-08-24T02:45:23.5115034-03:00" testType="13cdc9d9-ddb5-4fa4-a97d-d965ccfc6d4b" outcome="Passed" testListId="8c84fa94-04c1-424b-9868-57a2d4851a1d" relativeResultsDirectory="4c16af38-5efb-4979-8bec-55ed45fbb3fe" />
    <UnitTestResult executionId="a55d498c-a786-4c5f-9136-9d4d492d8a4e" testId="1e0377bf-5cbb-8a70-a18c-c7614eff0ac3" testName="Deve_RejeitarCadastro_ComNumeroDuplicado" computerName="DESKTOP-N8P4M4D" duration="00:00:00.0039238" startTime="2026-08-24T02:45:23.5547160-03:00" endTime="2026-08-24T02:45:23.5586979-03:00" testType="13cdc9d9-ddb5-4fa4-a97d-d965ccfc6d4b" outcome="Passed" testListId="8c84fa94-04c1-424b-9868-57a2d4851a1d" relativeResultsDirectory="a55d498c-a786-4c5f-9136-9d4d492d8a4e" />
    <UnitTestResult executionId="af681f5a-a94e-444b-96c9-4e3915552c5f" testId="11eb6a78-9209-8637-8507-8f84c3eb5754" testName="Deve_RejeitarExclusao_QuandoProdutoTemPedidoVinculado" computerName="DESKTOP-N8P4M4D" duration="00:00:00.0017628" startTime="2026-08-24T02:45:23.5186605-03:00" endTime="2026-08-24T02:45:23.5204784-03:00" testType="13cdc9d9-ddb5-4fa4-a97d-d965ccfc6d4b" outcome="Passed" testListId="8c84fa94-04c1-424b-9868-57a2d4851a1d" relativeResultsDirectory="af681f5a-a94e-444b-96c9-4e3915552c5f" />
    <UnitTestResult executionId="bf2859d6-9986-411b-8722-bec8fc0fdf8c" testId="1e5efdee-422a-8b9f-82f5-507b209f8ddb" testName="Deve_RejeitarSelecao_DeGarcomInexistente" computerName="DESKTOP-N8P4M4D" duration="00:00:00.0005817" startTime="2026-08-24T02:45:23.5897111-03:00" endTime="2026-08-24T02:45:23.5903312-03:00" testType="13cdc9d9-ddb5-4fa4-a97d-d965ccfc6d4b" outcome="Passed" testListId="8c84fa94-04c1-424b-9868-57a2d4851a1d" relativeResultsDirectory="bf2859d6-9986-411b-8722-bec8fc0fdf8c" />
    <UnitTestResult executionId="cf9e9d18-28f5-4005-8527-6409f531ec64" testId="13d2b162-88c6-85f1-bb1a-5dd4cf508456" testName="Deve_EditarGarcom_ComDadosValidos" computerName="DESKTOP-N8P4M4D" duration="00:00:00.0025020" startTime="2026-08-24T02:45:23.5814502-03:00" endTime="2026-08-24T02:45:23.5840012-03:00" testType="13cdc9d9-ddb5-4fa4-a97d-d965ccfc6d4b" outcome="Passed" testListId="8c84fa94-04c1-424b-9868-57a2d4851a1d" relativeResultsDirectory="cf9e9d18-28f5-4005-8527-6409f531ec64" />
    <UnitTestResult executionId="933fa64d-9162-49c7-97e4-ce2f9b4152ff" testId="10c20138-feb6-8606-a767-cc3682ffe064" testName="Deve_AtualizarMesa_ComNovosDados" computerName="DESKTOP-N8P4M4D" duration="00:00:00.0001493" startTime="2026-08-24T02:45:23.5528118-03:00" endTime="2026-08-24T02:45:23.5530052-03:00" testType="13cdc9d9-ddb5-4fa4-a97d-d965ccfc6d4b" outcome="Passed" testListId="8c84fa94-04c1-424b-9868-57a2d4851a1d" relativeResultsDirectory="933fa64d-9162-49c7-97e4-ce2f9b4152ff" />
    <UnitTestResult executionId="d3148783-ba4b-42cf-b301-88703d37ba82" testId="1253236e-7266-88bc-98af-9981f30b6dd6" testName="Deve_SelecionarMesa_PorId" computerName="DESKTOP-N8P4M4D" duration="00:00:00.0013625" startTime="2026-08-24T02:45:23.5708891-03:00" endTime="2026-08-24T02:45:23.5723129-03:00" testType="13cdc9d9-ddb5-4fa4-a97d-d965ccfc6d4b" outcome="Passed" testListId="8c84fa94-04c1-424b-9868-57a2d4851a1d" relativeResultsDirectory="d3148783-ba4b-42cf-b301-88703d37ba82" />
    <UnitTestResult executionId="b64b3c09-817f-43cc-a717-316926fb98ba" testId="1e53106c-b162-81d1-9f16-e3f669dcbd0b" testName="Deve_ManterMesaOcupada_QuandoAindaExisteOutraContaAberta" computerName="DESKTOP-N8P4M4D" duration="00:00:00.0016468" startTime="2026-08-24T02:45:23.6102417-03:00" endTime="2026-08-24T02:45:23.6124982-03:00" testType="13cdc9d9-ddb5-4fa4-a97d-d965ccfc6d4b" outcome="Passed" testListId="8c84fa94-04c1-424b-9868-57a2d4851a1d" relativeResultsDirectory="b64b3c09-817f-43cc-a717-316926fb98ba" />
    <UnitTestResult executionId="24360100-2993-4edf-b96b-eb09fdc07cc4" testId="15c929ce-4335-83bc-9be2-45e13eeaf2b1" testName="Deve_IgnorarContaFechadaEmOutraData" computerName="DESKTOP-N8P4M4D" duration="00:00:00.0039902" startTime="2026-08-24T02:45:23.5918688-03:00" endTime="2026-08-24T02:45:23.5959109-03:00" testType="13cdc9d9-ddb5-4fa4-a97d-d965ccfc6d4b" outcome="Passed" testListId="8c84fa94-04c1-424b-9868-57a2d4851a1d" relativeResultsDirectory="24360100-2993-4edf-b96b-eb09fdc07cc4" />
    <UnitTestResult executionId="3f1c3503-3661-40ee-b50f-10dc61ec78de" testId="1a0011a6-88e6-8339-8d10-6865f03e49a3" testName="Deve_TrimNomeAoTrimizar" computerName="DESKTOP-N8P4M4D" duration="00:00:00.0000844" startTime="2026-08-24T02:45:22.9789084-03:00" endTime="2026-08-24T02:45:22.9790312-03:00" testType="13cdc9d9-ddb5-4fa4-a97d-d965ccfc6d4b" outcome="Passed" testListId="8c84fa94-04c1-424b-9868-57a2d4851a1d" relativeResultsDirectory="3f1c3503-3661-40ee-b50f-10dc61ec78de" />
    <UnitTestResult executionId="764f6344-fa27-46b5-b0df-c067cd1b4f29" testId="1ba7a502-674d-8410-b930-e92033fe3b4a" testName="Deve_PreservarStatus_AoAtualizarMesa" computerName="DESKTOP-N8P4M4D" duration="00:00:00.0001325" startTime="2026-08-24T02:45:23.5532585-03:00" endTime="2026-08-24T02:45:23.5534288-03:00" testType="13cdc9d9-ddb5-4fa4-a97d-d965ccfc6d4b" outcome="Passed" testListId="8c84fa94-04c1-424b-9868-57a2d4851a1d" relativeResultsDirectory="764f6344-fa27-46b5-b0df-c067cd1b4f29" />
    <UnitTestResult executionId="3524a3df-1ef6-41db-bb44-b035ffd0256c" testId="13ac9c44-f770-86f6-9041-851f6c76f662" testName="Deve_ExcluirMesa_Existente" computerName="DESKTOP-N8P4M4D" duration="00:00:00.0019095" startTime="2026-08-24T02:45:23.5631128-03:00" endTime="2026-08-24T02:45:23.5650621-03:00" testType="13cdc9d9-ddb5-4fa4-a97d-d965ccfc6d4b" outcome="Passed" testListId="8c84fa94-04c1-424b-9868-57a2d4851a1d" relativeResultsDirectory="3524a3df-1ef6-41db-bb44-b035ffd0256c" />
    <UnitTestResult executionId="70e577ac-5088-4799-a8b6-aa5bae450288" testId="19840f18-1f10-8ec0-af00-5551623bb41f" testName="Deve_PermitirEdicao_MantendoNomeDoProprioGarcom" computerName="DESKTOP-N8P4M4D" duration="00:00:00.0014212" startTime="2026-08-24T02:45:23.5835561-03:00" endTime="2026-08-24T02:45:23.5850281-03:00" testType="13cdc9d9-ddb5-4fa4-a97d-d965ccfc6d4b" outcome="Passed" testListId="8c84fa94-04c1-424b-9868-57a2d4851a1d" relativeResultsDirectory="70e577ac-5088-4799-a8b6-aa5bae450288" />
    <UnitTestResult executionId="9c0b6dfe-fe71-4372-97da-2859aa6fa85a" testId="143dbe98-6a5d-8ccc-a721-771f27a050d9" testName="Deve_RejeitarConta_ComMesaVazia" computerName="DESKTOP-N8P4M4D" duration="00:00:00.0001085" startTime="2026-08-24T02:45:23.6002895-03:00" endTime="2026-08-24T02:45:23.6004351-03:00" testType="13cdc9d9-ddb5-4fa4-a97d-d965ccfc6d4b" outcome="Passed" testListId="8c84fa94-04c1-424b-9868-57a2d4851a1d" relativeResultsDirectory="9c0b6dfe-fe71-4372-97da-2859aa6fa85a" />
  </Results>
  <TestDefinitions>
    <UnitTest name="Deve_RejeitarEdicao_ComNomeInvalido (&quot;&quot;)" storage="c:\users\gutes\onedrive\desktop\super pasta\academia do programador\controle-de-bar-2026\tests\controledebar.testes.unidade\bin\release\net10.0\controledebar.testes.unidade.dll" id="12149b7d-7498-8d21-9565-1445320bf251">
      <Execution id="65074934-24c5-48fc-a2c7-35a2600b086d" />
      <TestMethod codeBase="C:\Users\gutes\OneDrive\Desktop\Super Pasta\Academia do Programador\controle-de-bar-2026\tests\ControleDeBar.Testes.Unidade\bin\Release\net10.0\ControleDeBar.Testes.Unidade.dll" adapterTypeName="executor://mstestadapter/v4" className="ControleDeBar.Testes.Unidade.Modulos.ModuloGarcom.ServicoGarcomTests" name="Deve_RejeitarEdicao_ComNomeInvalido" />
    </UnitTest>
    <UnitTest name="Deve_RejeitarAdicao_QuandoContaEstFechada" storage="c:\users\gutes\onedrive\desktop\super pasta\academia do programador\controle-de-bar-2026\tests\controledebar.testes.unidade\bin\release\net10.0\controledebar.testes.unidade.dll" id="1cf7719e-e303-8526-93da-86c867509a81">
      <Execution id="79630848-e673-4e7c-aa46-d90f95ffc1fb" />
      <TestMethod codeBase="C:\Users\gutes\OneDrive\Desktop\Super Pasta\Academia do Programador\controle-de-bar-2026\tests\ControleDeBar.Testes.Unidade\bin\Release\net10.0\ControleDeBar.Testes.Unidade.dll" adapterTypeName="executor://mstestadapter/v4" className="ControleDeBar.Testes.Unidade.Modulos.ModuloPedido.ServicoPedidoTests" name="Deve_RejeitarAdicao_QuandoContaEstFechada" />
    </UnitTest>
    <UnitTest name="Deve_SelecionarTodos" storage="c:\users\gutes\onedrive\desktop\super pasta\academia do programador\controle-de-bar-2026\tests\controledebar.testes.unidade\bin\release\net10.0\controledebar.testes.unidade.dll" id="1d44ceb5-225d-819a-84a9-4a47f694923b">
      <Execution id="689618c2-3674-419a-9fca-64d1b89c0a2a" />
      <TestMethod codeBase="C:\Users\gutes\OneDrive\Desktop\Super Pasta\Academia do Programador\controle-de-bar-2026\tests\ControleDeBar.Testes.Unidade\bin\Release\net10.0\ControleDeBar.Testes.Unidade.dll" adapterTypeName="executor://mstestadapter/v4" className="ControleDeBar.Testes.Unidade.Modulos.ModuloProduto.ServicoProdutoTests" name="Deve_SelecionarTodos" />
    </UnitTest>
    <UnitTest name="Deve_RejeitarPedido_ComPrecoPraticadoNegativo" storage="c:\users\gutes\onedrive\desktop\super pasta\academia do programador\controle-de-bar-2026\tests\controledebar.testes.unidade\bin\release\net10.0\controledebar.testes.unidade.dll" id="1c1fb24d-daf1-8427-8eb6-0abbaa076a87">
      <Execution id="cdd05846-f0f4-4917-84ff-013871529f16" />
      <TestMethod codeBase="C:\Users\gutes\OneDrive\Desktop\Super Pasta\Academia do Programador\controle-de-bar-2026\tests\ControleDeBar.Testes.Unidade\bin\Release\net10.0\ControleDeBar.Testes.Unidade.dll" adapterTypeName="executor://mstestadapter/v4" className="ControleDeBar.Testes.Unidade.Modulos.ModuloPedido.PedidoTests" name="Deve_RejeitarPedido_ComPrecoPraticadoNegativo" />
    </UnitTest>
    <UnitTest name="Deve_RejeitarCadastro_ComDadosInvalidos (1,0,&quot;O campo &quot;Lugares&quot; deve ser maior que zero.&quot;)" storage="c:\users\gutes\onedrive\desktop\super pasta\academia do programador\controle-de-bar-2026\tests\controledebar.testes.unidade\bin\release\net10.0\controledebar.testes.unidade.dll" id="157bd197-96b9-88e0-bfe8-0e6b82fd1a0e">
      <Execution id="ec2b33a3-361f-4e35-b7e2-370f3a98ad3b" />
      <TestMethod codeBase="C:\Users\gutes\OneDrive\Desktop\Super Pasta\Academia do Programador\controle-de-bar-2026\tests\ControleDeBar.Testes.Unidade\bin\Release\net10.0\ControleDeBar.Testes.Unidade.dll" adapterTypeName="executor://mstestadapter/v4" className="ControleDeBar.Testes.Unidade.Modulos.ModuloMesa.ServicoMesaTests" name="Deve_RejeitarCadastro_ComDadosInvalidos" />
    </UnitTest>
    <UnitTest name="Deve_TrimNomeProdutoAoCriar" storage="c:\users\gutes\onedrive\desktop\super pasta\academia do programador\controle-de-bar-2026\tests\controledebar.testes.unidade\bin\release\net10.0\controledebar.testes.unidade.dll" id="14b4ef31-d015-8fcc-b661-2a5eb8122252">
      <Execution id="9ee10761-390e-4995-a0c7-979df6c83274" />
      <TestMethod codeBase="C:\Users\gutes\OneDrive\Desktop\Super Pasta\Academia do Programador\controle-de-bar-2026\tests\ControleDeBar.Testes.Unidade\bin\Release\net10.0\ControleDeBar.Testes.Unidade.dll" adapterTypeName="executor://mstestadapter/v4" className="ControleDeBar.Testes.Unidade.Modulos.ModuloPedido.PedidoTests" name="Deve_TrimNomeProdutoAoCriar" />
    </UnitTest>
    <UnitTest name="Deve_AtualizarGarcom_ComNovoNome" storage="c:\users\gutes\onedrive\desktop\super pasta\academia do programador\controle-de-bar-2026\tests\controledebar.testes.unidade\bin\release\net10.0\controledebar.testes.unidade.dll" id="119517fd-8e2b-8c15-80e8-c24fa43e7b74">
      <Execution id="07c1a5c7-46b2-44bb-8ec9-438c3248c00c" />
      <TestMethod codeBase="C:\Users\gutes\OneDrive\Desktop\Super Pasta\Academia do Programador\controle-de-bar-2026\tests\ControleDeBar.Testes.Unidade\bin\Release\net10.0\ControleDeBar.Testes.Unidade.dll" adapterTypeName="executor://mstestadapter/v4" className="ControleDeBar.Testes.Unidade.Modulos.ModuloGarcom.GarcomTests" name="Deve_AtualizarGarcom_ComNovoNome" />
    </UnitTest>
    <UnitTest name="Deve_ExcluirProduto_SemVinculo" storage="c:\users\gutes\onedrive\desktop\super pasta\academia do programador\controle-de-bar-2026\tests\controledebar.testes.unidade\bin\release\net10.0\controledebar.testes.unidade.dll" id="16693f75-db38-8046-a1bb-d7f644945462">
      <Execution id="0d2d3435-fa67-4e96-bc63-a83146976fc9" />
      <TestMethod codeBase="C:\Users\gutes\OneDrive\Desktop\Super Pasta\Academia do Programador\controle-de-bar-2026\tests\ControleDeBar.Testes.Unidade\bin\Release\net10.0\ControleDeBar.Testes.Unidade.dll" adapterTypeName="executor://mstestadapter/v4" className="ControleDeBar.Testes.Unidade.Modulos.ModuloProduto.ServicoProdutoTests" name="Deve_ExcluirProduto_SemVinculo" />
    </UnitTest>
    <UnitTest name="Deve_RejeitarPedido_ComNomeProdutoVazio" storage="c:\users\gutes\onedrive\desktop\super pasta\academia do programador\controle-de-bar-2026\tests\controledebar.testes.unidade\bin\release\net10.0\controledebar.testes.unidade.dll" id="178f3ccf-3931-84ef-b696-e2e38d015b4a">
      <Execution id="186c781d-787e-4e54-b6a5-a5eebdcf04a5" />
      <TestMethod codeBase="C:\Users\gutes\OneDrive\Desktop\Super Pasta\Academia do Programador\controle-de-bar-2026\tests\ControleDeBar.Testes.Unidade\bin\Release\net10.0\ControleDeBar.Testes.Unidade.dll" adapterTypeName="executor://mstestadapter/v4" className="ControleDeBar.Testes.Unidade.Modulos.ModuloPedido.PedidoTests" name="Deve_RejeitarPedido_ComNomeProdutoVazio" />
    </UnitTest>
    <UnitTest name="Deve_RejeitarGarcom_ComNomeInvalido (&quot;&quot;)" storage="c:\users\gutes\onedrive\desktop\super pasta\academia do programador\controle-de-bar-2026\tests\controledebar.testes.unidade\bin\release\net10.0\controledebar.testes.unidade.dll" id="10fe7a7e-2bd4-893e-86b2-f8a49760412d">
      <Execution id="dc5184ee-be8d-4b03-9141-ff3bab40225c" />
      <TestMethod codeBase="C:\Users\gutes\OneDrive\Desktop\Super Pasta\Academia do Programador\controle-de-bar-2026\tests\ControleDeBar.Testes.Unidade\bin\Release\net10.0\ControleDeBar.Testes.Unidade.dll" adapterTypeName="executor://mstestadapter/v4" className="ControleDeBar.Testes.Unidade.Modulos.ModuloGarcom.GarcomTests" name="Deve_RejeitarGarcom_ComNomeInvalido" />
    </UnitTest>
    <UnitTest name="Deve_CriarSnapshot_ComPrecoProduto" storage="c:\users\gutes\onedrive\desktop\super pasta\academia do programador\controle-de-bar-2026\tests\controledebar.testes.unidade\bin\release\net10.0\controledebar.testes.unidade.dll" id="1f5c42c3-43e8-8dd4-9a0a-c22aa0c26e62">
      <Execution id="eafff763-bcdb-4534-bd43-23f10acec135" />
      <TestMethod codeBase="C:\Users\gutes\OneDrive\Desktop\Super Pasta\Academia do Programador\controle-de-bar-2026\tests\ControleDeBar.Testes.Unidade\bin\Release\net10.0\ControleDeBar.Testes.Unidade.dll" adapterTypeName="executor://mstestadapter/v4" className="ControleDeBar.Testes.Unidade.Modulos.ModuloPedido.ServicoPedidoTests" name="Deve_CriarSnapshot_ComPrecoProduto" />
    </UnitTest>
    <UnitTest name="Deve_UsarDataDeFechamentoEIgnorarDataDeAbertura" storage="c:\users\gutes\onedrive\desktop\super pasta\academia do programador\controle-de-bar-2026\tests\controledebar.testes.unidade\bin\release\net10.0\controledebar.testes.unidade.dll" id="15f49fc9-cef3-8d71-bfdf-15dac189e23d">
      <Execution id="27ee6efc-8b05-49d1-8ad5-1fb860cb4bac" />
      <TestMethod codeBase="C:\Users\gutes\OneDrive\Desktop\Super Pasta\Academia do Programador\controle-de-bar-2026\tests\ControleDeBar.Testes.Unidade\bin\Release\net10.0\ControleDeBar.Testes.Unidade.dll" adapterTypeName="executor://mstestadapter/v4" className="ControleDeBar.Testes.Unidade.Modulos.ModuloFaturamento.ServicoFaturamentoTests" name="Deve_UsarDataDeFechamentoEIgnorarDataDeAbertura" />
    </UnitTest>
    <UnitTest name="Deve_ConsiderarContaSemPedidosComTotalZero" storage="c:\users\gutes\onedrive\desktop\super pasta\academia do programador\controle-de-bar-2026\tests\controledebar.testes.unidade\bin\release\net10.0\controledebar.testes.unidade.dll" id="1eab1f60-59c6-8ef0-98f1-9501a35a6179">
      <Execution id="6d2630a3-50b6-4a54-a0a5-fd81be8c1143" />
      <TestMethod codeBase="C:\Users\gutes\OneDrive\Desktop\Super Pasta\Academia do Programador\controle-de-bar-2026\tests\ControleDeBar.Testes.Unidade\bin\Release\net10.0\ControleDeBar.Testes.Unidade.dll" adapterTypeName="executor://mstestadapter/v4" className="ControleDeBar.Testes.Unidade.Modulos.ModuloFaturamento.ServicoFaturamentoTests" name="Deve_ConsiderarContaSemPedidosComTotalZero" />
    </UnitTest>
    <UnitTest name="Deve_RejeitarCadastro_ComNomeDuplicado (&quot;MARCOS&quot;)" storage="c:\users\gutes\onedrive\desktop\super pasta\academia do programador\controle-de-bar-2026\tests\controledebar.testes.unidade\bin\release\net10.0\controledebar.testes.unidade.dll" id="1badf877-5203-803e-8a77-733873b3094a">
      <Execution id="20769c63-aaac-4693-89e8-4eb53b9ba18c" />
      <TestMethod codeBase="C:\Users\gutes\OneDrive\Desktop\Super Pasta\Academia do Programador\controle-de-bar-2026\tests\ControleDeBar.Testes.Unidade\bin\Release\net10.0\ControleDeBar.Testes.Unidade.dll" adapterTypeName="executor://mstestadapter/v4" className="ControleDeBar.Testes.Unidade.Modulos.ModuloGarcom.ServicoGarcomTests" name="Deve_RejeitarCadastro_ComNomeDuplicado" />
    </UnitTest>
    <UnitTest name="Deve_SelecionarTodosOsGarcons" storage="c:\users\gutes\onedrive\desktop\super pasta\academia do programador\controle-de-bar-2026\tests\controledebar.testes.unidade\bin\release\net10.0\controledebar.testes.unidade.dll" id="1e0eb0e2-f6d5-8de9-8d5f-f53fac475bd2">
      <Execution id="8a1374fd-f585-4c86-8139-d99e049491ce" />
      <TestMethod codeBase="C:\Users\gutes\OneDrive\Desktop\Super Pasta\Academia do Programador\controle-de-bar-2026\tests\ControleDeBar.Testes.Unidade\bin\Release\net10.0\ControleDeBar.Testes.Unidade.dll" adapterTypeName="executor://mstestadapter/v4" className="ControleDeBar.Testes.Unidade.Modulos.ModuloGarcom.ServicoGarcomTests" name="Deve_SelecionarTodosOsGarcons" />
    </UnitTest>
    <UnitTest name="Deve_RejeitarExclusao_DeGarcomComContaAberta" storage="c:\users\gutes\onedrive\desktop\super pasta\academia do programador\controle-de-bar-2026\tests\controledebar.testes.unidade\bin\release\net10.0\controledebar.testes.unidade.dll" id="1d2be902-2443-812b-a71e-3fa9a795f920">
      <Execution id="a2b956cb-3c81-436d-ac5a-050781a5043a" />
      <TestMethod codeBase="C:\Users\gutes\OneDrive\Desktop\Super Pasta\Academia do Programador\controle-de-bar-2026\tests\ControleDeBar.Testes.Unidade\bin\Release\net10.0\ControleDeBar.Testes.Unidade.dll" adapterTypeName="executor://mstestadapter/v4" className="ControleDeBar.Testes.Unidade.Modulos.ModuloGarcom.ServicoGarcomTests" name="Deve_RejeitarExclusao_DeGarcomComContaAberta" />
    </UnitTest>
    <UnitTest name="Deve_RejeitarGarcom_ComNomeInvalido (&quot;   &quot;)" storage="c:\users\gutes\onedrive\desktop\super pasta\academia do programador\controle-de-bar-2026\tests\controledebar.testes.unidade\bin\release\net10.0\controledebar.testes.unidade.dll" id="1a1d56ed-07af-81ba-afdf-d2f14922505f">
      <Execution id="85944b25-9fd4-4bb8-bb34-59ffa98ae144" />
      <TestMethod codeBase="C:\Users\gutes\OneDrive\Desktop\Super Pasta\Academia do Programador\controle-de-bar-2026\tests\ControleDeBar.Testes.Unidade\bin\Release\net10.0\ControleDeBar.Testes.Unidade.dll" adapterTypeName="executor://mstestadapter/v4" className="ControleDeBar.Testes.Unidade.Modulos.ModuloGarcom.GarcomTests" name="Deve_RejeitarGarcom_ComNomeInvalido" />
    </UnitTest>
    <UnitTest name="Deve_RejeitarConta_ComGarcomVazio" storage="c:\users\gutes\onedrive\desktop\super pasta\academia do programador\controle-de-bar-2026\tests\controledebar.testes.unidade\bin\release\net10.0\controledebar.testes.unidade.dll" id="1c77db22-0da3-8905-8e34-7ea4df980e5f">
      <Execution id="9bfd6aad-a383-4969-9516-ab0bda54b5aa" />
      <TestMethod codeBase="C:\Users\gutes\OneDrive\Desktop\Super Pasta\Academia do Programador\controle-de-bar-2026\tests\ControleDeBar.Testes.Unidade\bin\Release\net10.0\ControleDeBar.Testes.Unidade.dll" adapterTypeName="executor://mstestadapter/v4" className="ControleDeBar.Testes.Unidade.Modulos.ModuloConta.ContaTests" name="Deve_RejeitarConta_ComGarcomVazio" />
    </UnitTest>
    <UnitTest name="Deve_BuscarProduto_CaseInsensitive" storage="c:\users\gutes\onedrive\desktop\super pasta\academia do programador\controle-de-bar-2026\tests\controledebar.testes.unidade\bin\release\net10.0\controledebar.testes.unidade.dll" id="19ac6aa1-c480-8012-b2f7-6135cea31c62">
      <Execution id="86e43a61-340e-44ed-99a0-be4c03c0b5ce" />
      <TestMethod codeBase="C:\Users\gutes\OneDrive\Desktop\Super Pasta\Academia do Programador\controle-de-bar-2026\tests\ControleDeBar.Testes.Unidade\bin\Release\net10.0\ControleDeBar.Testes.Unidade.dll" adapterTypeName="executor://mstestadapter/v4" className="ControleDeBar.Testes.Unidade.Modulos.ModuloProduto.ServicoProdutoTests" name="Deve_BuscarProduto_CaseInsensitive" />
    </UnitTest>
    <UnitTest name="Deve_SomarTotaisDeVariasContas" storage="c:\users\gutes\onedrive\desktop\super pasta\academia do programador\controle-de-bar-2026\tests\controledebar.testes.unidade\bin\release\net10.0\controledebar.testes.unidade.dll" id="1b5fc667-06ae-8f11-aa60-2f4c68eee3d6">
      <Execution id="8de8ed08-fe77-44ce-9316-60bd78fe26af" />
      <TestMethod codeBase="C:\Users\gutes\OneDrive\Desktop\Super Pasta\Academia do Programador\controle-de-bar-2026\tests\ControleDeBar.Testes.Unidade\bin\Release\net10.0\ControleDeBar.Testes.Unidade.dll" adapterTypeName="executor://mstestadapter/v4" className="ControleDeBar.Testes.Unidade.Modulos.ModuloFaturamento.ServicoFaturamentoTests" name="Deve_SomarTotaisDeVariasContas" />
    </UnitTest>
    <UnitTest name="Deve_RejeitarCadastro_ComNumeroDuplicado" storage="c:\users\gutes\onedrive\desktop\super pasta\academia do programador\controle-de-bar-2026\tests\controledebar.testes.unidade\bin\release\net10.0\controledebar.testes.unidade.dll" id="1e0377bf-5cbb-8a70-a18c-c7614eff0ac3">
      <Execution id="a55d498c-a786-4c5f-9136-9d4d492d8a4e" />
[...]
    <TestEntry testId="1599fa00-88cb-8924-80f7-a1b03a1d6bab" executionId="b551ec76-8a08-44a6-bdd0-51ecc07238b1" testListId="8c84fa94-04c1-424b-9868-57a2d4851a1d" />
    <TestEntry testId="178f3ccf-3931-84ef-b696-e2e38d015b4a" executionId="186c781d-787e-4e54-b6a5-a5eebdcf04a5" testListId="8c84fa94-04c1-424b-9868-57a2d4851a1d" />
    <TestEntry testId="127f0ed4-a189-81a7-a986-877aee6d9aa2" executionId="e9f68180-8789-434e-ad0c-9e8660923c98" testListId="8c84fa94-04c1-424b-9868-57a2d4851a1d" />
    <TestEntry testId="158655e8-30a4-8886-8d0c-3d5bb95e8ad8" executionId="1844ec10-69d6-46cb-90b8-548e7eccf609" testListId="8c84fa94-04c1-424b-9868-57a2d4851a1d" />
    <TestEntry testId="12ba124f-c869-8b90-93c4-bf1948161b16" executionId="8272d4f2-9812-48e1-9fd3-54d280a2d262" testListId="8c84fa94-04c1-424b-9868-57a2d4851a1d" />
    <TestEntry testId="12626c73-7fa9-8872-9098-5d2ee8d89667" executionId="4aafecdb-f7a3-4516-b27f-a4886155c979" testListId="8c84fa94-04c1-424b-9868-57a2d4851a1d" />
    <TestEntry testId="102476ad-cf68-8506-94b8-a2afeb2a2ef4" executionId="9895f805-8778-46d8-a4cb-91819d71e3d8" testListId="8c84fa94-04c1-424b-9868-57a2d4851a1d" />
    <TestEntry testId="12cb0d27-637d-8056-bcfe-607950dbb6ec" executionId="51eb1a95-8d08-46af-8186-4011d32dcd38" testListId="8c84fa94-04c1-424b-9868-57a2d4851a1d" />
    <TestEntry testId="1c8f8456-f143-8bbf-b328-0cc2ae40f1e0" executionId="e855260b-2476-43f1-b2c0-0086855cdbe5" testListId="8c84fa94-04c1-424b-9868-57a2d4851a1d" />
    <TestEntry testId="12554735-0c84-85bf-9d6e-25a46a9eae5d" executionId="c70c5f83-ad46-421c-8fc2-e97654eb4655" testListId="8c84fa94-04c1-424b-9868-57a2d4851a1d" />
    <TestEntry testId="1bf30f36-b940-839a-a472-4e77b5f4795c" executionId="bc4ce1c9-862f-48a1-b006-abccda8ef6c7" testListId="8c84fa94-04c1-424b-9868-57a2d4851a1d" />
    <TestEntry testId="1e4968f9-c99b-81c5-8ab1-7225219fdac8" executionId="13fec6ac-1b72-4955-bed1-77e204f6c3e1" testListId="8c84fa94-04c1-424b-9868-57a2d4851a1d" />
    <TestEntry testId="13ff7182-2434-8627-8ec5-4a23759d3d94" executionId="2b3941fe-728d-4626-9a3c-aee2f60c02cb" testListId="8c84fa94-04c1-424b-9868-57a2d4851a1d" />
    <TestEntry testId="1244f0d3-6cf3-832c-8c1d-d46fe8c633fe" executionId="4eb92ac7-7323-4e3b-a6d2-f92bffc97d7c" testListId="8c84fa94-04c1-424b-9868-57a2d4851a1d" />
    <TestEntry testId="185bc20a-9cb1-8799-94e4-e90a3c72b96d" executionId="bdac59e2-9249-4507-b3af-018c38d417bc" testListId="8c84fa94-04c1-424b-9868-57a2d4851a1d" />
    <TestEntry testId="157bd197-96b9-88e0-bfe8-0e6b82fd1a0e" executionId="ec2b33a3-361f-4e35-b7e2-370f3a98ad3b" testListId="8c84fa94-04c1-424b-9868-57a2d4851a1d" />
    <TestEntry testId="106cef5a-44d1-8945-b6bb-bdd6d0550141" executionId="bf6706f9-1263-4667-a37e-53b96d93493c" testListId="8c84fa94-04c1-424b-9868-57a2d4851a1d" />
    <TestEntry testId="1d1e6ec2-1867-86e2-ab4d-a108bf351019" executionId="d8b3d810-5183-4a51-b429-7596df93e427" testListId="8c84fa94-04c1-424b-9868-57a2d4851a1d" />
    <TestEntry testId="10e3dd7d-f2e5-8126-b588-ed1452e51f82" executionId="e30fd3cd-bda0-41dd-94ba-0e678d974916" testListId="8c84fa94-04c1-424b-9868-57a2d4851a1d" />
    <TestEntry testId="15f49fc9-cef3-8d71-bfdf-15dac189e23d" executionId="27ee6efc-8b05-49d1-8ad5-1fb860cb4bac" testListId="8c84fa94-04c1-424b-9868-57a2d4851a1d" />
    <TestEntry testId="1f5c42c3-43e8-8dd4-9a0a-c22aa0c26e62" executionId="eafff763-bcdb-4534-bd43-23f10acec135" testListId="8c84fa94-04c1-424b-9868-57a2d4851a1d" />
    <TestEntry testId="1a0a731e-7cdc-8fa2-92bb-535c26c31669" executionId="78bdc8bb-1053-45cf-b913-e8f29a35ca9b" testListId="8c84fa94-04c1-424b-9868-57a2d4851a1d" />
    <TestEntry testId="136640e5-a67d-87fb-90e5-a2df00a67617" executionId="935b8859-6984-4c80-a88a-0a1d7f428a05" testListId="8c84fa94-04c1-424b-9868-57a2d4851a1d" />
    <TestEntry testId="143cfe03-e0d4-8f1c-9209-ac4343d603a4" executionId="3f95f2b4-a7a4-4a9d-9656-b2f7be65756d" testListId="8c84fa94-04c1-424b-9868-57a2d4851a1d" />
    <TestEntry testId="17f3da92-0874-86bb-8979-7e437a4c92bb" executionId="63b56ff4-cb51-4a98-8d52-c90340913683" testListId="8c84fa94-04c1-424b-9868-57a2d4851a1d" />
    <TestEntry testId="1d62e587-1279-8891-aeee-04fd1e2e51c8" executionId="1187d004-bec7-4374-af51-68f8e558beff" testListId="8c84fa94-04c1-424b-9868-57a2d4851a1d" />
    <TestEntry testId="17b33f2e-b69d-8c65-90fe-1ab82096bc91" executionId="cb45eae1-20c7-4dec-be0f-2aa6d82891f5" testListId="8c84fa94-04c1-424b-9868-57a2d4851a1d" />
    <TestEntry testId="119517fd-8e2b-8c15-80e8-c24fa43e7b74" executionId="07c1a5c7-46b2-44bb-8ec9-438c3248c00c" testListId="8c84fa94-04c1-424b-9868-57a2d4851a1d" />
    <TestEntry testId="1e0eb0e2-f6d5-8de9-8d5f-f53fac475bd2" executionId="8a1374fd-f585-4c86-8139-d99e049491ce" testListId="8c84fa94-04c1-424b-9868-57a2d4851a1d" />
    <TestEntry testId="10dc8196-16b6-816b-b8ac-850dade4b3d2" executionId="6e1c38a6-31e2-4104-b4c0-a9e626aee994" testListId="8c84fa94-04c1-424b-9868-57a2d4851a1d" />
    <TestEntry testId="1c5bb8f8-26da-8ac2-b0ea-f3dd10ec57e0" executionId="bf7e8a1e-d58d-492c-b592-7085b2bb2ac5" testListId="8c84fa94-04c1-424b-9868-57a2d4851a1d" />
    <TestEntry testId="1eb6f729-e6af-8237-95ec-c796bed80271" executionId="03753fc2-a6c4-4b8d-ad18-893894e26c82" testListId="8c84fa94-04c1-424b-9868-57a2d4851a1d" />
    <TestEntry testId="19e83e97-0342-8e17-97d0-58a3211fb02c" executionId="a5ca4aa5-eff9-41fc-a064-414622bf9647" testListId="8c84fa94-04c1-424b-9868-57a2d4851a1d" />
    <TestEntry testId="1112e518-5ae1-8bad-aad8-d79fab32d5db" executionId="ffc6d544-b2dc-4a87-ad56-1e6b4db278e1" testListId="8c84fa94-04c1-424b-9868-57a2d4851a1d" />
    <TestEntry testId="1baabac6-3a32-8680-9848-45ed5a519e06" executionId="5f4247a8-2a7e-4262-b2bc-7c2958314a17" testListId="8c84fa94-04c1-424b-9868-57a2d4851a1d" />
    <TestEntry testId="19ac6aa1-c480-8012-b2f7-6135cea31c62" executionId="86e43a61-340e-44ed-99a0-be4c03c0b5ce" testListId="8c84fa94-04c1-424b-9868-57a2d4851a1d" />
    <TestEntry testId="1c8d143c-5109-844d-bd1b-9b8834e7e968" executionId="9a6f4134-81f0-4a72-b63f-3d286fe39bf9" testListId="8c84fa94-04c1-424b-9868-57a2d4851a1d" />
    <TestEntry testId="13d2c29b-9771-80ec-bfb0-2b32321bcaaa" executionId="7a975069-4f40-43d2-bcde-c854877e0ab8" testListId="8c84fa94-04c1-424b-9868-57a2d4851a1d" />
    <TestEntry testId="10073273-b9f2-8edb-8ddb-3b619d24ff1f" executionId="9ada5160-5b5c-406a-a91a-1a7ffb7e6cc4" testListId="8c84fa94-04c1-424b-9868-57a2d4851a1d" />
    <TestEntry testId="1245a0ed-022f-81e7-8dcf-6b545858b6d7" executionId="923ad5df-1fcd-4e67-8e02-dd06f80ba7c6" testListId="8c84fa94-04c1-424b-9868-57a2d4851a1d" />
    <TestEntry testId="11d03cd9-0d51-8cfe-aa87-63709acc5ae7" executionId="06da12f1-c91c-4362-8e2f-c49ad05a2c72" testListId="8c84fa94-04c1-424b-9868-57a2d4851a1d" />
    <TestEntry testId="1ada518d-2d23-8d38-b7f0-e5c6c0466749" executionId="b51e994c-3b39-4c86-9cc1-a8180858f8b0" testListId="8c84fa94-04c1-424b-9868-57a2d4851a1d" />
    <TestEntry testId="199cbb1d-c43d-814f-b936-ff5d04fdbb87" executionId="119f671b-1290-4aec-a4cb-ab015dd67cb6" testListId="8c84fa94-04c1-424b-9868-57a2d4851a1d" />
    <TestEntry testId="1e1d14b1-d16a-8530-937d-ea4872282337" executionId="ba454507-07cf-4657-9fa0-787958376a56" testListId="8c84fa94-04c1-424b-9868-57a2d4851a1d" />
    <TestEntry testId="1b9cfbbc-ad9f-8862-b5a1-7541c5ea58b1" executionId="efbccb82-dda1-49cd-8e90-0d396027902e" testListId="8c84fa94-04c1-424b-9868-57a2d4851a1d" />
    <TestEntry testId="1454a730-aa7c-87cc-9bab-87d99bc2dd8f" executionId="07b97bb8-20e3-4d14-963e-3388c38b06ae" testListId="8c84fa94-04c1-424b-9868-57a2d4851a1d" />
    <TestEntry testId="13727a93-f78c-81fa-9d62-ba6642e9b73e" executionId="7b6f616e-2d92-4002-b7c9-8f12617a1932" testListId="8c84fa94-04c1-424b-9868-57a2d4851a1d" />
    <TestEntry testId="12149b7d-7498-8d21-9565-1445320bf251" executionId="65074934-24c5-48fc-a2c7-35a2600b086d" testListId="8c84fa94-04c1-424b-9868-57a2d4851a1d" />
    <TestEntry testId="103f6ce5-fc3d-8b1c-9d35-14f42d23db61" executionId="b847d913-a875-4539-a798-987753532faf" testListId="8c84fa94-04c1-424b-9868-57a2d4851a1d" />
    <TestEntry testId="1d70a0ac-9c28-848e-a3ae-2f77b057f35f" executionId="b9592ea3-18a6-4e7c-87b7-0e1fa2e4c13d" testListId="8c84fa94-04c1-424b-9868-57a2d4851a1d" />
    <TestEntry testId="1ef6b546-5d31-8dd0-bc41-55e8887b2625" executionId="e5fa1dcd-0ff5-43e4-8b1d-fc1223971c52" testListId="8c84fa94-04c1-424b-9868-57a2d4851a1d" />
    <TestEntry testId="1f1b0beb-88ee-814b-8e8b-34daa0ef3b89" executionId="cd1bbe4c-9d56-4b48-ba53-c0dc6a0b2785" testListId="8c84fa94-04c1-424b-9868-57a2d4851a1d" />
    <TestEntry testId="1e760faf-d64b-8e99-a1c4-b9e10395feaa" executionId="f9f2150c-4f51-45ea-8b72-87f5599b4c85" testListId="8c84fa94-04c1-424b-9868-57a2d4851a1d" />
    <TestEntry testId="10fe7a7e-2bd4-893e-86b2-f8a49760412d" executionId="dc5184ee-be8d-4b03-9141-ff3bab40225c" testListId="8c84fa94-04c1-424b-9868-57a2d4851a1d" />
    <TestEntry testId="18d50564-1b8d-81d8-a15a-28ce00320479" executionId="92468c55-a62e-4eeb-a671-235b8aab49ce" testListId="8c84fa94-04c1-424b-9868-57a2d4851a1d" />
    <TestEntry testId="15f52b52-da4a-8710-abbe-7320e9f7d2fe" executionId="133b3a67-00de-4445-8fc5-983f7f7a4533" testListId="8c84fa94-04c1-424b-9868-57a2d4851a1d" />
    <TestEntry testId="16693f75-db38-8046-a1bb-d7f644945462" executionId="0d2d3435-fa67-4e96-bc63-a83146976fc9" testListId="8c84fa94-04c1-424b-9868-57a2d4851a1d" />
    <TestEntry testId="16e68e48-6f57-893e-878b-64b4a2db1994" executionId="fe011396-2ea7-45af-94cd-5868400906f1" testListId="8c84fa94-04c1-424b-9868-57a2d4851a1d" />
    <TestEntry testId="1c1fb24d-daf1-8427-8eb6-0abbaa076a87" executionId="cdd05846-f0f4-4917-84ff-013871529f16" testListId="8c84fa94-04c1-424b-9868-57a2d4851a1d" />
    <TestEntry testId="1bf28ad5-0ee5-8570-9acc-a899925e1afb" executionId="7140165a-cfa4-48c1-bdb0-67acbfd3ba9c" testListId="8c84fa94-04c1-424b-9868-57a2d4851a1d" />
    <TestEntry testId="19e932b7-4d25-8727-bd97-f3d5113c556a" executionId="d7e660fe-6229-4d2d-8bd5-7c1ed804d491" testListId="8c84fa94-04c1-424b-9868-57a2d4851a1d" />
    <TestEntry testId="1059eef8-ff83-87b4-906d-6deb42bd346a" executionId="226a0970-2df8-4b77-abeb-6147cc156b0a" testListId="8c84fa94-04c1-424b-9868-57a2d4851a1d" />
    <TestEntry testId="14697b19-4353-8c73-9a13-ba1454cefdba" executionId="f456ba38-8b90-4bfd-abaa-992544a0f8f0" testListId="8c84fa94-04c1-424b-9868-57a2d4851a1d" />
    <TestEntry testId="1b2aba67-6e71-84a1-be0f-878b56b00d0a" executionId="4c18ec15-0acb-4f3b-8922-fef4edcbe244" testListId="8c84fa94-04c1-424b-9868-57a2d4851a1d" />
    <TestEntry testId="1c594621-07e1-8263-bc40-78a10b90fdd2" executionId="3d60c2d9-e88b-4975-8743-449e7543c862" testListId="8c84fa94-04c1-424b-9868-57a2d4851a1d" />
    <TestEntry testId="10389f75-736c-8dce-97ac-9515cc8e3d48" executionId="92000a4f-51c7-4a48-af4a-fb8a2b62962c" testListId="8c84fa94-04c1-424b-9868-57a2d4851a1d" />
    <TestEntry testId="11c88810-ee9b-8cc5-b76e-db7b8d440d96" executionId="e508c2b0-1ac3-4640-a535-08c7f66ec870" testListId="8c84fa94-04c1-424b-9868-57a2d4851a1d" />
    <TestEntry testId="181613de-5237-8e9a-84cb-60dee8240baf" executionId="6cd9ac94-c732-4a7d-9865-054f0abbbb84" testListId="8c84fa94-04c1-424b-9868-57a2d4851a1d" />
    <TestEntry testId="1bb73d13-7471-81d2-ae85-d2f63072333f" executionId="26ad1244-7b25-4e0e-8da4-12851e0b995c" testListId="8c84fa94-04c1-424b-9868-57a2d4851a1d" />
    <TestEntry testId="16ccb927-4195-82a9-b38c-30cd1fdd8d26" executionId="cd1cc911-79a1-42a9-a49f-83ede16b0779" testListId="8c84fa94-04c1-424b-9868-57a2d4851a1d" />
    <TestEntry testId="1a1d56ed-07af-81ba-afdf-d2f14922505f" executionId="85944b25-9fd4-4bb8-bb34-59ffa98ae144" testListId="8c84fa94-04c1-424b-9868-57a2d4851a1d" />
    <TestEntry testId="19bca11d-e30a-89c2-8ac7-9b5de86da83d" executionId="8b4a3e5d-9534-4d11-9943-8f7a667fa601" testListId="8c84fa94-04c1-424b-9868-57a2d4851a1d" />
    <TestEntry testId="1eab1f60-59c6-8ef0-98f1-9501a35a6179" executionId="6d2630a3-50b6-4a54-a0a5-fd81be8c1143" testListId="8c84fa94-04c1-424b-9868-57a2d4851a1d" />
    <TestEntry testId="1bc8e164-c03e-892a-b5cf-85667361afc0" executionId="31742cfb-ee8a-4d34-bf8b-bf391e8770e5" testListId="8c84fa94-04c1-424b-9868-57a2d4851a1d" />
    <TestEntry testId="17f95518-1e06-812b-bdea-3604cd616390" executionId="74ea10b2-5213-4eb0-86ef-4bdd565cee2f" testListId="8c84fa94-04c1-424b-9868-57a2d4851a1d" />
    <TestEntry testId="17b76fb1-6ef7-898a-80ee-07bfc996de73" executionId="b17e8576-56d8-4e17-bda9-f7b7235b5ffd" testListId="8c84fa94-04c1-424b-9868-57a2d4851a1d" />
    <TestEntry testId="14ade5d9-5156-8005-8914-cf73b429cf99" executionId="f2e36463-19ef-48d9-bf3d-aa16f39c7d7d" testListId="8c84fa94-04c1-424b-9868-57a2d4851a1d" />
    <TestEntry testId="1b7494eb-3c82-86da-b4cc-1a7c7b6d39b6" executionId="84e48278-bb92-4cb1-92be-f8e334eba321" testListId="8c84fa94-04c1-424b-9868-57a2d4851a1d" />
    <TestEntry testId="1d44ceb5-225d-819a-84a9-4a47f694923b" executionId="689618c2-3674-419a-9fca-64d1b89c0a2a" testListId="8c84fa94-04c1-424b-9868-57a2d4851a1d" />
    <TestEntry testId="1b5fc667-06ae-8f11-aa60-2f4c68eee3d6" executionId="8de8ed08-fe77-44ce-9316-60bd78fe26af" testListId="8c84fa94-04c1-424b-9868-57a2d4851a1d" />
    <TestEntry testId="10b865ba-34bc-8bd3-b2e0-6fcec6348eed" executionId="d525084a-e6c7-4e3a-93b9-0fdebdad8a1e" testListId="8c84fa94-04c1-424b-9868-57a2d4851a1d" />
    <TestEntry testId="18a6b69d-1945-8711-b3d8-edaa9c65bd0e" executionId="79837e12-f0a5-4849-b626-824ba81a21f2" testListId="8c84fa94-04c1-424b-9868-57a2d4851a1d" />
    <TestEntry testId="14b4ef31-d015-8fcc-b661-2a5eb8122252" executionId="9ee10761-390e-4995-a0c7-979df6c83274" testListId="8c84fa94-04c1-424b-9868-57a2d4851a1d" />
    <TestEntry testId="1a11c634-2a69-87f6-a5ea-d700daf4ac1e" executionId="105c4e12-aa7b-4b76-8ca8-31f8fc3dd46b" testListId="8c84fa94-04c1-424b-9868-57a2d4851a1d" />
    <TestEntry testId="1d2be902-2443-812b-a71e-3fa9a795f920" executionId="a2b956cb-3c81-436d-ac5a-050781a5043a" testListId="8c84fa94-04c1-424b-9868-57a2d4851a1d" />
    <TestEntry testId="1aea3025-00e5-8fd0-b4d6-0cb9658c0f3c" executionId="afaf97eb-a040-4be8-9e45-5932c12132f3" testListId="8c84fa94-04c1-424b-9868-57a2d4851a1d" />
    <TestEntry testId="1bbeb39f-41af-8965-a3a4-442a948e10e2" executionId="79f69c74-db99-40e5-a93f-60396484b6fb" testListId="8c84fa94-04c1-424b-9868-57a2d4851a1d" />
    <TestEntry testId="1182c909-26c2-8864-a165-d723f70d54de" executionId="919264c0-fabc-42ad-ad9c-5964f5beb7c8" testListId="8c84fa94-04c1-424b-9868-57a2d4851a1d" />
    <TestEntry testId="1552a7ed-b2df-843f-b4bf-80b96f4b93d3" executionId="0f81f27f-109a-4492-9532-b6151a5b3fbf" testListId="8c84fa94-04c1-424b-9868-57a2d4851a1d" />
    <TestEntry testId="1979ce0c-e927-844e-9aa8-c38ed521fa17" executionId="12bbc133-61e1-46af-a332-ec5f484d9cd5" testListId="8c84fa94-04c1-424b-9868-57a2d4851a1d" />
    <TestEntry testId="1c77db22-0da3-8905-8e34-7ea4df980e5f" executionId="9bfd6aad-a383-4969-9516-ab0bda54b5aa" testListId="8c84fa94-04c1-424b-9868-57a2d4851a1d" />
    <TestEntry testId="14089269-bacf-8437-8413-c9e07c43ee63" executionId="56c2ec96-9940-4354-803c-a1c6142663df" testListId="8c84fa94-04c1-424b-9868-57a2d4851a1d" />
    <TestEntry testId="169daaa9-9c9e-8bb1-80dd-8e5f3ed2ce45" executionId="446470ed-7094-4de1-a496-bfec8140e119" testListId="8c84fa94-04c1-424b-9868-57a2d4851a1d" />
    <TestEntry testId="1cf7719e-e303-8526-93da-86c867509a81" executionId="79630848-e673-4e7c-aa46-d90f95ffc1fb" testListId="8c84fa94-04c1-424b-9868-57a2d4851a1d" />
    <TestEntry testId="1800c55b-38b0-8702-b18e-ee6f96e2cc32" executionId="4bc7fa42-1abe-4325-800c-13f11ed19193" testListId="8c84fa94-04c1-424b-9868-57a2d4851a1d" />
    <TestEntry testId="1035a211-125b-8826-906a-072918990646" executionId="702b913b-01d3-48c9-b34b-f124d355fdfb" testListId="8c84fa94-04c1-424b-9868-57a2d4851a1d" />
    <TestEntry testId="1f367240-2d58-8fca-8541-53117dad2039" executionId="51e1fafc-f9b1-49cd-9b4b-08b467ea62df" testListId="8c84fa94-04c1-424b-9868-57a2d4851a1d" />
    <TestEntry testId="1e807675-775c-84ea-bec8-24af519df9fc" executionId="beec2c03-316b-44d9-ba52-66a8d7408df1" testListId="8c84fa94-04c1-424b-9868-57a2d4851a1d" />
    <TestEntry testId="1b1e9853-196b-8016-a63e-7575d63d411a" executionId="3b0af2bd-0d1b-402a-8e9c-f2fd41f731f4" testListId="8c84fa94-04c1-424b-9868-57a2d4851a1d" />
    <TestEntry testId="1f2f8dc1-e206-8c6f-91ec-ba69c81c133c" executionId="4c16af38-5efb-4979-8bec-55ed45fbb3fe" testListId="8c84fa94-04c1-424b-9868-57a2d4851a1d" />
    <TestEntry testId="1e0377bf-5cbb-8a70-a18c-c7614eff0ac3" executionId="a55d498c-a786-4c5f-9136-9d4d492d8a4e" testListId="8c84fa94-04c1-424b-9868-57a2d4851a1d" />
    <TestEntry testId="11eb6a78-9209-8637-8507-8f84c3eb5754" executionId="af681f5a-a94e-444b-96c9-4e3915552c5f" testListId="8c84fa94-04c1-424b-9868-57a2d4851a1d" />
    <TestEntry testId="1e5efdee-422a-8b9f-82f5-507b209f8ddb" executionId="bf2859d6-9986-411b-8722-bec8fc0fdf8c" testListId="8c84fa94-04c1-424b-9868-57a2d4851a1d" />
    <TestEntry testId="13d2b162-88c6-85f1-bb1a-5dd4cf508456" executionId="cf9e9d18-28f5-4005-8527-6409f531ec64" testListId="8c84fa94-04c1-424b-9868-57a2d4851a1d" />
    <TestEntry testId="10c20138-feb6-8606-a767-cc3682ffe064" executionId="933fa64d-9162-49c7-97e4-ce2f9b4152ff" testListId="8c84fa94-04c1-424b-9868-57a2d4851a1d" />
    <TestEntry testId="1253236e-7266-88bc-98af-9981f30b6dd6" executionId="d3148783-ba4b-42cf-b301-88703d37ba82" testListId="8c84fa94-04c1-424b-9868-57a2d4851a1d" />
    <TestEntry testId="1e53106c-b162-81d1-9f16-e3f669dcbd0b" executionId="b64b3c09-817f-43cc-a717-316926fb98ba" testListId="8c84fa94-04c1-424b-9868-57a2d4851a1d" />
    <TestEntry testId="15c929ce-4335-83bc-9be2-45e13eeaf2b1" executionId="24360100-2993-4edf-b96b-eb09fdc07cc4" testListId="8c84fa94-04c1-424b-9868-57a2d4851a1d" />
    <TestEntry testId="1a0011a6-88e6-8339-8d10-6865f03e49a3" executionId="3f1c3503-3661-40ee-b50f-10dc61ec78de" testListId="8c84fa94-04c1-424b-9868-57a2d4851a1d" />
    <TestEntry testId="1ba7a502-674d-8410-b930-e92033fe3b4a" executionId="764f6344-fa27-46b5-b0df-c067cd1b4f29" testListId="8c84fa94-04c1-424b-9868-57a2d4851a1d" />
    <TestEntry testId="13ac9c44-f770-86f6-9041-851f6c76f662" executionId="3524a3df-1ef6-41db-bb44-b035ffd0256c" testListId="8c84fa94-04c1-424b-9868-57a2d4851a1d" />
    <TestEntry testId="19840f18-1f10-8ec0-af00-5551623bb41f" executionId="70e577ac-5088-4799-a8b6-aa5bae450288" testListId="8c84fa94-04c1-424b-9868-57a2d4851a1d" />
    <TestEntry testId="143dbe98-6a5d-8ccc-a721-771f27a050d9" executionId="9c0b6dfe-fe71-4372-97da-2859aa6fa85a" testListId="8c84fa94-04c1-424b-9868-57a2d4851a1d" />
  </TestEntries>
  <TestLists>
    <TestList name="Resultados que não estão em uma lista" id="8c84fa94-04c1-424b-9868-57a2d4851a1d" />
    <TestList name="Todos os resultados carregados" id="19431567-8539-422a-85d7-44ee4e166bda" />
  </TestLists>
  <ResultSummary outcome="Completed">
    <Counters total="128" executed="128" passed="128" failed="0" error="0" timeout="0" aborted="0" inconclusive="0" passedButRunAborted="0" notRunnable="0" notExecuted="0" disconnected="0" warning="0" completed="0" inProgress="0" pending="0" />
    <Output>
      <StdOut>Paralelização de Teste habilitada para C:\Users\gutes\OneDrive\Desktop\Super Pasta\Academia do Programador\controle-de-bar-2026\tests\ControleDeBar.Testes.Unidade\bin\Release\net10.0\ControleDeBar.Testes.Unidade.dll (Workers: 4, Scope: MethodLevel)&#xD;
</StdOut>
    </Output>
    <CollectorDataEntries>
      <Collector agentName="DESKTOP-N8P4M4D" uri="datacollector://microsoft/CoverletCodeCoverage/1.0" collectorDisplayName="XPlat code coverage">
        <UriAttachments>
          <UriAttachment>
            <A href="DESKTOP-N8P4M4D\coverage.cobertura.xml"></A>
          </UriAttachment>
        </UriAttachments>
      </Collector>
    </CollectorDataEntries>
  </ResultSummary>
</TestRun>