<?xml version="1.0" encoding="utf-8"?>
<TestRun id="463b32b7-914a-4eaa-b7e6-88a8758ea708" name="gutes@DESKTOP-N8P4M4D 2026-08-24 02:46:21" runUser="DESKTOP-N8P4M4D\gutes" xmlns="http://microsoft.com/schemas/VisualStudio/TeamTest/2010">
  <Times creation="2026-08-24T02:46:21.2337753-03:00" queuing="2026-08-24T02:46:21.2337758-03:00" start="2026-08-24T02:46:17.8886489-03:00" finish="2026-08-24T02:46:35.9454183-03:00" />
  <TestSettings name="default" id="d8e88fd1-4633-40c8-b138-23d4af4fd19c">
    <Deployment runDeploymentRoot="gutes_DESKTOP-N8P4M4D_2026-08-24_02_46_21" />
  </TestSettings>
  <Results>
    <UnitTestResult executionId="97ccf3cc-4e17-40cd-aaa7-02d982e04f01" testId="110fc0c9-6aed-8e2b-934c-fdc940b2d368" testName="Deve_FecharConta_EmFluxoCompleto" computerName="DESKTOP-N8P4M4D" duration="00:00:01.0582518" startTime="2026-08-24T02:46:32.7209376-03:00" endTime="2026-08-24T02:46:33.7793088-03:00" testType="13cdc9d9-ddb5-4fa4-a97d-d965ccfc6d4b" outcome="Passed" testListId="8c84fa94-04c1-424b-9868-57a2d4851a1d" relativeResultsDirectory="97ccf3cc-4e17-40cd-aaa7-02d982e04f01">
      <Output>
        <StdOut>[02:46:32 INF] Now listening on: http://127.0.0.1:64255&#xD;
[02:46:32 INF] Application started. Press Ctrl+C to shut down.&#xD;
[02:46:32 INF] Hosting environment: Testing&#xD;
[02:46:32 INF] Content root path: C:\Users\gutes\OneDrive\Desktop\Super Pasta\Academia do Programador\controle-de-bar-2026\src\ControleDeBar.WebApp&#xD;
[02:46:32 INF] Saved 1 entities to in-memory store.&#xD;
[02:46:33 INF] Application is shutting down...</StdOut>
      </Output>
    </UnitTestResult>
    <UnitTestResult executionId="d4f4992f-d74c-4ff9-a13e-1214575aaffd" testId="153ab034-f714-85c9-90c4-230110d67936" testName="Deve_RejeitarAdicao_QuandoProdutoNaoSelecionado" computerName="DESKTOP-N8P4M4D" duration="00:00:01.0743239" startTime="2026-08-24T02:46:23.1110575-03:00" endTime="2026-08-24T02:46:24.1855207-03:00" testType="13cdc9d9-ddb5-4fa4-a97d-d965ccfc6d4b" outcome="Passed" testListId="8c84fa94-04c1-424b-9868-57a2d4851a1d" relativeResultsDirectory="d4f4992f-d74c-4ff9-a13e-1214575aaffd">
      <Output>
        <StdOut>[02:46:23 INF] Now listening on: http://127.0.0.1:64115&#xD;
[02:46:23 INF] Application started. Press Ctrl+C to shut down.&#xD;
[02:46:23 INF] Hosting environment: Testing&#xD;
[02:46:23 INF] Content root path: C:\Users\gutes\OneDrive\Desktop\Super Pasta\Academia do Programador\controle-de-bar-2026\src\ControleDeBar.WebApp&#xD;
[02:46:23 INF] Saved 1 entities to in-memory store.&#xD;
[02:46:24 INF] Application is shutting down...</StdOut>
      </Output>
    </UnitTestResult>
    <UnitTestResult executionId="3c68c8c0-9a9a-4714-997a-f66f2794fc8d" testId="1b1a4a78-1030-8580-b9f3-f0b065710351" testName="Deve_ExecutarCrudCompleto_DeGarcom" computerName="DESKTOP-N8P4M4D" duration="00:00:00.9133746" startTime="2026-08-24T02:46:27.9008657-03:00" endTime="2026-08-24T02:46:28.8143539-03:00" testType="13cdc9d9-ddb5-4fa4-a97d-d965ccfc6d4b" outcome="Passed" testListId="8c84fa94-04c1-424b-9868-57a2d4851a1d" relativeResultsDirectory="3c68c8c0-9a9a-4714-997a-f66f2794fc8d">
      <Output>
        <StdOut>[02:46:27 INF] Now listening on: http://127.0.0.1:64179&#xD;
[02:46:27 INF] Application started. Press Ctrl+C to shut down.&#xD;
[02:46:27 INF] Hosting environment: Testing&#xD;
[02:46:27 INF] Content root path: C:\Users\gutes\OneDrive\Desktop\Super Pasta\Academia do Programador\controle-de-bar-2026\src\ControleDeBar.WebApp&#xD;
[02:46:28 INF] Saved 1 entities to in-memory store.&#xD;
[02:46:28 INF] Application is shutting down...</StdOut>
      </Output>
    </UnitTestResult>
    <UnitTestResult executionId="e606fc2c-915b-428f-8cb8-edfe8929d3fe" testId="1772f63c-9bce-851d-ba1c-ed3dc387e2a4" testName="Deve_RejeitarAbertura_QuandoNomeClienteVazio" computerName="DESKTOP-N8P4M4D" duration="00:00:00.8813817" startTime="2026-08-24T02:46:31.1959384-03:00" endTime="2026-08-24T02:46:32.0774489-03:00" testType="13cdc9d9-ddb5-4fa4-a97d-d965ccfc6d4b" outcome="Passed" testListId="8c84fa94-04c1-424b-9868-57a2d4851a1d" relativeResultsDirectory="e606fc2c-915b-428f-8cb8-edfe8929d3fe">
      <Output>
        <StdOut>[02:46:31 INF] Now listening on: http://127.0.0.1:64231&#xD;
[02:46:31 INF] Application started. Press Ctrl+C to shut down.&#xD;
[02:46:31 INF] Hosting environment: Testing&#xD;
[02:46:31 INF] Content root path: C:\Users\gutes\OneDrive\Desktop\Super Pasta\Academia do Programador\controle-de-bar-2026\src\ControleDeBar.WebApp&#xD;
[02:46:31 INF] Saved 1 entities to in-memory store.&#xD;
[02:46:32 INF] Application is shutting down...</StdOut>
      </Output>
    </UnitTestResult>
    <UnitTestResult executionId="5803d17c-3475-4935-a2a2-27405027f566" testId="1de31288-efa7-8dbe-8320-7e8038998232" testName="Deve_RejeitarCadastro_DeProdutoComNomeDuplicado" computerName="DESKTOP-N8P4M4D" duration="00:00:00.8265272" startTime="2026-08-24T02:46:20.9868452-03:00" endTime="2026-08-24T02:46:21.8137576-03:00" testType="13cdc9d9-ddb5-4fa4-a97d-d965ccfc6d4b" outcome="Passed" testListId="8c84fa94-04c1-424b-9868-57a2d4851a1d" relativeResultsDirectory="5803d17c-3475-4935-a2a2-27405027f566">
      <Output>
        <StdOut>[02:46:21 INF] Now listening on: http://127.0.0.1:64071&#xD;
[02:46:21 INF] Application started. Press Ctrl+C to shut down.&#xD;
[02:46:21 INF] Hosting environment: Testing&#xD;
[02:46:21 INF] Content root path: C:\Users\gutes\OneDrive\Desktop\Super Pasta\Academia do Programador\controle-de-bar-2026\src\ControleDeBar.WebApp&#xD;
[02:46:21 INF] Saved 1 entities to in-memory store.&#xD;
[02:46:21 INF] Application is shutting down...</StdOut>
      </Output>
    </UnitTestResult>
    <UnitTestResult executionId="7812d6d1-ca56-4010-9630-3ccd3e351205" testId="16b322d8-5e3e-8d47-96fc-d71003674690" testName="Deve_RemoverPedido_UnicoEAtualizarTotal" computerName="DESKTOP-N8P4M4D" duration="00:00:01.4155250" startTime="2026-08-24T02:46:24.0877841-03:00" endTime="2026-08-24T02:46:25.5034285-03:00" testType="13cdc9d9-ddb5-4fa4-a97d-d965ccfc6d4b" outcome="Passed" testListId="8c84fa94-04c1-424b-9868-57a2d4851a1d" relativeResultsDirectory="7812d6d1-ca56-4010-9630-3ccd3e351205">
      <Output>
        <StdOut>[02:46:24 INF] Now listening on: http://127.0.0.1:64123&#xD;
[02:46:24 INF] Application started. Press Ctrl+C to shut down.&#xD;
[02:46:24 INF] Hosting environment: Testing&#xD;
[02:46:24 INF] Content root path: C:\Users\gutes\OneDrive\Desktop\Super Pasta\Academia do Programador\controle-de-bar-2026\src\ControleDeBar.WebApp&#xD;
[02:46:24 INF] Saved 1 entities to in-memory store.&#xD;
[02:46:25 INF] Application is shutting down...</StdOut>
      </Output>
    </UnitTestResult>
    <UnitTestResult executionId="2dfb209b-17d8-446f-8620-3e249193752e" testId="1b0d8111-c93a-873c-ac1d-da6f4f59d8fe" testName="Deve_IsolarVisualmente_DadosEntreEstabelecimentos" computerName="DESKTOP-N8P4M4D" duration="00:00:01.7581515" startTime="2026-08-24T02:46:34.0833201-03:00" endTime="2026-08-24T02:46:35.8426404-03:00" testType="13cdc9d9-ddb5-4fa4-a97d-d965ccfc6d4b" outcome="Passed" testListId="8c84fa94-04c1-424b-9868-57a2d4851a1d" relativeResultsDirectory="2dfb209b-17d8-446f-8620-3e249193752e">
      <Output>
        <StdOut>[02:46:34 INF] Now listening on: http://127.0.0.1:64291&#xD;
[02:46:34 INF] Application started. Press Ctrl+C to shut down.&#xD;
[02:46:34 INF] Hosting environment: Testing&#xD;
[02:46:34 INF] Content root path: C:\Users\gutes\OneDrive\Desktop\Super Pasta\Academia do Programador\controle-de-bar-2026\src\ControleDeBar.WebApp&#xD;
[02:46:34 INF] Saved 1 entities to in-memory store.&#xD;
[02:46:35 INF] Saved 1 entities to in-memory store.&#xD;
[02:46:35 INF] Application is shutting down...</StdOut>
      </Output>
    </UnitTestResult>
    <UnitTestResult executionId="ba2b5138-9dd7-451e-8e6a-fe5ced69d249" testId="1412fa6c-b1d5-834e-8655-0bea9e123b21" testName="Deve_BuscarProduto_CaseInsensitive" computerName="DESKTOP-N8P4M4D" duration="00:00:00.7261149" startTime="2026-08-24T02:46:21.8138664-03:00" endTime="2026-08-24T02:46:22.5401293-03:00" testType="13cdc9d9-ddb5-4fa4-a97d-d965ccfc6d4b" outcome="Passed" testListId="8c84fa94-04c1-424b-9868-57a2d4851a1d" relativeResultsDirectory="ba2b5138-9dd7-451e-8e6a-fe5ced69d249">
      <Output>
        <StdOut>[02:46:21 INF] Now listening on: http://127.0.0.1:64087&#xD;
[02:46:21 INF] Application started. Press Ctrl+C to shut down.&#xD;
[02:46:21 INF] Hosting environment: Testing&#xD;
[02:46:21 INF] Content root path: C:\Users\gutes\OneDrive\Desktop\Super Pasta\Academia do Programador\controle-de-bar-2026\src\ControleDeBar.WebApp&#xD;
[02:46:21 INF] Saved 1 entities to in-memory store.&#xD;
[02:46:22 INF] Application is shutting down...</StdOut>
      </Output>
    </UnitTestResult>
    <UnitTestResult executionId="4b003e2b-0fe8-474b-84a1-5ffe57284e8d" testId="118e71fd-8b37-805b-b9fc-f5bd2b84d8c1" testName="Deve_IsolarProdutos_EntreUsuariosDiferentes" computerName="DESKTOP-N8P4M4D" duration="00:00:00.9507194" startTime="2026-08-24T02:46:22.0098266-03:00" endTime="2026-08-24T02:46:22.9607222-03:00" testType="13cdc9d9-ddb5-4fa4-a97d-d965ccfc6d4b" outcome="Passed" testListId="8c84fa94-04c1-424b-9868-57a2d4851a1d" relativeResultsDirectory="4b003e2b-0fe8-474b-84a1-5ffe57284e8d">
      <Output>
        <StdOut>[02:46:22 INF] Now listening on: http://127.0.0.1:64093&#xD;
[02:46:22 INF] Application started. Press Ctrl+C to shut down.&#xD;
[02:46:22 INF] Hosting environment: Testing&#xD;
[02:46:22 INF] Content root path: C:\Users\gutes\OneDrive\Desktop\Super Pasta\Academia do Programador\controle-de-bar-2026\src\ControleDeBar.WebApp&#xD;
[02:46:22 INF] Saved 1 entities to in-memory store.&#xD;
[02:46:22 INF] Application is shutting down...</StdOut>
      </Output>
    </UnitTestResult>
    <UnitTestResult executionId="0684656a-7867-4b94-9ec3-9ee95423e5f6" testId="1df690ac-34e6-89c3-81ab-b908bfc2848a" testName="Deve_RejeitarAdicao_QuandoQuantidadeForZero" computerName="DESKTOP-N8P4M4D" duration="00:00:01.2103657" startTime="2026-08-24T02:46:23.6882666-03:00" endTime="2026-08-24T02:46:24.8987784-03:00" testType="13cdc9d9-ddb5-4fa4-a97d-d965ccfc6d4b" outcome="Passed" testListId="8c84fa94-04c1-424b-9868-57a2d4851a1d" relativeResultsDirectory="0684656a-7867-4b94-9ec3-9ee95423e5f6">
      <Output>
        <StdOut>[02:46:23 INF] Now listening on: http://127.0.0.1:64119&#xD;
[02:46:23 INF] Application started. Press Ctrl+C to shut down.&#xD;
[02:46:23 INF] Hosting environment: Testing&#xD;
[02:46:23 INF] Content root path: C:\Users\gutes\OneDrive\Desktop\Super Pasta\Academia do Programador\controle-de-bar-2026\src\ControleDeBar.WebApp&#xD;
[02:46:23 INF] Saved 1 entities to in-memory store.&#xD;
[02:46:24 INF] Application is shutting down...</StdOut>
      </Output>
    </UnitTestResult>
    <UnitTestResult executionId="ded3a4cc-da14-467f-85cd-6e01ef22a4e2" testId="1bb29a36-eb10-8e7d-a473-90fc7dd529d2" testName="Deve_RejeitarExclusaoDeProdutoVinculadoAUmPedido" computerName="DESKTOP-N8P4M4D" duration="00:00:01.4173233" startTime="2026-08-24T02:46:25.9344362-03:00" endTime="2026-08-24T02:46:27.3518680-03:00" testType="13cdc9d9-ddb5-4fa4-a97d-d965ccfc6d4b" outcome="Passed" testListId="8c84fa94-04c1-424b-9868-57a2d4851a1d" relativeResultsDirectory="ded3a4cc-da14-467f-85cd-6e01ef22a4e2">
      <Output>
        <StdOut>[02:46:26 INF] Now listening on: http://127.0.0.1:64147&#xD;
[02:46:26 INF] Application started. Press Ctrl+C to shut down.&#xD;
[02:46:26 INF] Hosting environment: Testing&#xD;
[02:46:26 INF] Content root path: C:\Users\gutes\OneDrive\Desktop\Super Pasta\Academia do Programador\controle-de-bar-2026\src\ControleDeBar.WebApp&#xD;
[02:46:26 INF] Saved 1 entities to in-memory store.&#xD;
[02:46:27 INF] Application is shutting down...</StdOut>
      </Output>
    </UnitTestResult>
    <UnitTestResult executionId="bf0beb82-75a1-4707-b44c-84fbeb1d3ce6" testId="18429867-d945-8350-90d0-af774f261fad" testName="Deve_IsolarGarcons_EntreUsuariosDiferentes" computerName="DESKTOP-N8P4M4D" duration="00:00:00.9232621" startTime="2026-08-24T02:46:28.4248922-03:00" endTime="2026-08-24T02:46:29.3482847-03:00" testType="13cdc9d9-ddb5-4fa4-a97d-d965ccfc6d4b" outcome="Passed" testListId="8c84fa94-04c1-424b-9868-57a2d4851a1d" relativeResultsDirectory="bf0beb82-75a1-4707-b44c-84fbeb1d3ce6">
      <Output>
        <StdOut>[02:46:28 INF] Now listening on: http://127.0.0.1:64191&#xD;
[02:46:28 INF] Application started. Press Ctrl+C to shut down.&#xD;
[02:46:28 INF] Hosting environment: Testing&#xD;
[02:46:28 INF] Content root path: C:\Users\gutes\OneDrive\Desktop\Super Pasta\Academia do Programador\controle-de-bar-2026\src\ControleDeBar.WebApp&#xD;
[02:46:28 INF] Saved 1 entities to in-memory store.&#xD;
[02:46:29 INF] Application is shutting down...</StdOut>
      </Output>
    </UnitTestResult>
    <UnitTestResult executionId="2505c212-b6d3-484d-b958-065d72864876" testId="1d06b663-43df-8aca-bc82-b7107ec32e01" testName="Deve_ExigirAutenticacao_AposLogout_AoAcessarRotaProtegida" computerName="DESKTOP-N8P4M4D" duration="00:00:00.6113520" startTime="2026-08-24T02:46:33.7793977-03:00" endTime="2026-08-24T02:46:34.3908603-03:00" testType="13cdc9d9-ddb5-4fa4-a97d-d965ccfc6d4b" outcome="Passed" testListId="8c84fa94-04c1-424b-9868-57a2d4851a1d" relativeResultsDirectory="2505c212-b6d3-484d-b958-065d72864876">
      <Output>
        <StdOut>[02:46:33 INF] Now listening on: http://127.0.0.1:64280&#xD;
[02:46:33 INF] Application started. Press Ctrl+C to shut down.&#xD;
[02:46:33 INF] Hosting environment: Testing&#xD;
[02:46:33 INF] Content root path: C:\Users\gutes\OneDrive\Desktop\Super Pasta\Academia do Programador\controle-de-bar-2026\src\ControleDeBar.WebApp&#xD;
[02:46:33 INF] Saved 1 entities to in-memory store.&#xD;
[02:46:34 INF] Application is shutting down...</StdOut>
      </Output>
    </UnitTestResult>
    <UnitTestResult executionId="782a84a6-06fa-4cfa-88fa-9cb25a7c2e81" testId="1a6ae23c-121a-8348-b17f-4de7164f608a" testName="Deve_PermitirDuasContasNaMesmaMesa" computerName="DESKTOP-N8P4M4D" duration="00:00:01.0556732" startTime="2026-08-24T02:46:31.9814876-03:00" endTime="2026-08-24T02:46:33.0372812-03:00" testType="13cdc9d9-ddb5-4fa4-a97d-d965ccfc6d4b" outcome="Passed" testListId="8c84fa94-04c1-424b-9868-57a2d4851a1d" relativeResultsDirectory="782a84a6-06fa-4cfa-88fa-9cb25a7c2e81">
      <Output>
        <StdOut>[02:46:32 INF] Now listening on: http://127.0.0.1:64240&#xD;
[02:46:32 INF] Application started. Press Ctrl+C to shut down.&#xD;
[02:46:32 INF] Hosting environment: Testing&#xD;
[02:46:32 INF] Content root path: C:\Users\gutes\OneDrive\Desktop\Super Pasta\Academia do Programador\controle-de-bar-2026\src\ControleDeBar.WebApp&#xD;
[02:46:32 INF] Saved 1 entities to in-memory store.&#xD;
[02:46:33 INF] Application is shutting down...</StdOut>
      </Output>
    </UnitTestResult>
    <UnitTestResult executionId="7efb623f-c361-4458-abd2-133ca39345f1" testId="1e52200a-9a45-8bce-850d-de7e58c80adc" testName="Deve_Exibir_TelaDeLogin_ParaUsuarioAnonimo" computerName="DESKTOP-N8P4M4D" duration="00:00:00.2359290" startTime="2026-08-24T02:46:33.0373693-03:00" endTime="2026-08-24T02:46:33.2736341-03:00" testType="13cdc9d9-ddb5-4fa4-a97d-d965ccfc6d4b" outcome="Passed" testListId="8c84fa94-04c1-424b-9868-57a2d4851a1d" relativeResultsDirectory="7efb623f-c361-4458-abd2-133ca39345f1">
      <Output>
        <StdOut>[02:46:33 INF] Now listening on: http://127.0.0.1:64259&#xD;
[02:46:33 INF] Application started. Press Ctrl+C to shut down.&#xD;
[02:46:33 INF] Hosting environment: Testing&#xD;
[02:46:33 INF] Content root path: C:\Users\gutes\OneDrive\Desktop\Super Pasta\Academia do Programador\controle-de-bar-2026\src\ControleDeBar.WebApp&#xD;
[02:46:33 INF] Application is shutting down...</StdOut>
      </Output>
    </UnitTestResult>
    <UnitTestResult executionId="b07f98db-e070-4279-9019-feca0c3b3d66" testId="1128324f-c349-8192-882e-3183f896d01d" testName="Deve_ExibirContaFechada_EFaturamentoDoDia" computerName="DESKTOP-N8P4M4D" duration="00:00:01.4998194" startTime="2026-08-24T02:46:28.8144481-03:00" endTime="2026-08-24T02:46:30.3144468-03:00" testType="13cdc9d9-ddb5-4fa4-a97d-d965ccfc6d4b" outcome="Passed" testListId="8c84fa94-04c1-424b-9868-57a2d4851a1d" relativeResultsDirectory="b07f98db-e070-4279-9019-feca0c3b3d66">
      <Output>
        <StdOut>[02:46:28 INF] Now listening on: http://127.0.0.1:64199&#xD;
[02:46:28 INF] Application started. Press Ctrl+C to shut down.&#xD;
[02:46:28 INF] Hosting environment: Testing&#xD;
[02:46:28 INF] Content root path: C:\Users\gutes\OneDrive\Desktop\Super Pasta\Academia do Programador\controle-de-bar-2026\src\ControleDeBar.WebApp&#xD;
[02:46:28 INF] Saved 1 entities to in-memory store.&#xD;
[02:46:30 INF] Application is shutting down...</StdOut>
      </Output>
    </UnitTestResult>
    <UnitTestResult executionId="de3b29de-0b38-4faf-845f-3bf9bd1095b3" testId="102e94a1-030d-8a49-8285-78b208faa229" testName="Deve_RejeitarCadastro_DeGarcomComNomeDuplicado" computerName="DESKTOP-N8P4M4D" duration="00:00:00.7010316" startTime="2026-08-24T02:46:28.3197108-03:00" endTime="2026-08-24T02:46:29.0209041-03:00" testType="13cdc9d9-ddb5-4fa4-a97d-d965ccfc6d4b" outcome="Passed" testListId="8c84fa94-04c1-424b-9868-57a2d4851a1d" relativeResultsDirectory="de3b29de-0b38-4faf-845f-3bf9bd1095b3">
      <Output>
        <StdOut>[02:46:28 INF] Now listening on: http://127.0.0.1:64187&#xD;
[02:46:28 INF] Application started. Press Ctrl+C to shut down.&#xD;
[02:46:28 INF] Hosting environment: Testing&#xD;
[02:46:28 INF] Content root path: C:\Users\gutes\OneDrive\Desktop\Super Pasta\Academia do Programador\controle-de-bar-2026\src\ControleDeBar.WebApp&#xD;
[02:46:28 INF] Saved 1 entities to in-memory store.&#xD;
[02:46:29 INF] Application is shutting down...</StdOut>
      </Output>
    </UnitTestResult>
    <UnitTestResult executionId="754f0443-2c54-42bc-b333-bc6cfcb6b498" testId="1b2701f5-ac2d-882b-8bd2-e10b288c8293" testName="Deve_ExibirListagemVazia_ParaUsuarioSemProdutos" computerName="DESKTOP-N8P4M4D" duration="00:00:02.6638432" startTime="2026-08-24T02:46:18.2994628-03:00" endTime="2026-08-24T02:46:20.9814354-03:00" testType="13cdc9d9-ddb5-4fa4-a97d-d965ccfc6d4b" outcome="Passed" testListId="8c84fa94-04c1-424b-9868-57a2d4851a1d" relativeResultsDirectory="754f0443-2c54-42bc-b333-bc6cfcb6b498">
      <Output>
        <StdOut>[02:46:19 INF] Now listening on: http://127.0.0.1:64056&#xD;
[02:46:19 INF] Application started. Press Ctrl+C to shut down.&#xD;
[02:46:19 INF] Hosting environment: Testing&#xD;
[02:46:19 INF] Content root path: C:\Users\gutes\OneDrive\Desktop\Super Pasta\Academia do Programador\controle-de-bar-2026\src\ControleDeBar.WebApp&#xD;
[02:46:20 INF] Saved 1 entities to in-memory store.&#xD;
[02:46:20 INF] Application is shutting down...</StdOut>
      </Output>
    </UnitTestResult>
    <UnitTestResult executionId="3c89fd88-96c0-4df6-b49c-1636589d0c65" testId="19a7d65b-039f-8a5d-a21c-81b4e3adbc08" testName="Deve_RejeitarAdicaoDireta_EmContaFechada" computerName="DESKTOP-N8P4M4D" duration="00:00:01.3486946" startTime="2026-08-24T02:46:25.5035313-03:00" endTime="2026-08-24T02:46:26.8523504-03:00" testType="13cdc9d9-ddb5-4fa4-a97d-d965ccfc6d4b" outcome="Passed" testListId="8c84fa94-04c1-424b-9868-57a2d4851a1d" relativeResultsDirectory="3c89fd88-96c0-4df6-b49c-1636589d0c65">
      <Output>
        <StdOut>[02:46:25 INF] Now listening on: http://127.0.0.1:64139&#xD;
[02:46:25 INF] Application started. Press Ctrl+C to shut down.&#xD;
[02:46:25 INF] Hosting environment: Testing&#xD;
[02:46:25 INF] Content root path: C:\Users\gutes\OneDrive\Desktop\Super Pasta\Academia do Programador\controle-de-bar-2026\src\ControleDeBar.WebApp&#xD;
[02:46:25 INF] Saved 1 entities to in-memory store.&#xD;
[02:46:26 INF] Application is shutting down...</StdOut>
      </Output>
    </UnitTestResult>
    <UnitTestResult executionId="89493215-e3cd-4ad3-b684-05761670a848" testId="1f252176-d19c-8dea-87d2-3a07d5650b6b" testName="Deve_ExecutarCrudCompleto_DeMesa" computerName="DESKTOP-N8P4M4D" duration="00:00:00.9506397" startTime="2026-08-24T02:46:26.8525092-03:00" endTime="2026-08-24T02:46:27.8033698-03:00" testType="13cdc9d9-ddb5-4fa4-a97d-d965ccfc6d4b" outcome="Passed" testListId="8c84fa94-04c1-424b-9868-57a2d4851a1d" relativeResultsDirectory="89493215-e3cd-4ad3-b684-05761670a848">
      <Output>
        <StdOut>[02:46:26 INF] Now listening on: http://127.0.0.1:64155&#xD;
[02:46:26 INF] Application started. Press Ctrl+C to shut down.&#xD;
[02:46:26 INF] Hosting environment: Testing&#xD;
[02:46:26 INF] Content root path: C:\Users\gutes\OneDrive\Desktop\Super Pasta\Academia do Programador\controle-de-bar-2026\src\ControleDeBar.WebApp&#xD;
[02:46:26 INF] Saved 1 entities to in-memory store.&#xD;
[02:46:27 INF] Application is shutting down...</StdOut>
      </Output>
    </UnitTestResult>
    <UnitTestResult executionId="bbd36c20-a6a7-411a-b950-dc6e175dd26e" testId="148115f8-51e3-8e0b-91dc-854d232a9360" testName="Deve_ExibirListagemVazia_ParaUsuarioSemMesas" computerName="DESKTOP-N8P4M4D" duration="00:00:00.5299551" startTime="2026-08-24T02:46:26.3355640-03:00" endTime="2026-08-24T02:46:26.8657209-03:00" testType="13cdc9d9-ddb5-4fa4-a97d-d965ccfc6d4b" outcome="Passed" testListId="8c84fa94-04c1-424b-9868-57a2d4851a1d" relativeResultsDirectory="bbd36c20-a6a7-411a-b950-dc6e175dd26e">
      <Output>
        <StdOut>[02:46:26 INF] Now listening on: http://127.0.0.1:64151&#xD;
[02:46:26 INF] Application started. Press Ctrl+C to shut down.&#xD;
[02:46:26 INF] Hosting environment: Testing&#xD;
[02:46:26 INF] Content root path: C:\Users\gutes\OneDrive\Desktop\Super Pasta\Academia do Programador\controle-de-bar-2026\src\ControleDeBar.WebApp&#xD;
[02:46:26 INF] Saved 1 entities to in-memory store.&#xD;
[02:46:26 INF] Application is shutting down...</StdOut>
      </Output>
    </UnitTestResult>
    <UnitTestResult executionId="b66484a6-9cac-4615-b0a9-68f187717784" testId="188a76d2-b4f8-8d1e-a29c-4ca8cec710f9" testName="Deve_ConsultarDataInformada_EManterDataNoFormulario" computerName="DESKTOP-N8P4M4D" duration="00:00:00.5907128" startTime="2026-08-24T02:46:29.3483576-03:00" endTime="2026-08-24T02:46:29.9391958-03:00" testType="13cdc9d9-ddb5-4fa4-a97d-d965ccfc6d4b" outcome="Passed" testListId="8c84fa94-04c1-424b-9868-57a2d4851a1d" relativeResultsDirectory="b66484a6-9cac-4615-b0a9-68f187717784">
      <Output>
        <StdOut>[02:46:29 INF] Now listening on: http://127.0.0.1:64209&#xD;
[02:46:29 INF] Application started. Press Ctrl+C to shut down.&#xD;
[02:46:29 INF] Hosting environment: Testing&#xD;
[02:46:29 INF] Content root path: C:\Users\gutes\OneDrive\Desktop\Super Pasta\Academia do Programador\controle-de-bar-2026\src\ControleDeBar.WebApp&#xD;
[02:46:29 INF] Saved 1 entities to in-memory store.&#xD;
[02:46:29 INF] Application is shutting down...</StdOut>
      </Output>
    </UnitTestResult>
    <UnitTestResult executionId="cea0852b-204a-49e5-afe5-0d07601ff449" testId="12d4be94-f282-8830-8e7d-fa9615e08591" testName="Deve_RejeitarAbertura_QuandoGarcomNaoSelecionado" computerName="DESKTOP-N8P4M4D" duration="00:00:00.7473167" startTime="2026-08-24T02:46:31.9733140-03:00" endTime="2026-08-24T02:46:32.7208033-03:00" testType="13cdc9d9-ddb5-4fa4-a97d-d965ccfc6d4b" outcome="Passed" testListId="8c84fa94-04c1-424b-9868-57a2d4851a1d" relativeResultsDirectory="cea0852b-204a-49e5-afe5-0d07601ff449">
      <Output>
        <StdOut>[02:46:32 INF] Now listening on: http://127.0.0.1:64239&#xD;
[02:46:32 INF] Application started. Press Ctrl+C to shut down.&#xD;
[02:46:32 INF] Hosting environment: Testing&#xD;
[02:46:32 INF] Content root path: C:\Users\gutes\OneDrive\Desktop\Super Pasta\Academia do Programador\controle-de-bar-2026\src\ControleDeBar.WebApp&#xD;
[02:46:32 INF] Saved 1 entities to in-memory store.&#xD;
[02:46:32 INF] Application is shutting down...</StdOut>
      </Output>
    </UnitTestResult>
    <UnitTestResult executionId="a0c0b45b-c9d8-4956-9b11-27698074c3de" testId="14bf8539-9944-8ab3-8329-66dc89805145" testName="Deve_ConsiderarContaFechadaSemPedidosComTotalZero" computerName="DESKTOP-N8P4M4D" duration="00:00:01.2564582" startTime="2026-08-24T02:46:29.9392847-03:00" endTime="2026-08-24T02:46:31.1958481-03:00" testType="13cdc9d9-ddb5-4fa4-a97d-d965ccfc6d4b" outcome="Passed" testListId="8c84fa94-04c1-424b-9868-57a2d4851a1d" relativeResultsDirectory="a0c0b45b-c9d8-4956-9b11-27698074c3de">
      <Output>
        <StdOut>[02:46:30 INF] Now listening on: http://127.0.0.1:64215&#xD;
[02:46:30 INF] Application started. Press Ctrl+C to shut down.&#xD;
[02:46:30 INF] Hosting environment: Testing&#xD;
[02:46:30 INF] Content root path: C:\Users\gutes\OneDrive\Desktop\Super Pasta\Academia do Programador\controle-de-bar-2026\src\ControleDeBar.WebApp&#xD;
[02:46:30 INF] Saved 1 entities to in-memory store.&#xD;
[02:46:31 INF] Application is shutting down...</StdOut>
      </Output>
    </UnitTestResult>
    <UnitTestResult executionId="0c46a592-448c-4bfe-872f-72cac54c58fc" testId="10946f94-c004-8374-a3e7-aa03d0facbb5" testName="Deve_EncerrarSessao_DoUsuarioAutenticado" computerName="DESKTOP-N8P4M4D" duration="00:00:00.6072355" startTime="2026-08-24T02:46:33.4758596-03:00" endTime="2026-08-24T02:46:34.0832341-03:00" testType="13cdc9d9-ddb5-4fa4-a97d-d965ccfc6d4b" outcome="Passed" testListId="8c84fa94-04c1-424b-9868-57a2d4851a1d" relativeResultsDirectory="0c46a592-448c-4bfe-872f-72cac54c58fc">
      <Output>
        <StdOut>[02:46:33 INF] Now listening on: http://127.0.0.1:64272&#xD;
[02:46:33 INF] Application started. Press Ctrl+C to shut down.&#xD;
[02:46:33 INF] Hosting environment: Testing&#xD;
[02:46:33 INF] Content root path: C:\Users\gutes\OneDrive\Desktop\Super Pasta\Academia do Programador\controle-de-bar-2026\src\ControleDeBar.WebApp&#xD;
[02:46:33 INF] Saved 1 entities to in-memory store.&#xD;
[02:46:34 INF] Application is shutting down...</StdOut>
      </Output>
    </UnitTestResult>
    <UnitTestResult executionId="0ba2a87f-cfbe-4507-ae17-2f671f6e1106" testId="174dc0d2-b744-8f89-80e7-553cf018a359" testName="Deve_RejeitarCadastro_DeGarcomSemNome" computerName="DESKTOP-N8P4M4D" duration="00:00:00.5543842" startTime="2026-08-24T02:46:28.0556694-03:00" endTime="2026-08-24T02:46:28.6101998-03:00" testType="13cdc9d9-ddb5-4fa4-a97d-d965ccfc6d4b" outcome="Passed" testListId="8c84fa94-04c1-424b-9868-57a2d4851a1d" relativeResultsDirectory="0ba2a87f-cfbe-4507-ae17-2f671f6e1106">
      <Output>
        <StdOut>[02:46:28 INF] Now listening on: http://127.0.0.1:64183&#xD;
[02:46:28 INF] Application started. Press Ctrl+C to shut down.&#xD;
[02:46:28 INF] Hosting environment: Testing&#xD;
[02:46:28 INF] Content root path: C:\Users\gutes\OneDrive\Desktop\Super Pasta\Academia do Programador\controle-de-bar-2026\src\ControleDeBar.WebApp&#xD;
[02:46:28 INF] Saved 1 entities to in-memory store.&#xD;
[02:46:28 INF] Application is shutting down...</StdOut>
      </Output>
    </UnitTestResult>
    <UnitTestResult executionId="e040eb57-fcfa-404d-84e0-79dd72df91e6" testId="1c1194dc-f355-814e-b4e4-eb8d02a7cde5" testName="Deve_Rejeitar_RegistroComConfirmacaoDeSenhaDiferente" computerName="DESKTOP-N8P4M4D" duration="00:00:00.3298827" startTime="2026-08-24T02:46:33.9405511-03:00" endTime="2026-08-24T02:46:34.2705390-03:00" testType="13cdc9d9-ddb5-4fa4-a97d-d965ccfc6d4b" outcome="Passed" testListId="8c84fa94-04c1-424b-9868-57a2d4851a1d" relativeResultsDirectory="e040eb57-fcfa-404d-84e0-79dd72df91e6">
      <Output>
        <StdOut>[02:46:34 INF] Now listening on: http://127.0.0.1:64287&#xD;
[02:46:34 INF] Application started. Press Ctrl+C to shut down.&#xD;
[02:46:34 INF] Hosting environment: Testing&#xD;
[02:46:34 INF] Content root path: C:\Users\gutes\OneDrive\Desktop\Super Pasta\Academia do Programador\controle-de-bar-2026\src\ControleDeBar.WebApp&#xD;
[02:46:34 INF] Application is shutting down...</StdOut>
      </Output>
    </UnitTestResult>
    <UnitTestResult executionId="fac65a09-7620-4149-ae11-cdd66a6b8e44" testId="12a55309-a5d8-8311-b219-232c086b22f8" testName="Deve_ExibirZero_QuandoNaoHouverFaturamentoNaData" computerName="DESKTOP-N8P4M4D" duration="00:00:00.6301525" startTime="2026-08-24T02:46:28.6103051-03:00" endTime="2026-08-24T02:46:29.2407446-03:00" testType="13cdc9d9-ddb5-4fa4-a97d-d965ccfc6d4b" outcome="Passed" testListId="8c84fa94-04c1-424b-9868-57a2d4851a1d" relativeResultsDirectory="fac65a09-7620-4149-ae11-cdd66a6b8e44">
      <Output>
        <StdOut>[02:46:28 INF] Now listening on: http://127.0.0.1:64195&#xD;
[02:46:28 INF] Application started. Press Ctrl+C to shut down.&#xD;
[02:46:28 INF] Hosting environment: Testing&#xD;
[02:46:28 INF] Content root path: C:\Users\gutes\OneDrive\Desktop\Super Pasta\Academia do Programador\controle-de-bar-2026\src\ControleDeBar.WebApp&#xD;
[02:46:28 INF] Saved 1 entities to in-memory store.&#xD;
[02:46:29 INF] Application is shutting down...</StdOut>
      </Output>
    </UnitTestResult>
    <UnitTestResult executionId="05bc549e-8bef-474a-b57a-a92770e851e8" testId="14b6a46c-5272-882d-a53b-9009468d2533" testName="Deve_ExibirMultiplosPedidos_ECalcularTotal" computerName="DESKTOP-N8P4M4D" duration="00:00:01.4440863" startTime="2026-08-24T02:46:22.9608180-03:00" endTime="2026-08-24T02:46:24.4050284-03:00" testType="13cdc9d9-ddb5-4fa4-a97d-d965ccfc6d4b" outcome="Passed" testListId="8c84fa94-04c1-424b-9868-57a2d4851a1d" relativeResultsDirectory="05bc549e-8bef-474a-b57a-a92770e851e8">
      <Output>
        <StdOut>[02:46:23 INF] Now listening on: http://127.0.0.1:64111&#xD;
[02:46:23 INF] Application started. Press Ctrl+C to shut down.&#xD;
[02:46:23 INF] Hosting environment: Testing&#xD;
[02:46:23 INF] Content root path: C:\Users\gutes\OneDrive\Desktop\Super Pasta\Academia do Programador\controle-de-bar-2026\src\ControleDeBar.WebApp&#xD;
[02:46:23 INF] Saved 1 entities to in-memory store.&#xD;
[02:46:24 INF] Application is shutting down...</StdOut>
      </Output>
    </UnitTestResult>
    <UnitTestResult executionId="cdc051a9-85f2-4917-888a-ea216e0c8dd9" testId="1442a5ae-61de-8044-8df4-a1803390e8ed" testName="Deve_UsarSnapshotDoPedidoNoFaturamento" computerName="DESKTOP-N8P4M4D" duration="00:00:01.6666232" startTime="2026-08-24T02:46:30.3146273-03:00" endTime="2026-08-24T02:46:31.9813913-03:00" testType="13cdc9d9-ddb5-4fa4-a97d-d965ccfc6d4b" outcome="Passed" testListId="8c84fa94-04c1-424b-9868-57a2d4851a1d" relativeResultsDirectory="cdc051a9-85f2-4917-888a-ea216e0c8dd9">
      <Output>
        <StdOut>[02:46:30 INF] Now listening on: http://127.0.0.1:64219&#xD;
[02:46:30 INF] Application started. Press Ctrl+C to shut down.&#xD;
[02:46:30 INF] Hosting environment: Testing&#xD;
[02:46:30 INF] Content root path: C:\Users\gutes\OneDrive\Desktop\Super Pasta\Academia do Programador\controle-de-bar-2026\src\ControleDeBar.WebApp&#xD;
[02:46:30 INF] Saved 1 entities to in-memory store.&#xD;
[02:46:31 INF] Application is shutting down...</StdOut>
      </Output>
    </UnitTestResult>
    <UnitTestResult executionId="efb5922c-9dbc-4299-9a7a-51a2a9cd0ba7" testId="1246dd37-bbcf-83cd-9d71-dddf93fc38ff" testName="Deve_IsolarMesas_EntreUsuariosDiferentes" computerName="DESKTOP-N8P4M4D" duration="00:00:00.9479351" startTime="2026-08-24T02:46:27.4767543-03:00" endTime="2026-08-24T02:46:28.4248002-03:00" testType="13cdc9d9-ddb5-4fa4-a97d-d965ccfc6d4b" outcome="Passed" testListId="8c84fa94-04c1-424b-9868-57a2d4851a1d" relativeResultsDirectory="efb5922c-9dbc-4299-9a7a-51a2a9cd0ba7">
      <Output>
        <StdOut>[02:46:27 INF] Now listening on: http://127.0.0.1:64171&#xD;
[02:46:27 INF] Application started. Press Ctrl+C to shut down.&#xD;
[02:46:27 INF] Hosting environment: Testing&#xD;
[02:46:27 INF] Content root path: C:\Users\gutes\OneDrive\Desktop\Super Pasta\Academia do Programador\controle-de-bar-2026\src\ControleDeBar.WebApp&#xD;
[02:46:27 INF] Saved 1 entities to in-memory store.&#xD;
[02:46:28 INF] Application is shutting down...</StdOut>
      </Output>
    </UnitTestResult>
    <UnitTestResult executionId="a0f4d1e9-3626-4e1e-8d5c-851e92f31e7f" testId="1cf7d638-5c69-8fa3-92ca-f7eabca71c5e" testName="Deve_AcessarProdutosViaMenu" computerName="DESKTOP-N8P4M4D" duration="00:00:00.6776071" startTime="2026-08-24T02:46:22.4323525-03:00" endTime="2026-08-24T02:46:23.1109228-03:00" testType="13cdc9d9-ddb5-4fa4-a97d-d965ccfc6d4b" outcome="Passed" testListId="8c84fa94-04c1-424b-9868-57a2d4851a1d" relativeResultsDirectory="a0f4d1e9-3626-4e1e-8d5c-851e92f31e7f">
      <Output>
        <StdOut>[02:46:22 INF] Now listening on: http://127.0.0.1:64099&#xD;
[02:46:22 INF] Application started. Press Ctrl+C to shut down.&#xD;
[02:46:22 INF] Hosting environment: Testing&#xD;
[02:46:22 INF] Content root path: C:\Users\gutes\OneDrive\Desktop\Super Pasta\Academia do Programador\controle-de-bar-2026\src\ControleDeBar.WebApp&#xD;
[02:46:22 INF] Saved 1 entities to in-memory store.&#xD;
[02:46:23 INF] Application is shutting down...</StdOut>
      </Output>
    </UnitTestResult>
    <UnitTestResult executionId="b316eb05-26d6-4bda-839c-717ee4282c7c" testId="1d7bdff5-df27-8178-aee2-e29607babc45" testName="Deve_ManterMesaOcupada_AteFechamentoDaUltimaConta" computerName="DESKTOP-N8P4M4D" duration="00:00:01.3947667" startTime="2026-08-24T02:46:32.0787713-03:00" endTime="2026-08-24T02:46:33.4738328-03:00" testType="13cdc9d9-ddb5-4fa4-a97d-d965ccfc6d4b" outcome="Passed" testListId="8c84fa94-04c1-424b-9868-57a2d4851a1d" relativeResultsDirectory="b316eb05-26d6-4bda-839c-717ee4282c7c">
      <Output>
        <StdOut>[02:46:32 INF] Now listening on: http://127.0.0.1:64246&#xD;
[02:46:32 INF] Application started. Press Ctrl+C to shut down.&#xD;
[02:46:32 INF] Hosting environment: Testing&#xD;
[02:46:32 INF] Content root path: C:\Users\gutes\OneDrive\Desktop\Super Pasta\Academia do Programador\controle-de-bar-2026\src\ControleDeBar.WebApp&#xD;
[02:46:32 INF] Saved 1 entities to in-memory store.&#xD;
[02:46:33 INF] Application is shutting down...</StdOut>
      </Output>
    </UnitTestResult>
    <UnitTestResult executionId="edfa473c-2771-4a9f-8f73-e035d3572cf5" testId="1ca4aba5-e3a2-86ab-bc60-86e453d84403" testName="Deve_RejeitarEdicao_ComNomeDuplicado" computerName="DESKTOP-N8P4M4D" duration="00:00:00.9668904" startTime="2026-08-24T02:46:21.0426226-03:00" endTime="2026-08-24T02:46:22.0097014-03:00" testType="13cdc9d9-ddb5-4fa4-a97d-d965ccfc6d4b" outcome="Passed" testListId="8c84fa94-04c1-424b-9868-57a2d4851a1d" relativeResultsDirectory="edfa473c-2771-4a9f-8f73-e035d3572cf5">
      <Output>
        <StdOut>[02:46:21 INF] Now listening on: http://127.0.0.1:64073&#xD;
[02:46:21 INF] Application started. Press Ctrl+C to shut down.&#xD;
[02:46:21 INF] Hosting environment: Testing&#xD;
[02:46:21 INF] Content root path: C:\Users\gutes\OneDrive\Desktop\Super Pasta\Academia do Programador\controle-de-bar-2026\src\ControleDeBar.WebApp&#xD;
[02:46:21 INF] Saved 1 entities to in-memory store.&#xD;
[02:46:22 INF] Application is shutting down...</StdOut>
      </Output>
    </UnitTestResult>
    <UnitTestResult executionId="17699a86-7334-46f4-9485-3a38f739300e" testId="1d4df48e-99e8-86e6-9de7-d15a27007649" testName="Deve_ManterPedidoVisivel_QuandoContaForFechada" computerName="DESKTOP-N8P4M4D" duration="00:00:01.4364990" startTime="2026-08-24T02:46:24.8988788-03:00" endTime="2026-08-24T02:46:26.3354977-03:00" testType="13cdc9d9-ddb5-4fa4-a97d-d965ccfc6d4b" outcome="Passed" testListId="8c84fa94-04c1-424b-9868-57a2d4851a1d" relativeResultsDirectory="17699a86-7334-46f4-9485-3a38f739300e">
      <Output>
        <StdOut>[02:46:24 INF] Now listening on: http://127.0.0.1:64135&#xD;
[02:46:24 INF] Application started. Press Ctrl+C to shut down.&#xD;
[02:46:24 INF] Hosting environment: Testing&#xD;
[02:46:24 INF] Content root path: C:\Users\gutes\OneDrive\Desktop\Super Pasta\Academia do Programador\controle-de-bar-2026\src\ControleDeBar.WebApp&#xD;
[02:46:25 INF] Saved 1 entities to in-memory store.&#xD;
[02:46:26 INF] Application is shutting down...</StdOut>
      </Output>
    </UnitTestResult>
    <UnitTestResult executionId="74c02b4e-dce5-4e3f-9521-9764bdce904c" testId="1a363487-dc52-8381-9622-d2e00a150664" testName="Deve_BuscarProduto_PorNome" computerName="DESKTOP-N8P4M4D" duration="00:00:00.9717573" startTime="2026-08-24T02:46:21.4602604-03:00" endTime="2026-08-24T02:46:22.4321713-03:00" testType="13cdc9d9-ddb5-4fa4-a97d-d965ccfc6d4b" outcome="Passed" testListId="8c84fa94-04c1-424b-9868-57a2d4851a1d" relativeResultsDirectory="74c02b4e-dce5-4e3f-9521-9764bdce904c">
      <Output>
        <StdOut>[02:46:21 INF] Now listening on: http://127.0.0.1:64083&#xD;
[02:46:21 INF] Application started. Press Ctrl+C to shut down.&#xD;
[02:46:21 INF] Hosting environment: Testing&#xD;
[02:46:21 INF] Content root path: C:\Users\gutes\OneDrive\Desktop\Super Pasta\Academia do Programador\controle-de-bar-2026\src\ControleDeBar.WebApp&#xD;
[02:46:21 INF] Saved 1 entities to in-memory store.&#xD;
[02:46:22 INF] Application is shutting down...</StdOut>
      </Output>
    </UnitTestResult>
    <UnitTestResult executionId="cf366873-3ea8-42a4-9370-ecb15576369c" testId="15a551e8-3119-83b4-8927-41fe380ff18f" testName="Deve_ExibirEstadoInicial_QuandoContaNaoTemPedidos" computerName="DESKTOP-N8P4M4D" duration="00:00:01.1455238" startTime="2026-08-24T02:46:22.5422781-03:00" endTime="2026-08-24T02:46:23.6881769-03:00" testType="13cdc9d9-ddb5-4fa4-a97d-d965ccfc6d4b" outcome="Passed" testListId="8c84fa94-04c1-424b-9868-57a2d4851a1d" relativeResultsDirectory="cf366873-3ea8-42a4-9370-ecb15576369c">
      <Output>
        <StdOut>[02:46:22 INF] Now listening on: http://127.0.0.1:64103&#xD;
[02:46:22 INF] Application started. Press Ctrl+C to shut down.&#xD;
[02:46:22 INF] Hosting environment: Testing&#xD;
[02:46:22 INF] Content root path: C:\Users\gutes\OneDrive\Desktop\Super Pasta\Academia do Programador\controle-de-bar-2026\src\ControleDeBar.WebApp&#xD;
[02:46:22 INF] Saved 1 entities to in-memory store.&#xD;
[02:46:23 INF] Application is shutting down...</StdOut>
      </Output>
    </UnitTestResult>
    <UnitTestResult executionId="7e93b5c4-c4a1-4801-8ae1-8532cd7b551e" testId="1042c128-0035-8862-b50e-0dfecd45ae96" testName="Deve_PermanecerNaTelaDeLogin_QuandoSenhaForInvalida" computerName="DESKTOP-N8P4M4D" duration="00:00:00.4726936" startTime="2026-08-24T02:46:33.4676676-03:00" endTime="2026-08-24T02:46:33.9404702-03:00" testType="13cdc9d9-ddb5-4fa4-a97d-d965ccfc6d4b" outcome="Passed" testListId="8c84fa94-04c1-424b-9868-57a2d4851a1d" relativeResultsDirectory="7e93b5c4-c4a1-4801-8ae1-8532cd7b551e">
      <Output>
        <StdOut>[02:46:33 INF] Now listening on: http://127.0.0.1:64271&#xD;
[02:46:33 INF] Application started. Press Ctrl+C to shut down.&#xD;
[02:46:33 INF] Hosting environment: Testing&#xD;
[02:46:33 INF] Content root path: C:\Users\gutes\OneDrive\Desktop\Super Pasta\Academia do Programador\controle-de-bar-2026\src\ControleDeBar.WebApp&#xD;
[02:46:33 INF] Saved 1 entities to in-memory store.&#xD;
[02:46:33 INF] Application is shutting down...</StdOut>
      </Output>
    </UnitTestResult>
    <UnitTestResult executionId="7609c68e-5f9f-4123-be39-b20609aa7734" testId="145befca-6142-82f9-9a98-bacde19683e7" testName="Deve_RegistrarEAutenticar_Usuario" computerName="DESKTOP-N8P4M4D" duration="00:00:00.4152265" startTime="2026-08-24T02:46:33.0522377-03:00" endTime="2026-08-24T02:46:33.4675705-03:00" testType="13cdc9d9-ddb5-4fa4-a97d-d965ccfc6d4b" outcome="Passed" testListId="8c84fa94-04c1-424b-9868-57a2d4851a1d" relativeResultsDirectory="7609c68e-5f9f-4123-be39-b20609aa7734">
      <Output>
        <StdOut>[02:46:33 INF] Now listening on: http://127.0.0.1:64261&#xD;
[02:46:33 INF] Application started. Press Ctrl+C to shut down.&#xD;
[02:46:33 INF] Hosting environment: Testing&#xD;
[02:46:33 INF] Content root path: C:\Users\gutes\OneDrive\Desktop\Super Pasta\Academia do Programador\controle-de-bar-2026\src\ControleDeBar.WebApp&#xD;
[02:46:33 INF] Application is shutting down...</StdOut>
      </Output>
    </UnitTestResult>
    <UnitTestResult executionId="22bac830-e673-4cdc-9993-95706aecefd2" testId="13420fb3-680e-83a9-bfc1-1b3c02dbf8ae" testName="Deve_PreservarSnapshotVisual_AposEdicaoDoProduto" computerName="DESKTOP-N8P4M4D" duration="00:00:01.5291206" startTime="2026-08-24T02:46:24.4051166-03:00" endTime="2026-08-24T02:46:25.9343545-03:00" testType="13cdc9d9-ddb5-4fa4-a97d-d965ccfc6d4b" outcome="Passed" testListId="8c84fa94-04c1-424b-9868-57a2d4851a1d" relativeResultsDirectory="22bac830-e673-4cdc-9993-95706aecefd2">
      <Output>
        <StdOut>[02:46:24 INF] Now listening on: http://127.0.0.1:64131&#xD;
[02:46:24 INF] Application started. Press Ctrl+C to shut down.&#xD;
[02:46:24 INF] Hosting environment: Testing&#xD;
[02:46:24 INF] Content root path: C:\Users\gutes\OneDrive\Desktop\Super Pasta\Academia do Programador\controle-de-bar-2026\src\ControleDeBar.WebApp&#xD;
[02:46:24 INF] Saved 1 entities to in-memory store.&#xD;
[02:46:25 INF] Application is shutting down...</StdOut>
      </Output>
    </UnitTestResult>
    <UnitTestResult executionId="736c436a-de68-4adb-b4b7-e907690dcb3e" testId="137fa56a-0e34-8a74-8b93-98f204a6b132" testName="Deve_RejeitarCadastro_DeProdutoComDadosInvalidos (&quot;Cerveja&quot;,&quot;0&quot;,&quot;&quot;)" computerName="DESKTOP-N8P4M4D" duration="00:00:02.7299720" startTime="2026-08-24T02:46:18.2994573-03:00" endTime="2026-08-24T02:46:21.0425197-03:00" testType="13cdc9d9-ddb5-4fa4-a97d-d965ccfc6d4b" outcome="Passed" testListId="8c84fa94-04c1-424b-9868-57a2d4851a1d" relativeResultsDirectory="736c436a-de68-4adb-b4b7-e907690dcb3e">
      <Output>
        <StdOut>[02:46:19 INF] Now listening on: http://127.0.0.1:64057&#xD;
[02:46:19 INF] Application started. Press Ctrl+C to shut down.&#xD;
[02:46:19 INF] Hosting environment: Testing&#xD;
[02:46:19 INF] Content root path: C:\Users\gutes\OneDrive\Desktop\Super Pasta\Academia do Programador\controle-de-bar-2026\src\ControleDeBar.WebApp&#xD;
[02:46:20 INF] Saved 1 entities to in-memory store.&#xD;
[02:46:21 INF] Application is shutting down...</StdOut>
      </Output>
    </UnitTestResult>
    <UnitTestResult executionId="209103ed-0380-4f79-84d0-3cd320fd701c" testId="12e54554-e454-870c-87f8-3ce912bd7339" testName="Deve_RejeitarRemocaoDireta_EmContaFechada" computerName="DESKTOP-N8P4M4D" duration="00:00:01.5318511" startTime="2026-08-24T02:46:25.7674841-03:00" endTime="2026-08-24T02:46:27.2994636-03:00" testType="13cdc9d9-ddb5-4fa4-a97d-d965ccfc6d4b" outcome="Passed" testListId="8c84fa94-04c1-424b-9868-57a2d4851a1d" relativeResultsDirectory="209103ed-0380-4f79-84d0-3cd320fd701c">
      <Output>
        <StdOut>[02:46:25 INF] Now listening on: http://127.0.0.1:64143&#xD;
[02:46:25 INF] Application started. Press Ctrl+C to shut down.&#xD;
[02:46:25 INF] Hosting environment: Testing&#xD;
[02:46:25 INF] Content root path: C:\Users\gutes\OneDrive\Desktop\Super Pasta\Academia do Programador\controle-de-bar-2026\src\ControleDeBar.WebApp&#xD;
[02:46:25 INF] Saved 1 entities to in-memory store.&#xD;
[02:46:27 INF] Application is shutting down...</StdOut>
      </Output>
    </UnitTestResult>
    <UnitTestResult executionId="8ae69907-1251-4c95-b441-6c4c0ba5d4fb" testId="140122cd-f099-8628-abde-d7107daa7b43" testName="Deve_RejeitarAbertura_QuandoMesaNaoSelecionada" computerName="DESKTOP-N8P4M4D" duration="00:00:00.7389112" startTime="2026-08-24T02:46:31.2341938-03:00" endTime="2026-08-24T02:46:31.9732219-03:00" testType="13cdc9d9-ddb5-4fa4-a97d-d965ccfc6d4b" outcome="Passed" testListId="8c84fa94-04c1-424b-9868-57a2d4851a1d" relativeResultsDirectory="8ae69907-1251-4c95-b441-6c4c0ba5d4fb">
      <Output>
        <StdOut>[02:46:31 INF] Now listening on: http://127.0.0.1:64232&#xD;
[02:46:31 INF] Application started. Press Ctrl+C to shut down.&#xD;
[02:46:31 INF] Hosting environment: Testing&#xD;
[02:46:31 INF] Content root path: C:\Users\gutes\OneDrive\Desktop\Super Pasta\Academia do Programador\controle-de-bar-2026\src\ControleDeBar.WebApp&#xD;
[02:46:31 INF] Saved 1 entities to in-memory store.&#xD;
[02:46:31 INF] Application is shutting down...</StdOut>
      </Output>
    </UnitTestResult>
    <UnitTestResult executionId="4c236c26-1072-4af9-bcd6-eea790e44bcf" testId="121e7761-ac5e-8820-b12f-8890810549bb" testName="Deve_ExibirListagemVazia_ParaUsuarioSemGarcons" computerName="DESKTOP-N8P4M4D" duration="00:00:00.5157008" startTime="2026-08-24T02:46:27.8035126-03:00" endTime="2026-08-24T02:46:28.3195376-03:00" testType="13cdc9d9-ddb5-4fa4-a97d-d965ccfc6d4b" outcome="Passed" testListId="8c84fa94-04c1-424b-9868-57a2d4851a1d" relativeResultsDirectory="4c236c26-1072-4af9-bcd6-eea790e44bcf">
      <Output>
        <StdOut>[02:46:27 INF] Now listening on: http://127.0.0.1:64175&#xD;
[02:46:27 INF] Application started. Press Ctrl+C to shut down.&#xD;
[02:46:27 INF] Hosting environment: Testing&#xD;
[02:46:27 INF] Content root path: C:\Users\gutes\OneDrive\Desktop\Super Pasta\Academia do Programador\controle-de-bar-2026\src\ControleDeBar.WebApp&#xD;
[02:46:27 INF] Saved 1 entities to in-memory store.&#xD;
[02:46:28 INF] Application is shutting down...</StdOut>
      </Output>
    </UnitTestResult>
    <UnitTestResult executionId="0c6cf454-d193-4775-aba2-32510eda48dd" testId="1dcc71a9-ad30-889f-974a-ab1be5237811" testName="Deve_RejeitarCadastro_DeMesaComNumeroDuplicado" computerName="DESKTOP-N8P4M4D" duration="00:00:00.7021128" startTime="2026-08-24T02:46:27.3521881-03:00" endTime="2026-08-24T02:46:28.0546309-03:00" testType="13cdc9d9-ddb5-4fa4-a97d-d965ccfc6d4b" outcome="Passed" testListId="8c84fa94-04c1-424b-9868-57a2d4851a1d" relativeResultsDirectory="0c6cf454-d193-4775-aba2-32510eda48dd">
      <Output>
        <StdOut>[02:46:27 INF] Now listening on: http://127.0.0.1:64164&#xD;
[02:46:27 INF] Application started. Press Ctrl+C to shut down.&#xD;
[02:46:27 INF] Hosting environment: Testing&#xD;
[02:46:27 INF] Content root path: C:\Users\gutes\OneDrive\Desktop\Super Pasta\Academia do Programador\controle-de-bar-2026\src\ControleDeBar.WebApp&#xD;
[02:46:27 INF] Saved 1 entities to in-memory store.&#xD;
[02:46:28 INF] Application is shutting down...</StdOut>
      </Output>
    </UnitTestResult>
    <UnitTestResult executionId="677ada0f-94d8-4e19-a364-d8169630e025" testId="19d55189-0f15-8bf2-8db6-4b654629c168" testName="Deve_ExibirListagemVazia_ParaUsuarioSemContas" computerName="DESKTOP-N8P4M4D" duration="00:00:00.5114351" startTime="2026-08-24T02:46:30.5858257-03:00" endTime="2026-08-24T02:46:31.0975775-03:00" testType="13cdc9d9-ddb5-4fa4-a97d-d965ccfc6d4b" outcome="Passed" testListId="8c84fa94-04c1-424b-9868-57a2d4851a1d" relativeResultsDirectory="677ada0f-94d8-4e19-a364-d8169630e025">
      <Output>
        <StdOut>[02:46:30 INF] Now listening on: http://127.0.0.1:64223&#xD;
[02:46:30 INF] Application started. Press Ctrl+C to shut down.&#xD;
[02:46:30 INF] Hosting environment: Testing&#xD;
[02:46:30 INF] Content root path: C:\Users\gutes\OneDrive\Desktop\Super Pasta\Academia do Programador\controle-de-bar-2026\src\ControleDeBar.WebApp&#xD;
[02:46:30 INF] Saved 1 entities to in-memory store.&#xD;
[02:46:31 INF] Application is shutting down...</StdOut>
      </Output>
    </UnitTestResult>
    <UnitTestResult executionId="42104b5e-2933-4216-a1c6-9c4fd7bfcd47" testId="199c2bac-b8b5-8468-9c51-8e832b7476c7" testName="Deve_RemoverApenasUmPedido_EManterOutro" computerName="DESKTOP-N8P4M4D" duration="00:00:01.5815681" startTime="2026-08-24T02:46:24.1855954-03:00" endTime="2026-08-24T02:46:25.7673068-03:00" testType="13cdc9d9-ddb5-4fa4-a97d-d965ccfc6d4b" outcome="Passed" testListId="8c84fa94-04c1-424b-9868-57a2d4851a1d" relativeResultsDirectory="42104b5e-2933-4216-a1c6-9c4fd7bfcd47">
      <Output>
        <StdOut>[02:46:24 INF] Now listening on: http://127.0.0.1:64125&#xD;
[02:46:24 INF] Application started. Press Ctrl+C to shut down.&#xD;
[02:46:24 INF] Hosting environment: Testing&#xD;
[02:46:24 INF] Content root path: C:\Users\gutes\OneDrive\Desktop\Super Pasta\Academia do Programador\controle-de-bar-2026\src\ControleDeBar.WebApp&#xD;
[02:46:24 INF] Saved 1 entities to in-memory store.&#xD;
[02:46:25 INF] Application is shutting down...</StdOut>
      </Output>
    </UnitTestResult>
    <UnitTestResult executionId="11bc8a2b-4be2-4b02-ba19-ae05242185d8" testId="131efa26-d9b5-8058-83b4-5de0a3c5309b" testName="Deve_IgnorarContaAbertaNoFaturamento" computerName="DESKTOP-N8P4M4D" duration="00:00:01.3437205" startTime="2026-08-24T02:46:29.2418532-03:00" endTime="2026-08-24T02:46:30.5857356-03:00" testType="13cdc9d9-ddb5-4fa4-a97d-d965ccfc6d4b" outcome="Passed" testListId="8c84fa94-04c1-424b-9868-57a2d4851a1d" relativeResultsDirectory="11bc8a2b-4be2-4b02-ba19-ae05242185d8">
      <Output>
        <StdOut>[02:46:29 INF] Now listening on: http://127.0.0.1:64207&#xD;
[02:46:29 INF] Application started. Press Ctrl+C to shut down.&#xD;
[02:46:29 INF] Hosting environment: Testing&#xD;
[02:46:29 INF] Content root path: C:\Users\gutes\OneDrive\Desktop\Super Pasta\Academia do Programador\controle-de-bar-2026\src\ControleDeBar.WebApp&#xD;
[02:46:29 INF] Saved 1 entities to in-memory store.&#xD;
[02:46:30 INF] Application is shutting down...</StdOut>
      </Output>
    </UnitTestResult>
    <UnitTestResult executionId="92aeadaf-aca6-49ad-97c7-583308888df1" testId="13fb88a7-fa45-81e0-8b36-bd939b5fd0e8" testName="Deve_Rejeitar_RegistroComEmailJaUtilizado" computerName="DESKTOP-N8P4M4D" duration="00:00:00.4535719" startTime="2026-08-24T02:46:33.7850787-03:00" endTime="2026-08-24T02:46:34.2387502-03:00" testType="13cdc9d9-ddb5-4fa4-a97d-d965ccfc6d4b" outcome="Passed" testListId="8c84fa94-04c1-424b-9868-57a2d4851a1d" relativeResultsDirectory="92aeadaf-aca6-49ad-97c7-583308888df1">
      <Output>
        <StdOut>[02:46:33 INF] Now listening on: http://127.0.0.1:64279&#xD;
[02:46:33 INF] Application started. Press Ctrl+C to shut down.&#xD;
[02:46:33 INF] Hosting environment: Testing&#xD;
[02:46:33 INF] Content root path: C:\Users\gutes\OneDrive\Desktop\Super Pasta\Academia do Programador\controle-de-bar-2026\src\ControleDeBar.WebApp&#xD;
[02:46:33 INF] Saved 1 entities to in-memory store.&#xD;
[02:46:34 INF] Application is shutting down...</StdOut>
      </Output>
    </UnitTestResult>
    <UnitTestResult executionId="6eca9b08-f2fc-4d94-b84e-4b6b462a12d6" testId="154553b6-e673-8f89-9dc7-b3c680d42c92" testName="Deve_ExecutarCrudCompleto_DeProduto" computerName="DESKTOP-N8P4M4D" duration="00:00:03.1476980" startTime="2026-08-24T02:46:18.2994764-03:00" endTime="2026-08-24T02:46:21.4601869-03:00" testType="13cdc9d9-ddb5-4fa4-a97d-d965ccfc6d4b" outcome="Passed" testListId="8c84fa94-04c1-424b-9868-57a2d4851a1d" relativeResultsDirectory="6eca9b08-f2fc-4d94-b84e-4b6b462a12d6">
      <Output>
        <StdOut>[02:46:19 INF] Now listening on: http://127.0.0.1:64058&#xD;
[02:46:19 INF] Application started. Press Ctrl+C to shut down.&#xD;
[02:46:19 INF] Hosting environment: Testing&#xD;
[02:46:19 INF] Content root path: C:\Users\gutes\OneDrive\Desktop\Super Pasta\Academia do Programador\controle-de-bar-2026\src\ControleDeBar.WebApp&#xD;
[02:46:20 INF] Saved 1 entities to in-memory store.&#xD;
[02:46:21 INF] Application is shutting down...</StdOut>
      </Output>
    </UnitTestResult>
    <UnitTestResult executionId="8d582a8c-22ea-4630-986f-de0c86bdd445" testId="126681d9-bbd9-828b-b254-20a94c3a2246" testName="Deve_AbrirConta_ComDadosValidos" computerName="DESKTOP-N8P4M4D" duration="00:00:00.9793755" startTime="2026-08-24T02:46:31.0976775-03:00" endTime="2026-08-24T02:46:32.0776210-03:00" testType="13cdc9d9-ddb5-4fa4-a97d-d965ccfc6d4b" outcome="Passed" testListId="8c84fa94-04c1-424b-9868-57a2d4851a1d" relativeResultsDirectory="8d582a8c-22ea-4630-986f-de0c86bdd445">
      <Output>
        <StdOut>[02:46:31 INF] Now listening on: http://127.0.0.1:64227&#xD;
[02:46:31 INF] Application started. Press Ctrl+C to shut down.&#xD;
[02:46:31 INF] Hosting environment: Testing&#xD;
[02:46:31 INF] Content root path: C:\Users\gutes\OneDrive\Desktop\Super Pasta\Academia do Programador\controle-de-bar-2026\src\ControleDeBar.WebApp&#xD;
[02:46:31 INF] Saved 1 entities to in-memory store.&#xD;
[02:46:32 INF] Application is shutting down...</StdOut>
      </Output>
    </UnitTestResult>
    <UnitTestResult executionId="1ac47b6e-1b8c-45ab-a2ed-c9610efae4e9" testId="11ab8e73-37f3-8102-8e47-e9a839f084d7" testName="Deve_PermitirManteroNomeDuranteEdicao" computerName="DESKTOP-N8P4M4D" duration="00:00:00.8660810" startTime="2026-08-24T02:46:21.0370611-03:00" endTime="2026-08-24T02:46:21.9032739-03:00" testType="13cdc9d9-ddb5-4fa4-a97d-d965ccfc6d4b" outcome="Passed" testListId="8c84fa94-04c1-424b-9868-57a2d4851a1d" relativeResultsDirectory="1ac47b6e-1b8c-45ab-a2ed-c9610efae4e9">
      <Output>
        <StdOut>[02:46:21 INF] Now listening on: http://127.0.0.1:64072&#xD;
[02:46:21 INF] Application started. Press Ctrl+C to shut down.&#xD;
[02:46:21 INF] Hosting environment: Testing&#xD;
[02:46:21 INF] Content root path: C:\Users\gutes\OneDrive\Desktop\Super Pasta\Academia do Programador\controle-de-bar-2026\src\ControleDeBar.WebApp&#xD;
[02:46:21 INF] Saved 1 entities to in-memory store.&#xD;
[02:46:21 INF] Application is shutting down...</StdOut>
      </Output>
    </UnitTestResult>
    <UnitTestResult executionId="3ae9e43c-c74f-4408-94b0-cbaf26f88bd1" testId="1d7ee79f-6313-8d28-923c-fa179b99d1c2" testName="Deve_RejeitarCadastro_DeMesaComDadosInvalidos (1,0,&quot;O campo &quot;Lugares&quot; deve ser maior que zero.&quot;)" computerName="DESKTOP-N8P4M4D" duration="00:00:00.6011264" startTime="2026-08-24T02:46:27.2995360-03:00" endTime="2026-08-24T02:46:27.9007926-03:00" testType="13cdc9d9-ddb5-4fa4-a97d-d965ccfc6d4b" outcome="Passed" testListId="8c84fa94-04c1-424b-9868-57a2d4851a1d" relativeResultsDirectory="3ae9e43c-c74f-4408-94b0-cbaf26f88bd1">
      <Output>
        <StdOut>[02:46:27 INF] Now listening on: http://127.0.0.1:64163&#xD;
[02:46:27 INF] Application started. Press Ctrl+C to shut down.&#xD;
[02:46:27 INF] Hosting environment: Testing&#xD;
[02:46:27 INF] Content root path: C:\Users\gutes\OneDrive\Desktop\Super Pasta\Academia do Programador\controle-de-bar-2026\src\ControleDeBar.WebApp&#xD;
[02:46:27 INF] Saved 1 entities to in-memory store.&#xD;
[02:46:27 INF] Application is shutting down...</StdOut>
      </Output>
    </UnitTestResult>
    <UnitTestResult executionId="90ec0d91-23e9-404c-b783-70845cf5c2cb" testId="1ef8d539-e9d3-8cb2-ba76-faa7ae214218" testName="Deve_EntrarEAutenticar_Usuario_Valido" computerName="DESKTOP-N8P4M4D" duration="00:00:00.5111115" startTime="2026-08-24T02:46:33.2737418-03:00" endTime="2026-08-24T02:46:33.7849890-03:00" testType="13cdc9d9-ddb5-4fa4-a97d-d965ccfc6d4b" outcome="Passed" testListId="8c84fa94-04c1-424b-9868-57a2d4851a1d" relativeResultsDirectory="90ec0d91-23e9-404c-b783-70845cf5c2cb">
      <Output>
        <StdOut>[02:46:33 INF] Now listening on: http://127.0.0.1:64267&#xD;
[02:46:33 INF] Application started. Press Ctrl+C to shut down.&#xD;
[02:46:33 INF] Hosting environment: Testing&#xD;
[02:46:33 INF] Content root path: C:\Users\gutes\OneDrive\Desktop\Super Pasta\Academia do Programador\controle-de-bar-2026\src\ControleDeBar.WebApp&#xD;
[02:46:33 INF] Saved 1 entities to in-memory store.&#xD;
[02:46:33 INF] Application is shutting down...</StdOut>
      </Output>
    </UnitTestResult>
    <UnitTestResult executionId="7f3fe16e-5c0d-40c3-bdaa-f070950e2ee0" testId="1976f256-6eae-88a9-b3a0-ad8ffde49d31" testName="Deve_RejeitarCadastro_DeMesaComDadosInvalidos (0,4,&quot;O campo &quot;Número&quot; deve ser maior que zero.&quot;)" computerName="DESKTOP-N8P4M4D" duration="00:00:00.6106299" startTime="2026-08-24T02:46:26.8658054-03:00" endTime="2026-08-24T02:46:27.4766759-03:00" testType="13cdc9d9-ddb5-4fa4-a97d-d965ccfc6d4b" outcome="Passed" testListId="8c84fa94-04c1-424b-9868-57a2d4851a1d" relativeResultsDirectory="7f3fe16e-5c0d-40c3-bdaa-f070950e2ee0">
      <Output>
        <StdOut>[02:46:26 INF] Now listening on: http://127.0.0.1:64156&#xD;
[02:46:26 INF] Application started. Press Ctrl+C to shut down.&#xD;
[02:46:26 INF] Hosting environment: Testing&#xD;
[02:46:26 INF] Content root path: C:\Users\gutes\OneDrive\Desktop\Super Pasta\Academia do Programador\controle-de-bar-2026\src\ControleDeBar.WebApp&#xD;
[02:46:27 INF] Saved 1 entities to in-memory store.&#xD;
[02:46:27 INF] Application is shutting down...</StdOut>
      </Output>
    </UnitTestResult>
    <UnitTestResult executionId="825398fc-391f-4878-a4fa-d11d3b7721cc" testId="16847ba3-5554-8d07-b2a8-e3e3a096b382" testName="Deve_RejeitarCadastro_DeProdutoComDadosInvalidos (&quot;&quot;,&quot;10.00&quot;,&quot;O campo &quot;Nome&quot; é obrigatório.&quot;)" computerName="DESKTOP-N8P4M4D" duration="00:00:02.7231861" startTime="2026-08-24T02:46:18.2994704-03:00" endTime="2026-08-24T02:46:21.0361479-03:00" testType="13cdc9d9-ddb5-4fa4-a97d-d965ccfc6d4b" outcome="Passed" testListId="8c84fa94-04c1-424b-9868-57a2d4851a1d" relativeResultsDirectory="825398fc-391f-4878-a4fa-d11d3b7721cc">
      <Output>
        <StdOut>[02:46:19 INF] Now listening on: http://127.0.0.1:64055&#xD;
[02:46:19 INF] Application started. Press Ctrl+C to shut down.&#xD;
[02:46:19 INF] Hosting environment: Testing&#xD;
[02:46:19 INF] Content root path: C:\Users\gutes\OneDrive\Desktop\Super Pasta\Academia do Programador\controle-de-bar-2026\src\ControleDeBar.WebApp&#xD;
[02:46:20 INF] Saved 1 entities to in-memory store.&#xD;
[02:46:21 INF] Application is shutting down...</StdOut>
      </Output>
    </UnitTestResult>
    <UnitTestResult executionId="a94d4daf-aaaf-4bd8-8d44-e36cc29a3ce9" testId="121efda6-ab56-8c76-8e02-01536829dfb3" testName="Deve_AdicionarPedido_ComDadosValidos" computerName="DESKTOP-N8P4M4D" duration="00:00:01.2791326" startTime="2026-08-24T02:46:22.8084319-03:00" endTime="2026-08-24T02:46:24.0877039-03:00" testType="13cdc9d9-ddb5-4fa4-a97d-d965ccfc6d4b" outcome="Passed" testListId="8c84fa94-04c1-424b-9868-57a2d4851a1d" relativeResultsDirectory="a94d4daf-aaaf-4bd8-8d44-e36cc29a3ce9">
      <Output>
        <StdOut>[02:46:22 INF] Now listening on: http://127.0.0.1:64107&#xD;
[02:46:22 INF] Application started. Press Ctrl+C to shut down.&#xD;
[02:46:22 INF] Hosting environment: Testing&#xD;
[02:46:22 INF] Content root path: C:\Users\gutes\OneDrive\Desktop\Super Pasta\Academia do Programador\controle-de-bar-2026\src\ControleDeBar.WebApp&#xD;
[02:46:22 INF] Saved 1 entities to in-memory store.&#xD;
[02:46:24 INF] Application is shutting down...</StdOut>
      </Output>
    </UnitTestResult>
    <UnitTestResult executionId="896de819-24b9-46c9-bc79-fe2eae930337" testId="1941bbb8-a7f9-82d0-91f8-9dd57422dbac" testName="Deve_SomarVariasContasFechadasNoMesmoDia" computerName="DESKTOP-N8P4M4D" duration="00:00:02.2129751" startTime="2026-08-24T02:46:29.0209765-03:00" endTime="2026-08-24T02:46:31.2340931-03:00" testType="13cdc9d9-ddb5-4fa4-a97d-d965ccfc6d4b" outcome="Passed" testListId="8c84fa94-04c1-424b-9868-57a2d4851a1d" relativeResultsDirectory="896de819-24b9-46c9-bc79-fe2eae930337">
      <Output>
        <StdOut>[02:46:29 INF] Now listening on: http://127.0.0.1:64203&#xD;
[02:46:29 INF] Application started. Press Ctrl+C to shut down.&#xD;
[02:46:29 INF] Hosting environment: Testing&#xD;
[02:46:29 INF] Content root path: C:\Users\gutes\OneDrive\Desktop\Super Pasta\Academia do Programador\controle-de-bar-2026\src\ControleDeBar.WebApp&#xD;
[02:46:29 INF] Saved 1 entities to in-memory store.&#xD;
[02:46:31 INF] Application is shutting down...</StdOut>
      </Output>
    </UnitTestResult>
    <UnitTestResult executionId="a3497705-b54a-4dfa-af20-d092585d4f09" testId="115adb0e-9391-82b3-a1e4-a5735e201c9d" testName="Deve_RetornarTodos_QuandoBuscaForVazia" computerName="DESKTOP-N8P4M4D" duration="00:00:00.9046201" startTime="2026-08-24T02:46:21.9035207-03:00" endTime="2026-08-24T02:46:22.8083135-03:00" testType="13cdc9d9-ddb5-4fa4-a97d-d965ccfc6d4b" outcome="Passed" testListId="8c84fa94-04c1-424b-9868-57a2d4851a1d" relativeResultsDirectory="a3497705-b54a-4dfa-af20-d092585d4f09">
      <Output>
        <StdOut>[02:46:21 INF] Now listening on: http://127.0.0.1:64091&#xD;
[02:46:21 INF] Application started. Press Ctrl+C to shut down.&#xD;
[02:46:21 INF] Hosting environment: Testing&#xD;
[02:46:21 INF] Content root path: C:\Users\gutes\OneDrive\Desktop\Super Pasta\Academia do Programador\controle-de-bar-2026\src\ControleDeBar.WebApp&#xD;
[02:46:22 INF] Saved 1 entities to in-memory store.&#xD;
[02:46:22 INF] Application is shutting down...</StdOut>
      </Output>
    </UnitTestResult>
    <UnitTestResult executionId="b58095d9-ae40-4104-bbd7-83a50767c034" testId="1d2a31d9-4a71-8a58-9610-1660b57957aa" testName="Deve_AcessarDetalhes_DeContaAberta" computerName="DESKTOP-N8P4M4D" duration="00:00:00.9731451" startTime="2026-08-24T02:46:32.0788120-03:00" endTime="2026-08-24T02:46:33.0521648-03:00" testType="13cdc9d9-ddb5-4fa4-a97d-d965ccfc6d4b" outcome="Passed" testListId="8c84fa94-04c1-424b-9868-57a2d4851a1d" relativeResultsDirectory="b58095d9-ae40-4104-bbd7-83a50767c034">
      <Output>
        <StdOut>[02:46:32 INF] Now listening on: http://127.0.0.1:64245&#xD;
[02:46:32 INF] Application started. Press Ctrl+C to shut down.&#xD;
[02:46:32 INF] Hosting environment: Testing&#xD;
[02:46:32 INF] Content root path: C:\Users\gutes\OneDrive\Desktop\Super Pasta\Academia do Programador\controle-de-bar-2026\src\ControleDeBar.WebApp&#xD;
[02:46:32 INF] Saved 1 entities to in-memory store.&#xD;
[02:46:33 INF] Application is shutting down...</StdOut>
      </Output>
    </UnitTestResult>
  </Results>
  <TestDefinitions>
    <UnitTest name="Deve_RejeitarAdicaoDireta_EmContaFechada" storage="c:\users\gutes\onedrive\desktop\super pasta\academia do programador\controle-de-bar-2026\tests\controledebar.testes.e2e\bin\release\net10.0\controledebar.testes.e2e.dll" id="19a7d65b-039f-8a5d-a21c-81b4e3adbc08">
      <Execution id="3c89fd88-96c0-4df6-b49c-1636589d0c65" />
      <TestMethod codeBase="C:\Users\gutes\OneDrive\Desktop\Super Pasta\Academia do Programador\controle-de-bar-2026\tests\ControleDeBar.Testes.E2E\bin\Release\net10.0\ControleDeBar.Testes.E2E.dll" adapterTypeName="executor://mstestadapter/v4" className="ControleDeBar.Testes.E2E.Modulos.ModuloPedido.PedidoE2ETests" name="Deve_RejeitarAdicaoDireta_EmContaFechada" />
    </UnitTest>
    <UnitTest name="Deve_RejeitarEdicao_ComNomeDuplicado" storage="c:\users\gutes\onedrive\desktop\super pasta\academia do programador\controle-de-bar-2026\tests\controledebar.testes.e2e\bin\release\net10.0\controledebar.testes.e2e.dll" id="1ca4aba5-e3a2-86ab-bc60-86e453d84403">
      <Execution id="edfa473c-2771-4a9f-8f73-e035d3572cf5" />
      <TestMethod codeBase="C:\Users\gutes\OneDrive\Desktop\Super Pasta\Academia do Programador\controle-de-bar-2026\tests\ControleDeBar.Testes.E2E\bin\Release\net10.0\ControleDeBar.Testes.E2E.dll" adapterTypeName="executor://mstestadapter/v4" className="ControleDeBar.Testes.E2E.Modulos.ModuloProduto.ProdutoE2ETests" name="Deve_RejeitarEdicao_ComNomeDuplicado" />
    </UnitTest>
    <UnitTest name="Deve_RejeitarRemocaoDireta_EmContaFechada" storage="c:\users\gutes\onedrive\desktop\super pasta\academia do programador\controle-de-bar-2026\tests\controledebar.testes.e2e\bin\release\net10.0\controledebar.testes.e2e.dll" id="12e54554-e454-870c-87f8-3ce912bd7339">
      <Execution id="209103ed-0380-4f79-84d0-3cd320fd701c" />
      <TestMethod codeBase="C:\Users\gutes\OneDrive\Desktop\Super Pasta\Academia do Programador\controle-de-bar-2026\tests\ControleDeBar.Testes.E2E\bin\Release\net10.0\ControleDeBar.Testes.E2E.dll" adapterTypeName="executor://mstestadapter/v4" className="ControleDeBar.Testes.E2E.Modulos.ModuloPedido.PedidoE2ETests" name="Deve_RejeitarRemocaoDireta_EmContaFechada" />
    </UnitTest>
    <UnitTest name="Deve_RejeitarAdicao_QuandoQuantidadeForZero" storage="c:\users\gutes\onedrive\desktop\super pasta\academia do programador\controle-de-bar-2026\tests\controledebar.testes.e2e\bin\release\net10.0\controledebar.testes.e2e.dll" id="1df690ac-34e6-89c3-81ab-b908bfc2848a">
      <Execution id="0684656a-7867-4b94-9ec3-9ee95423e5f6" />
      <TestMethod codeBase="C:\Users\gutes\OneDrive\Desktop\Super Pasta\Academia do Programador\controle-de-bar-2026\tests\ControleDeBar.Testes.E2E\bin\Release\net10.0\ControleDeBar.Testes.E2E.dll" adapterTypeName="executor://mstestadapter/v4" className="ControleDeBar.Testes.E2E.Modulos.ModuloPedido.PedidoE2ETests" name="Deve_RejeitarAdicao_QuandoQuantidadeForZero" />
    </UnitTest>
    <UnitTest name="Deve_ConsiderarContaFechadaSemPedidosComTotalZero" storage="c:\users\gutes\onedrive\desktop\super pasta\academia do programador\controle-de-bar-2026\tests\controledebar.testes.e2e\bin\release\net10.0\controledebar.testes.e2e.dll" id="14bf8539-9944-8ab3-8329-66dc89805145">
      <Execution id="a0c0b45b-c9d8-4956-9b11-27698074c3de" />
      <TestMethod codeBase="C:\Users\gutes\OneDrive\Desktop\Super Pasta\Academia do Programador\controle-de-bar-2026\tests\ControleDeBar.Testes.E2E\bin\Release\net10.0\ControleDeBar.Testes.E2E.dll" adapterTypeName="executor://mstestadapter/v4" className="ControleDeBar.Testes.E2E.Modulos.ModuloFaturamento.FaturamentoE2ETests" name="Deve_ConsiderarContaFechadaSemPedidosComTotalZero" />
    </UnitTest>
    <UnitTest name="Deve_RemoverApenasUmPedido_EManterOutro" storage="c:\users\gutes\onedrive\desktop\super pasta\academia do programador\controle-de-bar-2026\tests\controledebar.testes.e2e\bin\release\net10.0\controledebar.testes.e2e.dll" id="199c2bac-b8b5-8468-9c51-8e832b7476c7">
      <Execution id="42104b5e-2933-4216-a1c6-9c4fd7bfcd47" />
      <TestMethod codeBase="C:\Users\gutes\OneDrive\Desktop\Super Pasta\Academia do Programador\controle-de-bar-2026\tests\ControleDeBar.Testes.E2E\bin\Release\net10.0\ControleDeBar.Testes.E2E.dll" adapterTypeName="executor://mstestadapter/v4" className="ControleDeBar.Testes.E2E.Modulos.ModuloPedido.PedidoE2ETests" name="Deve_RemoverApenasUmPedido_EManterOutro" />
    </UnitTest>
    <UnitTest name="Deve_RejeitarCadastro_DeMesaComDadosInvalidos (1,0,&quot;O campo &quot;Lugares&quot; deve ser maior que zero.&quot;)" storage="c:\users\gutes\onedrive\desktop\super pasta\academia do programador\controle-de-bar-2026\tests\controledebar.testes.e2e\bin\release\net10.0\controledebar.testes.e2e.dll" id="1d7ee79f-6313-8d28-923c-fa179b99d1c2">
      <Execution id="3ae9e43c-c74f-4408-94b0-cbaf26f88bd1" />
      <TestMethod codeBase="C:\Users\gutes\OneDrive\Desktop\Super Pasta\Academia do Programador\controle-de-bar-2026\tests\ControleDeBar.Testes.E2E\bin\Release\net10.0\ControleDeBar.Testes.E2E.dll" adapterTypeName="executor://mstestadapter/v4" className="ControleDeBar.Testes.E2E.Modulos.ModuloMesa.MesaE2ETests" name="Deve_RejeitarCadastro_DeMesaComDadosInvalidos" />
    </UnitTest>
    <UnitTest name="Deve_RejeitarCadastro_DeProdutoComNomeDuplicado" storage="c:\users\gutes\onedrive\desktop\super pasta\academia do programador\controle-de-bar-2026\tests\controledebar.testes.e2e\bin\release\net10.0\controledebar.testes.e2e.dll" id="1de31288-efa7-8dbe-8320-7e8038998232">
      <Execution id="5803d17c-3475-4935-a2a2-27405027f566" />
      <TestMethod codeBase="C:\Users\gutes\OneDrive\Desktop\Super Pasta\Academia do Programador\controle-de-bar-2026\tests\ControleDeBar.Testes.E2E\bin\Release\net10.0\ControleDeBar.Testes.E2E.dll" adapterTypeName="executor://mstestadapter/v4" className="ControleDeBar.Testes.E2E.Modulos.ModuloProduto.ProdutoE2ETests" name="Deve_RejeitarCadastro_DeProdutoComNomeDuplicado" />
    </UnitTest>
    <UnitTest name="Deve_ExibirZero_QuandoNaoHouverFaturamentoNaData" storage="c:\users\gutes\onedrive\desktop\super pasta\academia do programador\controle-de-bar-2026\tests\controledebar.testes.e2e\bin\release\net10.0\controledebar.testes.e2e.dll" id="12a55309-a5d8-8311-b219-232c086b22f8">
      <Execution id="fac65a09-7620-4149-ae11-cdd66a6b8e44" />
      <TestMethod codeBase="C:\Users\gutes\OneDrive\Desktop\Super Pasta\Academia do Programador\controle-de-bar-2026\tests\ControleDeBar.Testes.E2E\bin\Release\net10.0\ControleDeBar.Testes.E2E.dll" adapterTypeName="executor://mstestadapter/v4" className="ControleDeBar.Testes.E2E.Modulos.ModuloFaturamento.FaturamentoE2ETests" name="Deve_ExibirZero_QuandoNaoHouverFaturamentoNaData" />
    </UnitTest>
    <UnitTest name="Deve_FecharConta_EmFluxoCompleto" storage="c:\users\gutes\onedrive\desktop\super pasta\academia do programador\controle-de-bar-2026\tests\controledebar.testes.e2e\bin\release\net10.0\controledebar.testes.e2e.dll" id="110fc0c9-6aed-8e2b-934c-fdc940b2d368">
      <Execution id="97ccf3cc-4e17-40cd-aaa7-02d982e04f01" />
      <TestMethod codeBase="C:\Users\gutes\OneDrive\Desktop\Super Pasta\Academia do Programador\controle-de-bar-2026\tests\ControleDeBar.Testes.E2E\bin\Release\net10.0\ControleDeBar.Testes.E2E.dll" adapterTypeName="executor://mstestadapter/v4" className="ControleDeBar.Testes.E2E.Modulos.ModuloConta.ContaE2ETests" name="Deve_FecharConta_EmFluxoCompleto" />
    </UnitTest>
    <UnitTest name="Deve_PermitirManteroNomeDuranteEdicao" storage="c:\users\gutes\onedrive\desktop\super pasta\academia do programador\controle-de-bar-2026\tests\controledebar.testes.e2e\bin\release\net10.0\controledebar.testes.e2e.dll" id="11ab8e73-37f3-8102-8e47-e9a839f084d7">
      <Execution id="1ac47b6e-1b8c-45ab-a2ed-c9610efae4e9" />
      <TestMethod codeBase="C:\Users\gutes\OneDrive\Desktop\Super Pasta\Academia do Programador\controle-de-bar-2026\tests\ControleDeBar.Testes.E2E\bin\Release\net10.0\ControleDeBar.Testes.E2E.dll" adapterTypeName="executor://mstestadapter/v4" className="ControleDeBar.Testes.E2E.Modulos.ModuloProduto.ProdutoE2ETests" name="Deve_PermitirManteroNomeDuranteEdicao" />
    </UnitTest>
    <UnitTest name="Deve_ExecutarCrudCompleto_DeProduto" storage="c:\users\gutes\onedrive\desktop\super pasta\academia do programador\controle-de-bar-2026\tests\controledebar.testes.e2e\bin\release\net10.0\controledebar.testes.e2e.dll" id="154553b6-e673-8f89-9dc7-b3c680d42c92">
      <Execution id="6eca9b08-f2fc-4d94-b84e-4b6b462a12d6" />
      <TestMethod codeBase="C:\Users\gutes\OneDrive\Desktop\Super Pasta\Academia do Programador\controle-de-bar-2026\tests\ControleDeBar.Testes.E2E\bin\Release\net10.0\ControleDeBar.Testes.E2E.dll" adapterTypeName="executor://mstestadapter/v4" className="ControleDeBar.Testes.E2E.Modulos.ModuloProduto.ProdutoE2ETests" name="Deve_ExecutarCrudCompleto_DeProduto" />
    </UnitTest>
    <UnitTest name="Deve_ExibirListagemVazia_ParaUsuarioSemMesas" storage="c:\users\gutes\onedrive\desktop\super pasta\academia do programador\controle-de-bar-2026\tests\controledebar.testes.e2e\bin\release\net10.0\controledebar.testes.e2e.dll" id="148115f8-51e3-8e0b-91dc-854d232a9360">
      <Execution id="bbd36c20-a6a7-411a-b950-dc6e175dd26e" />
      <TestMethod codeBase="C:\Users\gutes\OneDrive\Desktop\Super Pasta\Academia do Programador\controle-de-bar-2026\tests\ControleDeBar.Testes.E2E\bin\Release\net10.0\ControleDeBar.Testes.E2E.dll" adapterTypeName="executor://mstestadapter/v4" className="ControleDeBar.Testes.E2E.Modulos.ModuloMesa.MesaE2ETests" name="Deve_ExibirListagemVazia_ParaUsuarioSemMesas" />
    </UnitTest>
    <UnitTest name="Deve_RejeitarCadastro_DeGarcomSemNome" storage="c:\users\gutes\onedrive\desktop\super pasta\academia do programador\controle-de-bar-2026\tests\controledebar.testes.e2e\bin\release\net10.0\controledebar.testes.e2e.dll" id="174dc0d2-b744-8f89-80e7-553cf018a359">
      <Execution id="0ba2a87f-cfbe-4507-ae17-2f671f6e1106" />
      <TestMethod codeBase="C:\Users\gutes\OneDrive\Desktop\Super Pasta\Academia do Programador\controle-de-bar-2026\tests\ControleDeBar.Testes.E2E\bin\Release\net10.0\ControleDeBar.Testes.E2E.dll" adapterTypeName="executor://mstestadapter/v4" className="ControleDeBar.Testes.E2E.Modulos.ModuloGarcom.GarcomE2ETests" name="Deve_RejeitarCadastro_DeGarcomSemNome" />
    </UnitTest>
    <UnitTest name="Deve_PermitirDuasContasNaMesmaMesa" storage="c:\users\gutes\onedrive\desktop\super pasta\academia do programador\controle-de-bar-2026\tests\controledebar.testes.e2e\bin\release\net10.0\controledebar.testes.e2e.dll" id="1a6ae23c-121a-8348-b17f-4de7164f608a">
      <Execution id="782a84a6-06fa-4cfa-88fa-9cb25a7c2e81" />
      <TestMethod codeBase="C:\Users\gutes\OneDrive\Desktop\Super Pasta\Academia do Programador\controle-de-bar-2026\tests\ControleDeBar.Testes.E2E\bin\Release\net10.0\ControleDeBar.Testes.E2E.dll" adapterTypeName="executor://mstestadapter/v4" className="ControleDeBar.Testes.E2E.Modulos.ModuloConta.ContaE2ETests" name="Deve_PermitirDuasContasNaMesmaMesa" />
    </UnitTest>
    <UnitTest name="Deve_AbrirConta_ComDadosValidos" storage="c:\users\gutes\onedrive\desktop\super pasta\academia do programador\controle-de-bar-2026\tests\controledebar.testes.e2e\bin\release\net10.0\controledebar.testes.e2e.dll" id="126681d9-bbd9-828b-b254-20a94c3a2246">
      <Execution id="8d582a8c-22ea-4630-986f-de0c86bdd445" />
      <TestMethod codeBase="C:\Users\gutes\OneDrive\Desktop\Super Pasta\Academia do Programador\controle-de-bar-2026\tests\ControleDeBar.Testes.E2E\bin\Release\net10.0\ControleDeBar.Testes.E2E.dll" adapterTypeName="executor://mstestadapter/v4" className="ControleDeBar.Testes.E2E.Modulos.ModuloConta.ContaE2ETests" name="Deve_AbrirConta_ComDadosValidos" />
    </UnitTest>
    <UnitTest name="Deve_IsolarGarcons_EntreUsuariosDiferentes" storage="c:\users\gutes\onedrive\desktop\super pasta\academia do programador\controle-de-bar-2026\tests\controledebar.testes.e2e\bin\release\net10.0\controledebar.testes.e2e.dll" id="18429867-d945-8350-90d0-af774f261fad">
      <Execution id="bf0beb82-75a1-4707-b44c-84fbeb1d3ce6" />
      <TestMethod codeBase="C:\Users\gutes\OneDrive\Desktop\Super Pasta\Academia do Programador\controle-de-bar-2026\tests\ControleDeBar.Testes.E2E\bin\Release\net10.0\ControleDeBar.Testes.E2E.dll" adapterTypeName="executor://mstestadapter/v4" className="ControleDeBar.Testes.E2E.Modulos.ModuloGarcom.GarcomE2ETests" name="Deve_IsolarGarcons_EntreUsuariosDiferentes" />
    </UnitTest>
    <UnitTest name="Deve_Exibir_TelaDeLogin_ParaUsuarioAnonimo" storage="c:\users\gutes\onedrive\desktop\super pasta\academia do programador\controle-de-bar-2026\tests\controledebar.testes.e2e\bin\release\net10.0\controledebar.testes.e2e.dll" id="1e52200a-9a45-8bce-850d-de7e58c80adc">
      <Execution id="7efb623f-c361-4458-abd2-133ca39345f1" />
      <TestMethod codeBase="C:\Users\gutes\OneDrive\Desktop\Super Pasta\Academia do Programador\controle-de-bar-2026\tests\ControleDeBar.Testes.E2E\bin\Release\net10.0\ControleDeBar.Testes.E2E.dll" adapterTypeName="executor://mstestadapter/v4" className="ControleDeBar.Testes.E2E.Modulos.ModuloAutenticacao.AutenticacaoE2ETests" name="Deve_Exibir_TelaDeLogin_ParaUsuarioAnonimo" />
    </UnitTest>
    <UnitTest name="Deve_RejeitarAbertura_QuandoMesaNaoSelecionada" storage="c:\users\gutes\onedrive\desktop\super pasta\academia do programador\controle-de-bar-2026\tests\controledebar.testes.e2e\bin\release\net10.0\controledebar.testes.e2e.dll" id="140122cd-f099-8628-abde-d7107daa7b43">
      <Execution id="8ae69907-1251-4c95-b441-6c4c0ba5d4fb" />
      <TestMethod codeBase="C:\Users\gutes\OneDrive\Desktop\Super Pasta\Academia do Programador\controle-de-bar-2026\tests\ControleDeBar.Testes.E2E\bin\Release\net10.0\ControleDeBar.Testes.E2E.dll" adapterTypeName="executor://mstestadapter/v4" className="ControleDeBar.Testes.E2E.Modulos.ModuloConta.ContaE2ETests" name="Deve_RejeitarAbertura_QuandoMesaNaoSelecionada" />
    </UnitTest>
    <UnitTest name="Deve_ManterMesaOcupada_AteFechamentoDaUltimaConta" storage="c:\users\gutes\onedrive\desktop\super pasta\academia do programador\controle-de-bar-2026\tests\controledebar.testes.e2e\bin\release\net10.0\controledebar.testes.e2e.dll" id="1d7bdff5-df27-8178-aee2-e29607babc45">
      <Execution id="b316eb05-26d6-4bda-839c-717ee4282c7c" />
      <TestMethod codeBase="C:\Users\gutes\OneDrive\Desktop\Super Pasta\Academia do Programador\controle-de-bar-2026\tests\ControleDeBar.Testes.E2E\bin\Release\net10.0\ControleDeBar.Testes.E2E.dll" adapterTypeName="executor://mstestadapter/v4" className="ControleDeBar.Testes.E2E.Modulos.ModuloConta.ContaE2ETests" name="Deve_ManterMesaOcupada_AteFechamentoDaUltimaConta" />
    </UnitTest>
    <UnitTest name="Deve_RejeitarExclusaoDeProdutoVinculadoAUmPedido" storage="c:\users\gutes\onedrive\desktop\super pasta\academia do programador\controle-de-bar-2026\tests\controledebar.testes.e2e\bin\release\net10.0\controledebar.testes.e2e.dll" id="1bb29a36-eb10-8e7d-a473-90fc7dd529d2">
      <Execution id="ded3a4cc-da14-467f-85cd-6e01ef22a4e2" />
      <TestMethod codeBase="C:\Users\gutes\OneDrive\Desktop\Super Pasta\Academia do Programador\controle-de-bar-2026\tests\ControleDeBar.Testes.E2E\bin\Release\net10.0\ControleDeBar.Testes.E2E.dll" adapterTypeName="executor://mstestadapter/v4" className="ControleDeBar.Testes.E2E.Modulos.ModuloPedido.PedidoE2ETests" name="Deve_RejeitarExclusaoDeProdutoVinculadoAUmPedido" />
    </UnitTest>
    <UnitTest name="Deve_ExibirListagemVazia_ParaUsuarioSemGarcons" storage="c:\users\gutes\onedrive\desktop\super pasta\academia do programador\controle-de-bar-2026\tests\controledebar.testes.e2e\bin\release\net10.0\controledebar.testes.e2e.dll" id="121e7761-ac5e-8820-b12f-8890810549bb">
      <Execution id="4c236c26-1072-4af9-bcd6-eea790e44bcf" />
      <TestMethod codeBase="C:\Users\gutes\OneDrive\Desktop\Super Pasta\Academia do Programador\controle-de-bar-2026\tests\ControleDeBar.Testes.E2E\bin\Release\net10.0\ControleDeBar.Testes.E2E.dll" adapterTypeName="executor://mstestadapter/v4" className="ControleDeBar.Testes.E2E.Modulos.ModuloGarcom.GarcomE2ETests" name="Deve_ExibirListagemVazia_ParaUsuarioSemGarcons" />
    </UnitTest>
    <UnitTest name="Deve_EntrarEAutenticar_Usuario_Valido" storage="c:\users\gutes\onedrive\desktop\super pasta\academia do programador\controle-de-bar-2026\tests\controledebar.testes.e2e\bin\release\net10.0\controledebar.testes.e2e.dll" id="1ef8d539-e9d3-8cb2-ba76-faa7ae214218">
      <Execution id="90ec0d91-23e9-404c-b783-70845cf5c2cb" />
      <TestMethod codeBase="C:\Users\gutes\OneDrive\Desktop\Super Pasta\Academia do Programador\controle-de-bar-2026\tests\ControleDeBar.Testes.E2E\bin\Release\net10.0\ControleDeBar.Testes.E2E.dll" adapterTypeName="executor://mstestadapter/v4" className="ControleDeBar.Testes.E2E.Modulos.ModuloAutenticacao.AutenticacaoE2ETests" name="Deve_EntrarEAutenticar_Usuario_Valido" />
    </UnitTest>
    <UnitTest name="Deve_ExecutarCrudCompleto_DeGarcom" storage="c:\users\gutes\onedrive\desktop\super pasta\academia do programador\controle-de-bar-2026\tests\controledebar.testes.e2e\bin\release\net10.0\controledebar.testes.e2e.dll" id="1b1a4a78-1030-8580-b9f3-f0b065710351">
      <Execution id="3c68c8c0-9a9a-4714-997a-f66f2794fc8d" />
      <TestMethod codeBase="C:\Users\gutes\OneDrive\Desktop\Super Pasta\Academia do Programador\controle-de-bar-2026\tests\ControleDeBar.Testes.E2E\bin\Release\net10.0\ControleDeBar.Testes.E2E.dll" adapterTypeName="executor://mstestadapter/v4" className="ControleDeBar.Testes.E2E.Modulos.ModuloGarcom.GarcomE2ETests" name="Deve_ExecutarCrudCompleto_DeGarcom" />
    </UnitTest>
    <UnitTest name="Deve_RejeitarAdicao_QuandoProdutoNaoSelecionado" storage="c:\users\gutes\onedrive\desktop\super pasta\academia do programador\controle-de-bar-2026\tests\controledebar.testes.e2e\bin\release\net10.0\controledebar.testes.e2e.dll" id="153ab034-f714-85c9-90c4-230110d67936">
      <Execution id="d4f4992f-d74c-4ff9-a13e-1214575aaffd" />
      <TestMethod codeBase="C:\Users\gutes\OneDrive\Desktop\Super Pasta\Academia do Programador\controle-de-bar-2026\tests\ControleDeBar.Testes.E2E\bin\Release\net10.0\ControleDeBar.Testes.E2E.dll" adapterTypeName="executor://mstestadapter/v4" className="ControleDeBar.Testes.E2E.Modulos.ModuloPedido.PedidoE2ETests" name="Deve_RejeitarAdicao_QuandoProdutoNaoSelecionado" />
    </UnitTest>
[...]
[02:46:23 INF] Saved 1 entities to in-memory store.&#xD;
[02:46:23 INF] Saved 1 entities to in-memory store.&#xD;
[02:46:23 WRN] You do not have a valid license key for the Lucky Penny software AutoMapper. This is allowed for development and testing scenarios. If you are running in production you are required to have a licensed version. Please visit https://luckypennysoftware.com to obtain a valid license.&#xD;
[02:46:23 INF] Saved 1 entities to in-memory store.&#xD;
[02:46:23 INF] Saved 2 entities to in-memory store.&#xD;
[02:46:23 INF] Saved 1 entities to in-memory store.&#xD;
[02:46:23 WRN] You do not have a valid license key for the Lucky Penny software AutoMapper. This is allowed for development and testing scenarios. If you are running in production you are required to have a licensed version. Please visit https://luckypennysoftware.com to obtain a valid license.&#xD;
[02:46:23 INF] Saved 1 entities to in-memory store.&#xD;
[02:46:23 INF] Saved 1 entities to in-memory store.&#xD;
[02:46:23 INF] Saved 1 entities to in-memory store.&#xD;
[02:46:23 INF] Saved 1 entities to in-memory store.&#xD;
[02:46:23 INF] Saved 2 entities to in-memory store.&#xD;
[02:46:23 INF] Saved 1 entities to in-memory store.&#xD;
[02:46:23 INF] Saved 1 entities to in-memory store.&#xD;
[02:46:23 INF] Saved 2 entities to in-memory store.&#xD;
[02:46:24 INF] Saved 2 entities to in-memory store.&#xD;
[02:46:24 INF] Saved 1 entities to in-memory store.&#xD;
[02:46:24 WRN] You do not have a valid license key for the Lucky Penny software AutoMapper. This is allowed for development and testing scenarios. If you are running in production you are required to have a licensed version. Please visit https://luckypennysoftware.com to obtain a valid license.&#xD;
[02:46:24 INF] Saved 1 entities to in-memory store.&#xD;
[02:46:24 INF] Saved 1 entities to in-memory store.&#xD;
[02:46:24 INF] Saved 1 entities to in-memory store.&#xD;
[02:46:24 INF] Saved 1 entities to in-memory store.&#xD;
[02:46:24 INF] Saved 1 entities to in-memory store.&#xD;
[02:46:24 WRN] You do not have a valid license key for the Lucky Penny software AutoMapper. This is allowed for development and testing scenarios. If you are running in production you are required to have a licensed version. Please visit https://luckypennysoftware.com to obtain a valid license.&#xD;
[02:46:24 WRN] You do not have a valid license key for the Lucky Penny software AutoMapper. This is allowed for development and testing scenarios. If you are running in production you are required to have a licensed version. Please visit https://luckypennysoftware.com to obtain a valid license.&#xD;
[02:46:24 INF] Saved 1 entities to in-memory store.&#xD;
[02:46:24 INF] Saved 2 entities to in-memory store.&#xD;
[02:46:24 INF] Saved 1 entities to in-memory store.&#xD;
[02:46:24 INF] Saved 1 entities to in-memory store.&#xD;
[02:46:24 INF] Saved 1 entities to in-memory store.&#xD;
[02:46:24 WRN] You do not have a valid license key for the Lucky Penny software AutoMapper. This is allowed for development and testing scenarios. If you are running in production you are required to have a licensed version. Please visit https://luckypennysoftware.com to obtain a valid license.&#xD;
[02:46:24 INF] Saved 1 entities to in-memory store.&#xD;
[02:46:25 INF] Saved 1 entities to in-memory store.&#xD;
[02:46:25 INF] Saved 1 entities to in-memory store.&#xD;
[02:46:25 INF] Saved 2 entities to in-memory store.&#xD;
[02:46:25 INF] Saved 1 entities to in-memory store.&#xD;
[02:46:25 INF] Saved 1 entities to in-memory store.&#xD;
[02:46:25 INF] Saved 2 entities to in-memory store.&#xD;
[02:46:25 INF] Saved 1 entities to in-memory store.&#xD;
[02:46:25 INF] Saved 1 entities to in-memory store.&#xD;
[02:46:25 WRN] You do not have a valid license key for the Lucky Penny software AutoMapper. This is allowed for development and testing scenarios. If you are running in production you are required to have a licensed version. Please visit https://luckypennysoftware.com to obtain a valid license.&#xD;
[02:46:25 INF] Saved 2 entities to in-memory store.&#xD;
[02:46:25 INF] Saved 1 entities to in-memory store.&#xD;
[02:46:25 INF] Saved 1 entities to in-memory store.&#xD;
[02:46:25 INF] Saved 1 entities to in-memory store.&#xD;
[02:46:25 INF] Saved 1 entities to in-memory store.&#xD;
[02:46:25 INF] Saved 1 entities to in-memory store.&#xD;
[02:46:25 INF] Saved 1 entities to in-memory store.&#xD;
[02:46:25 INF] Saved 1 entities to in-memory store.&#xD;
[02:46:25 INF] Saved 1 entities to in-memory store.&#xD;
[02:46:25 INF] Saved 1 entities to in-memory store.&#xD;
[02:46:25 INF] Saved 2 entities to in-memory store.&#xD;
[02:46:25 WRN] You do not have a valid license key for the Lucky Penny software AutoMapper. This is allowed for development and testing scenarios. If you are running in production you are required to have a licensed version. Please visit https://luckypennysoftware.com to obtain a valid license.&#xD;
[02:46:26 INF] Saved 1 entities to in-memory store.&#xD;
[02:46:26 INF] Saved 1 entities to in-memory store.&#xD;
[02:46:26 WRN] You do not have a valid license key for the Lucky Penny software AutoMapper. This is allowed for development and testing scenarios. If you are running in production you are required to have a licensed version. Please visit https://luckypennysoftware.com to obtain a valid license.&#xD;
[02:46:26 INF] Saved 1 entities to in-memory store.&#xD;
[02:46:26 INF] Saved 2 entities to in-memory store.&#xD;
[02:46:26 INF] Saved 1 entities to in-memory store.&#xD;
[02:46:26 INF] Saved 1 entities to in-memory store.&#xD;
[02:46:26 WRN] You do not have a valid license key for the Lucky Penny software AutoMapper. This is allowed for development and testing scenarios. If you are running in production you are required to have a licensed version. Please visit https://luckypennysoftware.com to obtain a valid license.&#xD;
[02:46:26 INF] Saved 2 entities to in-memory store.&#xD;
[02:46:26 INF] Saved 1 entities to in-memory store.&#xD;
[02:46:26 INF] Saved 1 entities to in-memory store.&#xD;
[02:46:26 INF] Saved 1 entities to in-memory store.&#xD;
[02:46:26 INF] Saved 1 entities to in-memory store.&#xD;
[02:46:26 INF] Saved 2 entities to in-memory store.&#xD;
[02:46:26 INF] Saved 2 entities to in-memory store.&#xD;
[02:46:26 INF] Saved 1 entities to in-memory store.&#xD;
[02:46:26 WRN] You do not have a valid license key for the Lucky Penny software AutoMapper. This is allowed for development and testing scenarios. If you are running in production you are required to have a licensed version. Please visit https://luckypennysoftware.com to obtain a valid license.&#xD;
[02:46:26 INF] Saved 2 entities to in-memory store.&#xD;
[02:46:26 INF] Saved 1 entities to in-memory store.&#xD;
[02:46:27 INF] Saved 1 entities to in-memory store.&#xD;
[02:46:27 INF] Saved 2 entities to in-memory store.&#xD;
[02:46:27 WRN] You do not have a valid license key for the Lucky Penny software AutoMapper. This is allowed for development and testing scenarios. If you are running in production you are required to have a licensed version. Please visit https://luckypennysoftware.com to obtain a valid license.&#xD;
[02:46:27 WRN] You do not have a valid license key for the Lucky Penny software AutoMapper. This is allowed for development and testing scenarios. If you are running in production you are required to have a licensed version. Please visit https://luckypennysoftware.com to obtain a valid license.&#xD;
[02:46:27 INF] Saved 1 entities to in-memory store.&#xD;
[02:46:27 INF] Saved 1 entities to in-memory store.&#xD;
[02:46:27 WRN] You do not have a valid license key for the Lucky Penny software AutoMapper. This is allowed for development and testing scenarios. If you are running in production you are required to have a licensed version. Please visit https://luckypennysoftware.com to obtain a valid license.&#xD;
[02:46:27 INF] Saved 1 entities to in-memory store.&#xD;
[02:46:27 WRN] You do not have a valid license key for the Lucky Penny software AutoMapper. This is allowed for development and testing scenarios. If you are running in production you are required to have a licensed version. Please visit https://luckypennysoftware.com to obtain a valid license.&#xD;
[02:46:27 INF] Saved 1 entities to in-memory store.&#xD;
[02:46:27 WRN] You do not have a valid license key for the Lucky Penny software AutoMapper. This is allowed for development and testing scenarios. If you are running in production you are required to have a licensed version. Please visit https://luckypennysoftware.com to obtain a valid license.&#xD;
[02:46:28 INF] Saved 1 entities to in-memory store.&#xD;
[02:46:28 WRN] You do not have a valid license key for the Lucky Penny software AutoMapper. This is allowed for development and testing scenarios. If you are running in production you are required to have a licensed version. Please visit https://luckypennysoftware.com to obtain a valid license.&#xD;
[02:46:28 WRN] You do not have a valid license key for the Lucky Penny software AutoMapper. This is allowed for development and testing scenarios. If you are running in production you are required to have a licensed version. Please visit https://luckypennysoftware.com to obtain a valid license.&#xD;
[02:46:28 INF] Saved 1 entities to in-memory store.&#xD;
[02:46:28 INF] Saved 1 entities to in-memory store.&#xD;
[02:46:28 WRN] You do not have a valid license key for the Lucky Penny software AutoMapper. This is allowed for development and testing scenarios. If you are running in production you are required to have a licensed version. Please visit https://luckypennysoftware.com to obtain a valid license.&#xD;
[02:46:28 INF] Saved 1 entities to in-memory store.&#xD;
[02:46:28 WRN] You do not have a valid license key for the Lucky Penny software AutoMapper. This is allowed for development and testing scenarios. If you are running in production you are required to have a licensed version. Please visit https://luckypennysoftware.com to obtain a valid license.&#xD;
[02:46:28 INF] Saved 1 entities to in-memory store.&#xD;
[02:46:28 INF] Saved 1 entities to in-memory store.&#xD;
[02:46:28 WRN] You do not have a valid license key for the Lucky Penny software AutoMapper. This is allowed for development and testing scenarios. If you are running in production you are required to have a licensed version. Please visit https://luckypennysoftware.com to obtain a valid license.&#xD;
[02:46:28 INF] Saved 1 entities to in-memory store.&#xD;
[02:46:29 WRN] You do not have a valid license key for the Lucky Penny software AutoMapper. This is allowed for development and testing scenarios. If you are running in production you are required to have a licensed version. Please visit https://luckypennysoftware.com to obtain a valid license.&#xD;
[02:46:29 WRN] You do not have a valid license key for the Lucky Penny software AutoMapper. This is allowed for development and testing scenarios. If you are running in production you are required to have a licensed version. Please visit https://luckypennysoftware.com to obtain a valid license.&#xD;
[02:46:29 INF] Saved 1 entities to in-memory store.&#xD;
[02:46:29 INF] Saved 1 entities to in-memory store.&#xD;
[02:46:29 WRN] You do not have a valid license key for the Lucky Penny software AutoMapper. This is allowed for development and testing scenarios. If you are running in production you are required to have a licensed version. Please visit https://luckypennysoftware.com to obtain a valid license.&#xD;
[02:46:29 INF] Saved 1 entities to in-memory store.&#xD;
[02:46:29 INF] Saved 1 entities to in-memory store.&#xD;
[02:46:29 INF] Saved 1 entities to in-memory store.&#xD;
[02:46:29 WRN] You do not have a valid license key for the Lucky Penny software AutoMapper. This is allowed for development and testing scenarios. If you are running in production you are required to have a licensed version. Please visit https://luckypennysoftware.com to obtain a valid license.&#xD;
[02:46:29 INF] Saved 1 entities to in-memory store.&#xD;
[02:46:29 INF] Saved 2 entities to in-memory store.&#xD;
[02:46:29 WRN] You do not have a valid license key for the Lucky Penny software AutoMapper. This is allowed for development and testing scenarios. If you are running in production you are required to have a licensed version. Please visit https://luckypennysoftware.com to obtain a valid license.&#xD;
[02:46:29 INF] Saved 1 entities to in-memory store.&#xD;
[02:46:29 INF] Saved 1 entities to in-memory store.&#xD;
[02:46:29 INF] Saved 1 entities to in-memory store.&#xD;
[02:46:29 INF] Saved 1 entities to in-memory store.&#xD;
[02:46:29 INF] Saved 1 entities to in-memory store.&#xD;
[02:46:30 INF] Saved 1 entities to in-memory store.&#xD;
[02:46:30 INF] Saved 2 entities to in-memory store.&#xD;
[02:46:30 INF] Saved 2 entities to in-memory store.&#xD;
[02:46:30 INF] Saved 2 entities to in-memory store.&#xD;
[02:46:30 INF] Saved 1 entities to in-memory store.&#xD;
[02:46:30 WRN] You do not have a valid license key for the Lucky Penny software AutoMapper. This is allowed for development and testing scenarios. If you are running in production you are required to have a licensed version. Please visit https://luckypennysoftware.com to obtain a valid license.&#xD;
[02:46:30 INF] Saved 2 entities to in-memory store.&#xD;
[02:46:30 INF] Saved 1 entities to in-memory store.&#xD;
[02:46:30 INF] Saved 1 entities to in-memory store.&#xD;
[02:46:30 INF] Saved 1 entities to in-memory store.&#xD;
[02:46:30 INF] Saved 2 entities to in-memory store.&#xD;
[02:46:30 WRN] You do not have a valid license key for the Lucky Penny software AutoMapper. This is allowed for development and testing scenarios. If you are running in production you are required to have a licensed version. Please visit https://luckypennysoftware.com to obtain a valid license.&#xD;
[02:46:30 INF] Saved 2 entities to in-memory store.&#xD;
[02:46:30 INF] Saved 1 entities to in-memory store.&#xD;
[02:46:30 INF] Saved 1 entities to in-memory store.&#xD;
[02:46:31 INF] Saved 2 entities to in-memory store.&#xD;
[02:46:31 INF] Saved 1 entities to in-memory store.&#xD;
[02:46:31 WRN] You do not have a valid license key for the Lucky Penny software AutoMapper. This is allowed for development and testing scenarios. If you are running in production you are required to have a licensed version. Please visit https://luckypennysoftware.com to obtain a valid license.&#xD;
[02:46:31 INF] Saved 2 entities to in-memory store.&#xD;
[02:46:31 INF] Saved 1 entities to in-memory store.&#xD;
[02:46:31 INF] Saved 2 entities to in-memory store.&#xD;
[02:46:31 INF] Saved 1 entities to in-memory store.&#xD;
[02:46:31 WRN] You do not have a valid license key for the Lucky Penny software AutoMapper. This is allowed for development and testing scenarios. If you are running in production you are required to have a licensed version. Please visit https://luckypennysoftware.com to obtain a valid license.&#xD;
[02:46:31 WRN] You do not have a valid license key for the Lucky Penny software AutoMapper. This is allowed for development and testing scenarios. If you are running in production you are required to have a licensed version. Please visit https://luckypennysoftware.com to obtain a valid license.&#xD;
[02:46:31 INF] Saved 1 entities to in-memory store.&#xD;
[02:46:31 INF] Saved 1 entities to in-memory store.&#xD;
[02:46:31 WRN] You do not have a valid license key for the Lucky Penny software AutoMapper. This is allowed for development and testing scenarios. If you are running in production you are required to have a licensed version. Please visit https://luckypennysoftware.com to obtain a valid license.&#xD;
[02:46:31 INF] Saved 1 entities to in-memory store.&#xD;
[02:46:31 INF] Saved 1 entities to in-memory store.&#xD;
[02:46:31 INF] Saved 1 entities to in-memory store.&#xD;
[02:46:31 INF] Saved 2 entities to in-memory store.&#xD;
[02:46:31 INF] Saved 1 entities to in-memory store.&#xD;
[02:46:32 INF] Saved 2 entities to in-memory store.&#xD;
[02:46:32 WRN] You do not have a valid license key for the Lucky Penny software AutoMapper. This is allowed for development and testing scenarios. If you are running in production you are required to have a licensed version. Please visit https://luckypennysoftware.com to obtain a valid license.&#xD;
[02:46:32 WRN] You do not have a valid license key for the Lucky Penny software AutoMapper. This is allowed for development and testing scenarios. If you are running in production you are required to have a licensed version. Please visit https://luckypennysoftware.com to obtain a valid license.&#xD;
[02:46:32 WRN] You do not have a valid license key for the Lucky Penny software AutoMapper. This is allowed for development and testing scenarios. If you are running in production you are required to have a licensed version. Please visit https://luckypennysoftware.com to obtain a valid license.&#xD;
[02:46:32 WRN] You do not have a valid license key for the Lucky Penny software AutoMapper. This is allowed for development and testing scenarios. If you are running in production you are required to have a licensed version. Please visit https://luckypennysoftware.com to obtain a valid license.&#xD;
[02:46:32 INF] Saved 1 entities to in-memory store.&#xD;
[02:46:32 INF] Saved 1 entities to in-memory store.&#xD;
[02:46:32 INF] Saved 1 entities to in-memory store.&#xD;
[02:46:32 INF] Saved 1 entities to in-memory store.&#xD;
[02:46:32 INF] Saved 1 entities to in-memory store.&#xD;
[02:46:32 INF] Saved 1 entities to in-memory store.&#xD;
[02:46:32 INF] Saved 1 entities to in-memory store.&#xD;
[02:46:32 INF] Saved 2 entities to in-memory store.&#xD;
[02:46:32 INF] Saved 2 entities to in-memory store.&#xD;
[02:46:32 INF] Saved 2 entities to in-memory store.&#xD;
[02:46:32 INF] Saved 1 entities to in-memory store.&#xD;
[02:46:33 INF] Saved 1 entities to in-memory store.&#xD;
[02:46:33 WRN] You do not have a valid license key for the Lucky Penny software AutoMapper. This is allowed for development and testing scenarios. If you are running in production you are required to have a licensed version. Please visit https://luckypennysoftware.com to obtain a valid license.&#xD;
[02:46:33 INF] Saved 1 entities to in-memory store.&#xD;
[02:46:33 INF] Saved 1 entities to in-memory store.&#xD;
[02:46:33 INF] Saved 1 entities to in-memory store.&#xD;
[02:46:33 INF] Saved 1 entities to in-memory store.&#xD;
[02:46:33 INF] Saved 2 entities to in-memory store.&#xD;
[02:46:33 INF] Saved 2 entities to in-memory store.&#xD;
[02:46:33 INF] Saved 2 entities to in-memory store.&#xD;
[02:46:33 INF] Saved 1 entities to in-memory store.&#xD;
[02:46:34 WRN] You do not have a valid license key for the Lucky Penny software AutoMapper. This is allowed for development and testing scenarios. If you are running in production you are required to have a licensed version. Please visit https://luckypennysoftware.com to obtain a valid license.&#xD;
[02:46:34 WRN] You do not have a valid license key for the Lucky Penny software AutoMapper. This is allowed for development and testing scenarios. If you are running in production you are required to have a licensed version. Please visit https://luckypennysoftware.com to obtain a valid license.&#xD;
[02:46:34 INF] Saved 1 entities to in-memory store.&#xD;
[02:46:34 INF] Saved 1 entities to in-memory store.&#xD;
[02:46:34 INF] Saved 1 entities to in-memory store.&#xD;
[02:46:34 INF] Saved 2 entities to in-memory store.&#xD;
[02:46:35 INF] Saved 1 entities to in-memory store.&#xD;
[02:46:35 INF] Saved 2 entities to in-memory store.&#xD;
</StdOut>
    </Output>
  </ResultSummary>
</TestRun>